Log file open, 11/04/18 02:50:16
LogWindows: Failed to load 'aqProf.dll' (GetLastError=126)
LogWindows: File 'aqProf.dll' does not exist
LogWindows: Failed to load 'VSPerf140.dll' (GetLastError=126)
LogWindows: File 'VSPerf140.dll' does not exist
LogWindows: Failed to load 'VtuneApi.dll' (GetLastError=126)
LogWindows: File 'VtuneApi.dll' does not exist
LogWindows: Failed to load 'VtuneApi32e.dll' (GetLastError=126)
LogWindows: File 'VtuneApi32e.dll' does not exist
LogInit: Display: Running engine for game: GJ_TeamCarry
LogPlatformFile: Not using cached read wrapper
LogTaskGraph: Started task graph with 5 named threads and 23 total threads with 3 sets of task threads.
LogStats: Stats thread started at 0.463703
LogD3D11RHI: Loaded GFSDK_Aftermath_Lib.x64.dll
LogICUInternationalization: Display: ICU TimeZone Detection - Raw Offset: +2:00, Platform Override: ''
LogPluginManager: Mounting plugin Paper2D
LogPluginManager: Mounting plugin AISupport
LogPluginManager: Mounting plugin LightPropagationVolume
LogPluginManager: Mounting plugin CLionSourceCodeAccess
LogPluginManager: Mounting plugin CodeLiteSourceCodeAccess
LogPluginManager: Mounting plugin GitSourceControl
LogPluginManager: Mounting plugin KDevelopSourceCodeAccess
LogPluginManager: Mounting plugin NullSourceCodeAccess
LogPluginManager: Mounting plugin PerforceSourceControl
LogPluginManager: Mounting plugin SubversionSourceControl
LogPluginManager: Mounting plugin UObjectPlugin
LogPluginManager: Mounting plugin VisualStudioCodeSourceCodeAccess
LogPluginManager: Mounting plugin VisualStudioSourceCodeAccess
LogPluginManager: Mounting plugin XCodeSourceCodeAccess
LogPluginManager: Mounting plugin AssetManagerEditor
LogPluginManager: Mounting plugin CryptoKeys
LogPluginManager: Mounting plugin DataValidation
LogPluginManager: Mounting plugin FacialAnimation
LogPluginManager: Mounting plugin GameplayTagsEditor
LogPluginManager: Mounting plugin MacGraphicsSwitching
LogPluginManager: Mounting plugin MeshEditor
LogPluginManager: Mounting plugin MobileLauncherProfileWizard
LogPluginManager: Mounting plugin PluginBrowser
LogPluginManager: Mounting plugin SpeedTreeImporter
LogPluginManager: Mounting plugin DatasmithContent
LogPluginManager: Mounting plugin AlembicImporter
LogPluginManager: Mounting plugin AppleImageUtils
LogPluginManager: Mounting plugin AppleVision
LogPluginManager: Mounting plugin BackChannel
LogPluginManager: Mounting plugin CharacterAI
LogPluginManager: Mounting plugin GeometryCache
LogPluginManager: Mounting plugin HTML5Networking
LogPluginManager: Mounting plugin ProxyLODPlugin
LogPluginManager: Mounting plugin MagicLeap
LogPluginManager: Mounting plugin MagicLeapEmulator
LogPluginManager: Mounting plugin MagicLeapMedia
LogPluginManager: Mounting plugin AndroidMedia
LogPluginManager: Mounting plugin AvfMedia
LogPluginManager: Mounting plugin ImgMedia
LogPluginManager: Mounting plugin LinearTimecode
LogPluginManager: Mounting plugin MediaCompositing
LogPluginManager: Mounting plugin MediaPlayerEditor
LogPluginManager: Mounting plugin WmfMedia
LogPluginManager: Mounting plugin TcpMessaging
LogPluginManager: Mounting plugin UdpMessaging
LogPluginManager: Mounting plugin ActorSequence
LogPluginManager: Mounting plugin LevelSequenceEditor
LogPluginManager: Mounting plugin MatineeToLevelSequence
LogPluginManager: Mounting plugin NetcodeUnitTest
LogPluginManager: Mounting plugin NUTUnrealEngine4
LogPluginManager: Mounting plugin OnlineSubsystemGooglePlay
LogPluginManager: Mounting plugin OnlineSubsystemIOS
LogPluginManager: Mounting plugin OnlineSubsystem
LogPluginManager: Mounting plugin OnlineSubsystemNull
LogPluginManager: Mounting plugin OnlineSubsystemUtils
LogPluginManager: Mounting plugin LauncherChunkInstaller
LogPluginManager: Mounting plugin AndroidDeviceProfileSelector
LogPluginManager: Mounting plugin AndroidMoviePlayer
LogPluginManager: Mounting plugin AndroidPermission
LogPluginManager: Mounting plugin AppleMoviePlayer
LogPluginManager: Mounting plugin ArchVisCharacter
LogPluginManager: Mounting plugin AudioCapture
LogPluginManager: Mounting plugin CableComponent
LogPluginManager: Mounting plugin CustomMeshComponent
LogPluginManager: Mounting plugin EditableMesh
LogPluginManager: Mounting plugin ExampleDeviceProfileSelector
LogPluginManager: Mounting plugin GoogleCloudMessaging
LogPluginManager: Mounting plugin ImmediatePhysics
LogPluginManager: Mounting plugin IOSDeviceProfileSelector
LogPluginManager: Mounting plugin LinuxDeviceProfileSelector
LogPluginManager: Mounting plugin LocationServicesBPLibrary
LogPluginManager: Mounting plugin MobilePatchingUtils
LogPluginManager: Mounting plugin OculusVR
LogPluginManager: Plugin shader directory ../../../Engine/Plugins/Runtime/Oculus/OculusVR/Shaders found
LogPluginManager: Mapping shader source directory ../../../Engine/Plugins/Runtime/Oculus/OculusVR/Shaders to virtual directory /Plugin/OculusVR
LogPluginManager: Mounting plugin PhysXVehicles
LogPluginManager: Mounting plugin ProceduralMeshComponent
LogPluginManager: Mounting plugin RuntimePhysXCooking
LogPluginManager: Mounting plugin SteamVR
LogPluginManager: Mounting plugin WindowsMoviePlayer
LogStreaming: Display: Took  0.236s to configure plugins.
LogInit: Using libcurl 7.55.1-DEV
LogInit:  - built for x86_64-pc-win32
LogInit:  - supports SSL with OpenSSL/1.0.2h
LogInit:  - supports HTTP deflate (compression) using libz 1.2.8
LogInit:  - other features:
LogInit:      CURL_VERSION_SSL
LogInit:      CURL_VERSION_LIBZ
LogInit:      CURL_VERSION_IPV6
LogInit:      CURL_VERSION_ASYNCHDNS
LogInit:      CURL_VERSION_LARGEFILE
LogInit:      CURL_VERSION_IDN
LogInit:  CurlRequestOptions (configurable via config and command line):
LogInit:  - bVerifyPeer = false  - Libcurl will NOT verify peer certificate
LogInit:  - bUseHttpProxy = false  - Libcurl will NOT use HTTP proxy
LogInit:  - bDontReuseConnections = false  - Libcurl will reuse connections
LogInit:  - CertBundlePath = nullptr  - Libcurl will use whatever was configured at build time.
LogInit:  - MaxHostConnections = 16  - Libcurl will limit the number of connections to a host
LogInit:  - LocalHostAddr = Default
LogInit:  - BufferSize = 65536
LogInit: WinSock: version 1.1 (2.2), MaxSocks=32767, MaxUdp=65467
LogInit: Build: ++UE4+Release-4.20-CL-4369336
LogInit: Engine Version: 4.20.3-4369336+++UE4+Release-4.20
LogInit: Compatible Engine Version: 4.20.0-4212847+++UE4+Release-4.20
LogInit: Net CL: 4212847
LogInit: OS: Windows 10 (), CPU: Intel(R) Core(TM) i7-4710HQ CPU @ 2.50GHz, GPU: Intel(R) HD Graphics 4600
LogInit: Compiled (64-bit): Sep 17 2018 12:26:19
LogInit: Compiled with Visual C++: 19.13.26129.00
LogInit: Build Configuration: Development
LogInit: Branch Name: ++UE4+Release-4.20
LogInit: Command Line:  
LogInit: Base Directory: C:/Program Files/Epic Games/UE_4.20/Engine/Binaries/Win64/
LogInit: Installed Engine Build: 1
LogDevObjectVersion: Number of dev versions registered: 20
LogDevObjectVersion:   Dev-Blueprints (B0D832E4-1F89-4F0D-ACCF-7EB736FD4AA2): 10
LogDevObjectVersion:   Dev-Build (E1C64328-A22C-4D53-A36C-8E866417BD8C): 0
LogDevObjectVersion:   Dev-Core (375EC13C-06E4-48FB-B500-84F0262A717E): 2
LogDevObjectVersion:   Dev-Editor (E4B068ED-F494-42E9-A231-DA0B2E46BB41): 24
LogDevObjectVersion:   Dev-Framework (CFFC743F-43B0-4480-9391-14DF171D2073): 34
LogDevObjectVersion:   Dev-Mobile (B02B49B5-BB20-44E9-A304-32B752E40360): 2
LogDevObjectVersion:   Dev-Networking (A4E4105C-59A1-49B5-A7C5-40C4547EDFEE): 0
LogDevObjectVersion:   Dev-Online (39C831C9-5AE6-47DC-9A44-9C173E1C8E7C): 0
LogDevObjectVersion:   Dev-Physics (78F01B33-EBEA-4F98-B9B4-84EACCB95AA2): 0
LogDevObjectVersion:   Dev-Platform (6631380F-2D4D-43E0-8009-CF276956A95A): 0
LogDevObjectVersion:   Dev-Rendering (12F88B9F-8875-4AFC-A67C-D90C383ABD29): 26
LogDevObjectVersion:   Dev-Sequencer (7B5AE74C-D270-4C10-A958-57980B212A5A): 9
LogDevObjectVersion:   Dev-VR (D7296918-1DD6-4BDD-9DE2-64A83CC13884): 2
LogDevObjectVersion:   Dev-LoadTimes (C2A15278-BFE7-4AFE-6C17-90FF531DF755): 1
LogDevObjectVersion:   Private-Geometry (6EACA3D4-40EC-4CC1-B786-8BED09428FC5): 3
LogDevObjectVersion:   Dev-AnimPhys (29E575DD-E0A3-4627-9D10-D276232CDCEA): 17
LogDevObjectVersion:   Dev-ReflectionCapture (6B266CEC-1EC7-4B8F-A30B-E4D90942FC07): 1
LogDevObjectVersion:   Dev-Automation (0DF73D61-A23F-47EA-B727-89E90C41499A): 1
LogDevObjectVersion:   FortniteMain (601D1886-AC64-4F84-AA16-D3DE0DEAC7D6): 12
LogDevObjectVersion:   Dev-Enterprise (9DFFBCD6-494F-0158-E221-12823C92A888): 1
LogStreaming: Display: Took  0.017s to delete old logs.
LogInit: Presizing for max 8388607 objects, including 0 objects not considered by GC, pre-allocating 0 bytes for permanent pool.
LogInit: Object subsystem initialized
[2018.11.03-23.50.17:190][  0]LogInit: Selected Device Profile: [Windows]
[2018.11.03-23.50.17:190][  0]LogInit: Applying CVar settings loaded from the selected device profile: [Windows]
[2018.11.03-23.50.17:285][  0]LogHAL: Display: Platform has ~ 16 GB [17087881216 / 17179869184 / 16], which maps to Larger [LargestMinGB=32, LargerMinGB=12, DefaultMinGB=8, SmallerMinGB=6, SmallestMinGB=0)
[2018.11.03-23.50.17:286][  0]LogInit: Setting Device Profile CVar: [[r.Vulkan.UseRealUBs:1]]
[2018.11.03-23.50.17:286][  0]LogInit: Going up to parent DeviceProfile []
[2018.11.03-23.50.17:321][  0]LogInit: Computer: DESKTOP-28I2SJ6
[2018.11.03-23.50.17:321][  0]LogInit: User: mglenovo
[2018.11.03-23.50.17:321][  0]LogInit: CPU Page size=4096, Cores=4
[2018.11.03-23.50.17:321][  0]LogInit: High frequency timer resolution =2.435781 MHz
[2018.11.03-23.50.17:321][  0]LogMemory: Memory total: Physical=15.9GB (16GB approx)
[2018.11.03-23.50.17:321][  0]LogMemory: Platform Memory Stats for Windows
[2018.11.03-23.50.17:321][  0]LogMemory: Process Physical Memory: 101.02 MB used, 101.02 MB peak
[2018.11.03-23.50.17:321][  0]LogMemory: Process Virtual Memory: 96.38 MB used, 96.38 MB peak
[2018.11.03-23.50.17:321][  0]LogMemory: Physical Memory: 3815.10 MB used,  12481.18 MB free, 16296.27 MB total
[2018.11.03-23.50.17:321][  0]LogMemory: Virtual Memory: 4650.40 MB used,  12481.18 MB free, 134217728.00 MB total
[2018.11.03-23.50.17:391][  0]LogInit: Using OS detected language (tr-TR).
[2018.11.03-23.50.17:391][  0]LogInit: Using OS detected locale (tr-TR).
[2018.11.03-23.50.17:393][  0]LogTextLocalizationManager: No localization for 'tr-TR' exists, so 'en' will be used for the language.
[2018.11.03-23.50.17:993][  0]LogStreaming: Display: Took  0.601s to InitEngineTextLocalization.
[2018.11.03-23.50.17:993][  0]LogInit: Setting process to per monitor DPI aware
[2018.11.03-23.50.18:237][  0]LogSlate: New Slate User Created.  User Index 0, Is Virtual User: 0
[2018.11.03-23.50.18:237][  0]LogSlate: Slate User Registered.  User Index 0, Is Virtual User: 0
[2018.11.03-23.50.26:480][  0]LogHMD: Failed to initialize OpenVR with code 110
[2018.11.03-23.50.26:480][  0]LogD3D11RHI: D3D11 adapters:
[2018.11.03-23.50.26:528][  0]LogD3D11RHI:    0. 'NVIDIA GeForce GTX 860M' (Feature Level 11_0)
[2018.11.03-23.50.26:528][  0]LogD3D11RHI:       4064/0/8148 MB DedicatedVideo/DedicatedSystem/SharedSystem, Outputs:1, VendorId:0x10de
[2018.11.03-23.50.26:537][  0]LogD3D11RHI:    1. 'Intel(R) HD Graphics 4600' (Feature Level 11_0)
[2018.11.03-23.50.26:537][  0]LogD3D11RHI:       112/0/2048 MB DedicatedVideo/DedicatedSystem/SharedSystem, Outputs:0, VendorId:0x8086
[2018.11.03-23.50.26:540][  0]LogD3D11RHI:    2. 'Microsoft Basic Render Driver' (Feature Level 11_0)
[2018.11.03-23.50.26:540][  0]LogD3D11RHI:       0/0/8148 MB DedicatedVideo/DedicatedSystem/SharedSystem, Outputs:0, VendorId:0x1414
[2018.11.03-23.50.26:540][  0]LogD3D11RHI: Chosen D3D11 Adapter: 0
[2018.11.03-23.50.26:581][  0]LogD3D11RHI: Creating new Direct3DDevice
[2018.11.03-23.50.26:581][  0]LogD3D11RHI:     GPU DeviceId: 0x1392 (for the marketing name, search the web for "GPU Device Id")
[2018.11.03-23.50.26:581][  0]LogWindows: EnumDisplayDevices:
[2018.11.03-23.50.26:581][  0]LogWindows:    0. 'Intel(R) HD Graphics 4600' (P:1 D:1)
[2018.11.03-23.50.26:582][  0]LogWindows:    1. 'Intel(R) HD Graphics 4600' (P:0 D:0)
[2018.11.03-23.50.26:582][  0]LogWindows:    2. 'Intel(R) HD Graphics 4600' (P:0 D:0)
[2018.11.03-23.50.26:583][  0]LogWindows: DebugString: PrimaryIsNotTheChoosenAdapter PrimaryIsNotTheChoosenAdapter PrimaryIsNotTheChoosenAdapter FoundDriverCount:0 
[2018.11.03-23.50.26:583][  0]LogD3D11RHI:     Adapter Name: NVIDIA GeForce GTX 860M
[2018.11.03-23.50.26:583][  0]LogD3D11RHI:   Driver Version: Unknown (internal:Unknown, unified:Unknown)
[2018.11.03-23.50.26:583][  0]LogD3D11RHI:      Driver Date: Unknown
[2018.11.03-23.50.26:583][  0]LogRHI: Texture pool is 2845 MB (70% of 4064 MB)
[2018.11.03-23.50.26:618][  0]LogD3D11RHI: Async texture creation enabled
[2018.11.03-23.50.26:633][  0]LogD3D11RHI: GPU Timing Frequency: 1000.000000 (Debug: 2 1)
[2018.11.03-23.50.26:634][  0]LogShaderCompilers: Guid format shader working directory is -34 characters bigger than the processId version (../../../../../../Users/mg-lenovo/Documents/GitHub/TeamCarry/TeamCarry/GJ_TeamCarry/Intermediate/Shaders/WorkingDirectory/12532/).
[2018.11.03-23.50.26:635][  0]LogShaderCompilers: Cleaned the shader compiler working directory 'C:/Users/mg-lenovo/AppData/Local/Temp/UnrealShaderWorkingDir/74EDFA324DA4A320BEA67C9E03A859F4/'.
[2018.11.03-23.50.27:218][  0]LogTemp: Display: Loaded TP AllDesktopTargetPlatform
[2018.11.03-23.50.27:239][  0]LogTemp: Display: Loaded TP MacClientTargetPlatform
[2018.11.03-23.50.27:261][  0]LogTemp: Display: Loaded TP MacNoEditorTargetPlatform
[2018.11.03-23.50.27:282][  0]LogTemp: Display: Loaded TP MacServerTargetPlatform
[2018.11.03-23.50.27:363][  0]LogTemp: Display: Loaded TP MacTargetPlatform
[2018.11.03-23.50.27:396][  0]LogTemp: Display: Loaded TP WindowsClientTargetPlatform
[2018.11.03-23.50.27:420][  0]LogTemp: Display: Loaded TP WindowsNoEditorTargetPlatform
[2018.11.03-23.50.27:444][  0]LogTemp: Display: Loaded TP WindowsServerTargetPlatform
[2018.11.03-23.50.27:455][  0]LogTemp: Display: Loaded TP WindowsTargetPlatform
[2018.11.03-23.50.27:591][  0]LogTemp: Display: Loaded TP AndroidTargetPlatform
[2018.11.03-23.50.27:591][  0]LogTemp: Display: Loaded TP AndroidTargetPlatform
[2018.11.03-23.50.27:591][  0]LogTemp: Display: Loaded TP AndroidTargetPlatform
[2018.11.03-23.50.27:591][  0]LogTemp: Display: Loaded TP AndroidTargetPlatform
[2018.11.03-23.50.27:591][  0]LogTemp: Display: Loaded TP AndroidTargetPlatform
[2018.11.03-23.50.27:591][  0]LogTemp: Display: Loaded TP AndroidTargetPlatform
[2018.11.03-23.50.27:591][  0]LogTemp: Display: Loaded TP AndroidTargetPlatform
[2018.11.03-23.50.27:591][  0]LogTemp: Display: Loaded TP AndroidTargetPlatform
[2018.11.03-23.50.27:591][  0]LogTemp: Display: Loaded TP AndroidTargetPlatform
[2018.11.03-23.50.27:591][  0]LogTemp: Display: Loaded TP AndroidTargetPlatform
[2018.11.03-23.50.27:592][  0]LogTemp: Display: Loaded TP AndroidTargetPlatform
[2018.11.03-23.50.27:592][  0]LogTemp: Display: Loaded TP AndroidTargetPlatform
[2018.11.03-23.50.27:592][  0]LogTemp: Display: Loaded TP AndroidTargetPlatform
[2018.11.03-23.50.27:592][  0]LogTemp: Display: Loaded TP AndroidTargetPlatform
[2018.11.03-23.50.27:592][  0]LogTemp: Display: Loaded TP AndroidTargetPlatform
[2018.11.03-23.50.27:592][  0]LogTemp: Display: Loaded TP AndroidTargetPlatform
[2018.11.03-23.50.27:592][  0]LogTemp: Display: Loaded TP AndroidTargetPlatform
[2018.11.03-23.50.27:592][  0]LogTemp: Display: Loaded TP AndroidTargetPlatform
[2018.11.03-23.50.27:594][  0]LogTemp: Display: Loaded TP HTML5TargetPlatform
[2018.11.03-23.50.27:701][  0]LogTemp: Display: Loaded TP IOSTargetPlatform
[2018.11.03-23.50.27:701][  0]LogTemp: Display: Loaded TP IOSTargetPlatform
[2018.11.03-23.50.27:737][  0]LogTemp: Display: Loaded TP TVOSTargetPlatform
[2018.11.03-23.50.27:737][  0]LogTemp: Display: Loaded TP TVOSTargetPlatform
[2018.11.03-23.50.27:756][  0]LogTemp: Display: Loaded TP LinuxClientTargetPlatform
[2018.11.03-23.50.27:777][  0]LogTemp: Display: Loaded TP LinuxNoEditorTargetPlatform
[2018.11.03-23.50.27:795][  0]LogTemp: Display: Loaded TP LinuxServerTargetPlatform
[2018.11.03-23.50.27:838][  0]LogTemp: Display: Loaded TP LinuxTargetPlatform
[2018.11.03-23.50.27:852][  0]LogTemp: Display: Loaded TP LuminTargetPlatform
[2018.11.03-23.50.27:852][  0]LogTargetPlatformManager: Display: Building Assets For Windows
[2018.11.03-23.50.27:997][  0]LogXGEController: Cleaning working directory: C:/Users/mg-lenovo/AppData/Local/Temp/UnrealXGEWorkingDir/
[2018.11.03-23.50.27:998][  0]LogXGEController: Cannot use XGE Controller as Incredibuild is not installed on this machine.
[2018.11.03-23.50.27:998][  0]LogShaderCompilers: Cannot use XGE Shader Compiler as Incredibuild is not installed on this machine.
[2018.11.03-23.50.27:998][  0]LogShaderCompilers: Display: Using Local Shader Compiler.
[2018.11.03-23.50.31:984][  0]LogDerivedDataCache: Display: Max Cache Size: 512 MB
[2018.11.03-23.50.32:439][  0]LogDerivedDataCache: Loaded boot cache 0.45s 71MB C:/Users/mg-lenovo/AppData/Local/UnrealEngine/4.20/DerivedDataCache/Boot.ddc.
[2018.11.03-23.50.32:441][  0]LogDerivedDataCache: Display: Loaded Boot cache: C:/Users/mg-lenovo/AppData/Local/UnrealEngine/4.20/DerivedDataCache/Boot.ddc
[2018.11.03-23.50.32:441][  0]LogDerivedDataCache: FDerivedDataBackendGraph:  Pak pak cache file ../../../../../../Users/mg-lenovo/Documents/GitHub/TeamCarry/TeamCarry/GJ_TeamCarry/DerivedDataCache/DDC.ddp not found, will not use a pak cache.
[2018.11.03-23.50.32:442][  0]LogDerivedDataCache: Unable to find inner node Pak for hierarchical cache Hierarchy.
[2018.11.03-23.50.32:442][  0]LogDerivedDataCache: FDerivedDataBackendGraph:  CompressedPak pak cache file ../../../../../../Users/mg-lenovo/Documents/GitHub/TeamCarry/TeamCarry/GJ_TeamCarry/DerivedDataCache/Compressed.ddp not found, will not use a pak cache.
[2018.11.03-23.50.32:442][  0]LogDerivedDataCache: Unable to find inner node CompressedPak for hierarchical cache Hierarchy.
[2018.11.03-23.50.32:459][  0]LogDerivedDataCache: Display: Pak cache opened for reading ../../../Engine/DerivedDataCache/Compressed.ddp.
[2018.11.03-23.50.32:472][  0]LogDerivedDataCache: Using Local data cache path C:/Users/mg-lenovo/AppData/Local/UnrealEngine/Common/DerivedDataCache: Writable
[2018.11.03-23.50.32:472][  0]LogDerivedDataCache: Shared data cache path not found in *engine.ini, will not use an Shared cache.
[2018.11.03-23.50.32:472][  0]LogDerivedDataCache: Unable to find inner node Shared for hierarchical cache Hierarchy.
[2018.11.03-23.50.32:500][  0]LogMaterial: Verifying Global Shaders for PCD3D_SM5
[2018.11.03-23.50.32:502][  0]LogSlate: Using FreeType 2.6.0
[2018.11.03-23.50.32:527][  0]LogSlate: SlateFontServices - WITH_FREETYPE: 1, WITH_HARFBUZZ: 1
[2018.11.03-23.50.34:783][  0]LogAssetRegistry: FAssetRegistry took 0.0368 seconds to start up
[2018.11.03-23.50.35:252][  0]LogInit: Selected Device Profile: [Windows]
[2018.11.03-23.50.35:548][  0]LogSimplygon: Simplygon DLL not present - disabling.
[2018.11.03-23.50.35:555][  0]LogMeshReduction: Using SimplygonSwarm for distributed automatic mesh merging
[2018.11.03-23.50.35:555][  0]LogMeshReduction: Using ProxyLODMeshReduction for automatic mesh merging
[2018.11.03-23.50.35:555][  0]LogMeshReduction: Using QuadricMeshReduction for automatic static mesh reduction
[2018.11.03-23.50.35:555][  0]LogMeshReduction: No automatic skeletal mesh reduction module available
[2018.11.03-23.50.35:593][  0]LogNetVersion: GJ_TeamCarry 1.0.0, NetCL: 4212847, EngineNetVer: 5, GameNetVer: 0 (Checksum: 3632271904)
[2018.11.03-23.50.36:846][  0]LogPackageLocalizationCache: Processed 11 localized package path(s) for 1 prioritized culture(s) in 0.082014 seconds
[2018.11.03-23.50.36:855][  0]LogUObjectArray: 38425 objects as part of root set at end of initial load.
[2018.11.03-23.50.36:855][  0]LogUObjectAllocator: 6690864 out of 0 bytes used by permanent object pool.
[2018.11.03-23.50.36:855][  0]LogUObjectArray: CloseDisregardForGC: 0/0 objects in disregard for GC pool
[2018.11.03-23.51.27:553][  0]LogTcpMessaging: Initializing TcpMessaging bridge
[2018.11.03-23.51.27:567][  0]LogUdpMessaging: Initializing bridge on interface 0.0.0.0:0 to multicast group 230.0.0.1:6666.
[2018.11.03-23.51.28:198][  0]SourceControl: Source control is disabled
[2018.11.03-23.51.28:198][  0]SourceControl: Source control is disabled
[2018.11.03-23.51.28:204][  0]SourceControl: Source control is disabled
[2018.11.03-23.51.28:207][  0]SourceControl: Source control is disabled
[2018.11.03-23.51.28:614][  0]LogAndroidPermission: UAndroidPermissionCallbackProxy::GetInstance
[2018.11.03-23.51.28:727][  0]LogOcInput: OculusInput pre-init called
[2018.11.03-23.51.28:873][  0]LogEngine: Initializing Engine...
[2018.11.03-23.51.28:874][  0]LogHMD: Failed to initialize OpenVR with code 110
[2018.11.03-23.51.28:875][  0]LogStats: UGameplayTagsManager::ConstructGameplayTagTree: ImportINI prefixes -  0.000 s
[2018.11.03-23.51.28:875][  0]LogStats: UGameplayTagsManager::ConstructGameplayTagTree: Construct from data asset -  0.000 s
[2018.11.03-23.51.28:876][  0]LogStats: UGameplayTagsManager::ConstructGameplayTagTree: ImportINI -  0.000 s
[2018.11.03-23.51.28:876][  0]LogStats: UGameplayTagsManager::ConstructGameplayTagTree: GameplayTagTreeChangedEvent.Broadcast -  0.000 s
[2018.11.03-23.51.29:111][  0]LogInit: Initializing FReadOnlyCVARCache
[2018.11.03-23.51.29:131][  0]LogAIModule: Creating AISystem for world Untitled
[2018.11.03-23.51.29:150][  0]LogInit: XAudio2 using 'Hoparlör (C-Media USB Audio Device   )' : 2 channels at 48 kHz using 16 bits per sample (channel mask 0x3)
[2018.11.03-23.51.29:168][  0]LogInit: FAudioDevice initialized.
[2018.11.03-23.51.29:168][  0]LogNetVersion: Set ProjectVersion to 1.0.0.0. Version Checksum will be recalculated on next use.
[2018.11.03-23.51.29:764][  0]LogDerivedDataCache: Saved boot cache 0.60s 71MB C:/Users/mg-lenovo/AppData/Local/UnrealEngine/4.20/DerivedDataCache/Boot.ddc.
[2018.11.03-23.51.29:840][  0]LogInit: Texture streaming: Enabled
[2018.11.03-23.51.29:865][  0]LogEngineSessionManager: EngineSessionManager initialized
[2018.11.03-23.51.29:889][  0]LogInit: Transaction tracking system initialized
[2018.11.03-23.51.29:926][  0]BlueprintLog: New page: Editor Load
[2018.11.03-23.51.30:148][  0]LocalizationService: Localization service is disabled
[2018.11.03-23.51.30:749][  0]LogCook: Display: Max memory allowance for cook 16384mb min free memory 0mb
[2018.11.03-23.51.30:749][  0]LogCook: Display: Mobile HDR setting 1
[2018.11.03-23.51.30:749][  0]LogGameplayTags: Display: UGameplayTagsManager::DoneAddingNativeTags. DelegateIsBound: 0
[2018.11.03-23.51.30:749][  0]LogStats: UGameplayTagsManager::ConstructGameplayTagTree: ImportINI prefixes -  0.000 s
[2018.11.03-23.51.30:749][  0]LogStats: UGameplayTagsManager::ConstructGameplayTagTree: Construct from data asset -  0.000 s
[2018.11.03-23.51.30:749][  0]LogStats: UGameplayTagsManager::ConstructGameplayTagTree: ImportINI -  0.000 s
[2018.11.03-23.51.30:749][  0]LogStats: UGameplayTagsManager::ConstructGameplayTagTree: GameplayTagTreeChangedEvent.Broadcast -  0.000 s
[2018.11.03-23.51.31:332][  0]LogFileCache: Scanning file cache for directory 'C:/Users/mg-lenovo/Documents/GitHub/TeamCarry/TeamCarry/GJ_TeamCarry/Content/' took 0.03s
[2018.11.03-23.51.32:158][  0]SourceControl: Source control is disabled
[2018.11.03-23.51.32:158][  0]Cmd: MAP LOAD FILE="../../../../../../Users/mg-lenovo/Documents/GitHub/TeamCarry/TeamCarry/GJ_TeamCarry/Content/FirstPersonBP/Maps/FirstPersonExampleMap.umap" TEMPLATE=0 SHOWPROGRESS=1 FEATURELEVEL=3
[2018.11.03-23.51.32:159][  0]LightingResults: New page: Lighting Build
[2018.11.03-23.51.32:163][  0]MapCheck: New page: Map Check
[2018.11.03-23.51.32:163][  0]LightingResults: New page: Lighting Build
[2018.11.03-23.51.33:391][  0]LogAIModule: Creating AISystem for world FirstPersonExampleMap
[2018.11.03-23.51.33:468][  0]LogEditorServer: Finished looking for orphan Actors (0.000 secs)
[2018.11.03-23.51.33:519][  0]Cmd: MAP CHECKDEP NOCLEARLOG
[2018.11.03-23.51.33:644][  0]MapCheck: Map check complete: 0 Error(s), 0 Warning(s), took 125,512ms to complete.
[2018.11.03-23.51.33:644][  0]LogFileHelpers: Loading map 'FirstPersonExampleMap' took 1.487
[2018.11.03-23.51.33:836][  0]LogSlate: Updating window title bar state: overlay mode, drag disabled, window buttons hidden, title bar hidden
[2018.11.03-23.51.33:843][  0]LogSlate: Updating window title bar state: overlay mode, drag disabled, window buttons hidden, title bar hidden
[2018.11.03-23.51.33:851][  0]LogSlate: Updating window title bar state: overlay mode, drag disabled, window buttons hidden, title bar hidden
[2018.11.03-23.51.33:859][  0]LogSlate: Updating window title bar state: overlay mode, drag disabled, window buttons hidden, title bar hidden
[2018.11.03-23.51.33:872][  0]LogCollectionManager: Loaded 0 collections in 0.003051 seconds
[2018.11.03-23.51.33:916][  0]LogFileCache: Scanning file cache for directory 'C:/Users/mg-lenovo/Documents/GitHub/TeamCarry/TeamCarry/GJ_TeamCarry/Saved/Collections/' took 0.01s
[2018.11.03-23.51.33:916][  0]LogFileCache: Scanning file cache for directory 'C:/Users/mg-lenovo/Documents/GitHub/TeamCarry/TeamCarry/GJ_TeamCarry/Content/Developers/mglenovo/Collections/' took 0.01s
[2018.11.03-23.51.33:916][  0]LogFileCache: Scanning file cache for directory 'C:/Users/mg-lenovo/Documents/GitHub/TeamCarry/TeamCarry/GJ_TeamCarry/Content/Collections/' took 0.01s
[2018.11.03-23.51.33:917][  0]LogCollectionManager: Rebuilt the GUID cache for 0 collections in 0.000000 seconds
[2018.11.03-23.51.33:927][  0]LogContentBrowser: Native class hierarchy populated in 0.0099 seconds. Added 2572 classes and 603 folders.
[2018.11.03-23.51.33:936][  0]LogContentBrowser: Native class hierarchy updated for 'WidgetCarousel' in 0.0003 seconds. Added 0 classes and 0 folders.
[2018.11.03-23.51.35:669][  0]LogContentBrowser: Native class hierarchy updated for 'AddContentDialog' in 0.0004 seconds. Added 0 classes and 0 folders.
[2018.11.03-23.51.35:684][  0]LogContentBrowser: Native class hierarchy updated for 'SceneOutliner' in 0.0004 seconds. Added 1 classes and 2 folders.
[2018.11.03-23.51.35:818][  0]LogSlate: Took 0.039632 seconds to synchronously load lazily loaded font '../../../Engine/Content/Slate/Fonts/Roboto-Regular.ttf' (155K)
[2018.11.03-23.51.35:856][  0]LogSlate: Took 0.036767 seconds to synchronously load lazily loaded font '../../../Engine/Content/Slate/Fonts/Roboto-Bold.ttf' (160K)
[2018.11.03-23.51.35:893][  0]LogSlate: Took 0.031584 seconds to synchronously load lazily loaded font '../../../Engine/Content/Editor/Slate/Fonts/FontAwesome.ttf' (139K)
[2018.11.03-23.51.36:042][  0]LogRenderer: Reallocating scene render targets to support 956x468 Format 10 NumSamples 1 (Frame:1).
[2018.11.03-23.51.36:215][  0]LogContentBrowser: Native class hierarchy updated for 'HierarchicalLODOutliner' in 0.0004 seconds. Added 0 classes and 0 folders.
[2018.11.03-23.51.36:215][  0]LogLoad: (Engine Initialization) Total time: 86.53 seconds
[2018.11.03-23.51.36:215][  0]LogLoad: (Engine Initialization) Total Blueprint compile time: 0.00 seconds
[2018.11.03-23.51.36:253][  0]LogContentStreaming: Texture pool size now 1000 MB
[2018.11.03-23.51.36:500][  0]LogSlate: Took 0.091697 seconds to synchronously load lazily loaded font '../../../Engine/Content/Slate/Fonts/Roboto-Light.ttf' (167K)
[2018.11.03-23.51.47:476][642]LogAssetRegistry: Asset discovery search completed in 72.7150 seconds
[2018.11.03-23.51.47:477][642]LogCollectionManager: Rebuilt the object cache for 0 collections in 0.000000 seconds (found 0 objects)
[2018.11.03-23.51.47:477][642]LogCollectionManager: Fixed up redirectors for 0 collections in 0.000052 seconds (updated 0 objects)
[2018.11.03-23.51.48:505][702]LogSlate: FSceneViewport::OnFocusLost() reason 0
[2018.11.03-23.51.51:251][853]LogTemp: Repeating last play command: Selected Viewport
[2018.11.03-23.51.51:280][853]LogBlueprintUserMessages: Early PlayInEditor Detection: Level '/Game/FirstPersonBP/Maps/FirstPersonExampleMap.FirstPersonExampleMap:PersistentLevel' has LevelScriptBlueprint '/Game/FirstPersonBP/Maps/FirstPersonExampleMap.FirstPersonExampleMap:PersistentLevel.FirstPersonExampleMap' with GeneratedClass '/Game/FirstPersonBP/Maps/FirstPersonExampleMap.FirstPersonExampleMap_C' with ClassGeneratedBy '/Game/FirstPersonBP/Maps/FirstPersonExampleMap.FirstPersonExampleMap:PersistentLevel.FirstPersonExampleMap'
[2018.11.03-23.51.51:280][853]LogPlayLevel: PlayLevel: No blueprints needed recompiling
[2018.11.03-23.51.51:294][853]PIE: New page: PIE session: FirstPersonExampleMap (4 Kas 2018 04:51:51)
[2018.11.03-23.51.51:294][853]LogPlayLevel: Creating play world package: /Game/FirstPersonBP/Maps/UEDPIE_0_FirstPersonExampleMap
[2018.11.03-23.51.51:347][853]LogPlayLevel: PIE: StaticDuplicateObject took: (0.052860s)
[2018.11.03-23.51.51:348][853]LogAIModule: Creating AISystem for world FirstPersonExampleMap
[2018.11.03-23.51.51:349][853]LogPlayLevel: PIE: World Init took: (0.001752s)
[2018.11.03-23.51.51:349][853]LogPlayLevel: PIE: Created PIE world by copying editor world from /Game/FirstPersonBP/Maps/FirstPersonExampleMap.FirstPersonExampleMap to /Game/FirstPersonBP/Maps/UEDPIE_0_FirstPersonExampleMap.FirstPersonExampleMap (0.054911s)
[2018.11.03-23.51.51:381][853]LogInit: XAudio2 using 'Hoparlör (C-Media USB Audio Device   )' : 2 channels at 48 kHz using 16 bits per sample (channel mask 0x3)
[2018.11.03-23.51.51:391][853]LogInit: FAudioDevice initialized.
[2018.11.03-23.51.51:435][853]LogLoad: Game class is 'GM_Volkan_C'
[2018.11.03-23.51.51:442][853]LogWorld: Bringing World /Game/FirstPersonBP/Maps/UEDPIE_0_FirstPersonExampleMap.FirstPersonExampleMap up for play (max tick rate 60) at 2018.11.04-02.51.51
[2018.11.03-23.51.51:444][853]LogWorld: Bringing up level for play took: 0.003862
[2018.11.03-23.51.51:464][853]LogContentBrowser: Native class hierarchy updated for 'MovieSceneCapture' in 0.0003 seconds. Added 10 classes and 0 folders.
[2018.11.03-23.51.51:467][853]PIE: Play in editor start time for /Game/FirstPersonBP/Maps/UEDPIE_0_FirstPersonExampleMap -0,415
[2018.11.03-23.51.51:467][853]LogBlueprintUserMessages: Late PlayInEditor Detection: Level '/Game/FirstPersonBP/Maps/FirstPersonExampleMap.FirstPersonExampleMap:PersistentLevel' has LevelScriptBlueprint '/Game/FirstPersonBP/Maps/FirstPersonExampleMap.FirstPersonExampleMap:PersistentLevel.FirstPersonExampleMap' with GeneratedClass '/Game/FirstPersonBP/Maps/FirstPersonExampleMap.FirstPersonExampleMap_C' with ClassGeneratedBy '/Game/FirstPersonBP/Maps/FirstPersonExampleMap.FirstPersonExampleMap:PersistentLevel.FirstPersonExampleMap'
[2018.11.03-23.51.56:043][115]LogBlueprintUserMessages: [MyCharacter_C_0] 90
[2018.11.03-23.51.56:043][115]LogBlueprintUserMessages: [MyCharacter_C_0] 72.0
[2018.11.03-23.51.56:826][162]LogBlueprintUserMessages: [MyCharacter_C_0] 80
[2018.11.03-23.51.56:826][162]LogBlueprintUserMessages: [MyCharacter_C_0] 74.0
[2018.11.03-23.52.03:859][584]LogBlueprintUserMessages: [MyCharacter_C_0] 70
[2018.11.03-23.52.03:859][584]LogBlueprintUserMessages: [MyCharacter_C_0] 76.0
[2018.11.03-23.52.18:928][488]LogBlueprintUserMessages: [MyCharacter_C_0] 60
[2018.11.03-23.52.18:928][488]LogBlueprintUserMessages: [MyCharacter_C_0] 78.0
[2018.11.03-23.52.21:097][618]LogBlueprintUserMessages: [MyCharacter_C_0] 50
[2018.11.03-23.52.21:097][618]LogBlueprintUserMessages: [MyCharacter_C_0] 80.0
[2018.11.03-23.52.21:247][627]LogBlueprintUserMessages: [MyCharacter_C_0] 40
[2018.11.03-23.52.21:247][627]LogBlueprintUserMessages: [MyCharacter_C_0] 82.0
[2018.11.03-23.52.21:413][637]LogBlueprintUserMessages: [MyCharacter_C_0] 30
[2018.11.03-23.52.21:413][637]LogBlueprintUserMessages: [MyCharacter_C_0] 84.0
[2018.11.03-23.52.21:564][646]LogBlueprintUserMessages: [MyCharacter_C_0] 20
[2018.11.03-23.52.21:564][646]LogBlueprintUserMessages: [MyCharacter_C_0] 86.0
[2018.11.03-23.52.21:764][658]LogBlueprintUserMessages: [MyCharacter_C_0] 10
[2018.11.03-23.52.21:764][658]LogBlueprintUserMessages: [MyCharacter_C_0] 88.0
[2018.11.03-23.52.21:947][669]LogBlueprintUserMessages: [MyCharacter_C_0] 0
[2018.11.03-23.52.21:948][669]LogBlueprintUserMessages: [MyCharacter_C_0] 90.0
[2018.11.03-23.52.21:948][669]Cmd: RestartLevel
[2018.11.03-23.52.21:963][670]LogNet: Browse: /Game/FirstPersonBP/Maps/FirstPersonExampleMap?restart
[2018.11.03-23.52.21:963][670]LogLoad: LoadMap: /Game/FirstPersonBP/Maps/FirstPersonExampleMap
[2018.11.03-23.52.21:989][670]LogPlayLevel: Creating play world package: /Game/FirstPersonBP/Maps/UEDPIE_0_FirstPersonExampleMap
[2018.11.03-23.52.22:004][670]LogPlayLevel: PIE: StaticDuplicateObject took: (0.015273s)
[2018.11.03-23.52.22:005][670]LogAIModule: Creating AISystem for world FirstPersonExampleMap
[2018.11.03-23.52.22:005][670]LogPlayLevel: PIE: World Init took: (0.000823s)
[2018.11.03-23.52.22:005][670]LogPlayLevel: PIE: Created PIE world by copying editor world from /Game/FirstPersonBP/Maps/FirstPersonExampleMap.FirstPersonExampleMap to /Game/FirstPersonBP/Maps/UEDPIE_0_FirstPersonExampleMap.FirstPersonExampleMap (0.016301s)
[2018.11.03-23.52.22:005][670]LogLoad: Game class is 'GM_Volkan_C'
[2018.11.03-23.52.22:022][670]LogWorld: Bringing World /Game/FirstPersonBP/Maps/UEDPIE_0_FirstPersonExampleMap.FirstPersonExampleMap up for play (max tick rate 60) at 2018.11.04-02.52.22
[2018.11.03-23.52.22:023][670]LogWorld: Bringing up level for play took: 0.016894
[2018.11.03-23.52.22:026][670]LogLoad: Took 0.062231 seconds to LoadMap(/Game/FirstPersonBP/Maps/UEDPIE_0_FirstPersonExampleMap)
[2018.11.03-23.52.27:035][970]LogBlueprintUserMessages: [MyCharacter_C_0] 90
[2018.11.03-23.52.27:036][970]LogBlueprintUserMessages: [MyCharacter_C_0] 72.0
[2018.11.03-23.52.28:485][ 57]LogBlueprintUserMessages: [MyCharacter_C_0] 80
[2018.11.03-23.52.28:485][ 57]LogBlueprintUserMessages: [MyCharacter_C_0] 74.0
[2018.11.03-23.52.29:585][123]LogBlueprintUserMessages: [MyCharacter_C_0] 70
[2018.11.03-23.52.29:586][123]LogBlueprintUserMessages: [MyCharacter_C_0] 76.0
[2018.11.03-23.52.31:569][242]LogBlueprintUserMessages: [MyCharacter_C_0] 60
[2018.11.03-23.52.31:569][242]LogBlueprintUserMessages: [MyCharacter_C_0] 78.0
[2018.11.03-23.52.32:485][297]LogBlueprintUserMessages: [MyCharacter_C_0] 50
[2018.11.03-23.52.32:485][297]LogBlueprintUserMessages: [MyCharacter_C_0] 80.0
[2018.11.03-23.52.33:769][374]LogBlueprintUserMessages: [MyCharacter_C_0] 40
[2018.11.03-23.52.33:769][374]LogBlueprintUserMessages: [MyCharacter_C_0] 82.0
[2018.11.03-23.52.37:287][585]LogBlueprintUserMessages: [MyCharacter_C_0] 30
[2018.11.03-23.52.37:287][585]LogBlueprintUserMessages: [MyCharacter_C_0] 84.0
[2018.11.03-23.52.40:219][761]LogBlueprintUserMessages: [MyCharacter_C_0] 20
[2018.11.03-23.52.40:219][761]LogBlueprintUserMessages: [MyCharacter_C_0] 86.0
[2018.11.03-23.52.41:346][828]LogSpawn: Warning: SpawnActor failed because of collision at the spawn location [X=682.179 Y=274.542 Z=292.699] for [FPProjectile_C]
[2018.11.03-23.52.42:927][923]LogBlueprintUserMessages: [MyCharacter_C_0] 10
[2018.11.03-23.52.42:927][923]LogBlueprintUserMessages: [MyCharacter_C_0] 88.0
[2018.11.03-23.52.43:862][979]LogSpawn: Warning: SpawnActor failed because of collision at the spawn location [X=-135.449 Y=146.775 Z=297.313] for [FPProjectile_C]
[2018.11.03-23.52.44:711][ 30]LogBlueprintUserMessages: [MyCharacter_C_0] 0
[2018.11.03-23.52.44:711][ 30]LogBlueprintUserMessages: [MyCharacter_C_0] 90.0
[2018.11.03-23.52.44:711][ 30]Cmd: RestartLevel
[2018.11.03-23.52.44:727][ 31]LogNet: Browse: /Game/FirstPersonBP/Maps/FirstPersonExampleMap?restart
[2018.11.03-23.52.44:728][ 31]LogLoad: LoadMap: /Game/FirstPersonBP/Maps/FirstPersonExampleMap
[2018.11.03-23.52.44:760][ 31]LogPlayLevel: Creating play world package: /Game/FirstPersonBP/Maps/UEDPIE_0_FirstPersonExampleMap
[2018.11.03-23.52.44:779][ 31]LogPlayLevel: PIE: StaticDuplicateObject took: (0.018326s)
[2018.11.03-23.52.44:780][ 31]LogAIModule: Creating AISystem for world FirstPersonExampleMap
[2018.11.03-23.52.44:780][ 31]LogPlayLevel: PIE: World Init took: (0.001059s)
[2018.11.03-23.52.44:780][ 31]LogPlayLevel: PIE: Created PIE world by copying editor world from /Game/FirstPersonBP/Maps/FirstPersonExampleMap.FirstPersonExampleMap to /Game/FirstPersonBP/Maps/UEDPIE_0_FirstPersonExampleMap.FirstPersonExampleMap (0.019604s)
[2018.11.03-23.52.44:780][ 31]LogLoad: Game class is 'GM_Volkan_C'
[2018.11.03-23.52.44:800][ 31]LogWorld: Bringing World /Game/FirstPersonBP/Maps/UEDPIE_0_FirstPersonExampleMap.FirstPersonExampleMap up for play (max tick rate 60) at 2018.11.04-02.52.44
[2018.11.03-23.52.44:801][ 31]LogWorld: Bringing up level for play took: 0.019733
[2018.11.03-23.52.44:804][ 31]LogLoad: Took 0.076206 seconds to LoadMap(/Game/FirstPersonBP/Maps/UEDPIE_0_FirstPersonExampleMap)
[2018.11.03-23.52.47:145][171]LogBlueprintUserMessages: [MyCharacter_C_0] 90
[2018.11.03-23.52.47:145][171]LogBlueprintUserMessages: [MyCharacter_C_0] 72.0
[2018.11.03-23.52.48:528][254]LogBlueprintUserMessages: [MyCharacter_C_0] 80
[2018.11.03-23.52.48:528][254]LogBlueprintUserMessages: [MyCharacter_C_0] 74.0
[2018.11.03-23.52.50:211][355]LogBlueprintUserMessages: [MyCharacter_C_0] 70
[2018.11.03-23.52.50:211][355]LogBlueprintUserMessages: [MyCharacter_C_0] 76.0
[2018.11.03-23.52.51:011][403]LogBlueprintUserMessages: [MyCharacter_C_0] 60
[2018.11.03-23.52.51:011][403]LogBlueprintUserMessages: [MyCharacter_C_0] 78.0
[2018.11.03-23.52.52:464][489]LogBlueprintUserMessages: [MyCharacter_C_0] 50
[2018.11.03-23.52.52:464][489]LogBlueprintUserMessages: [MyCharacter_C_0] 80.0
[2018.11.03-23.52.53:413][546]LogBlueprintUserMessages: [MyCharacter_C_0] 40
[2018.11.03-23.52.53:413][546]LogBlueprintUserMessages: [MyCharacter_C_0] 82.0
[2018.11.03-23.52.54:215][594]LogSpawn: Warning: SpawnActor failed because of collision at the spawn location [X=-1199.999 Y=-792.414 Z=302.734] for [FPProjectile_C]
[2018.11.03-23.52.55:113][648]LogBlueprintUserMessages: [MyCharacter_C_0] 30
[2018.11.03-23.52.55:114][648]LogBlueprintUserMessages: [MyCharacter_C_0] 84.0
[2018.11.03-23.52.56:513][732]LogBlueprintUserMessages: [MyCharacter_C_0] 20
[2018.11.03-23.52.56:513][732]LogBlueprintUserMessages: [MyCharacter_C_0] 86.0
[2018.11.03-23.52.58:431][847]LogBlueprintUserMessages: [MyCharacter_C_0] 10
[2018.11.03-23.52.58:431][847]LogBlueprintUserMessages: [MyCharacter_C_0] 88.0
[2018.11.03-23.52.59:697][923]LogBlueprintUserMessages: [MyCharacter_C_0] 0
[2018.11.03-23.52.59:697][923]LogBlueprintUserMessages: [MyCharacter_C_0] 90.0
[2018.11.03-23.52.59:697][923]Cmd: RestartLevel
[2018.11.03-23.52.59:713][924]LogNet: Browse: /Game/FirstPersonBP/Maps/FirstPersonExampleMap?restart
[2018.11.03-23.52.59:713][924]LogLoad: LoadMap: /Game/FirstPersonBP/Maps/FirstPersonExampleMap
[2018.11.03-23.52.59:744][924]LogPlayLevel: Creating play world package: /Game/FirstPersonBP/Maps/UEDPIE_0_FirstPersonExampleMap
[2018.11.03-23.52.59:761][924]LogPlayLevel: PIE: StaticDuplicateObject took: (0.017259s)
[2018.11.03-23.52.59:762][924]LogAIModule: Creating AISystem for world FirstPersonExampleMap
[2018.11.03-23.52.59:762][924]LogPlayLevel: PIE: World Init took: (0.001064s)
[2018.11.03-23.52.59:762][924]LogPlayLevel: PIE: Created PIE world by copying editor world from /Game/FirstPersonBP/Maps/FirstPersonExampleMap.FirstPersonExampleMap to /Game/FirstPersonBP/Maps/UEDPIE_0_FirstPersonExampleMap.FirstPersonExampleMap (0.018578s)
[2018.11.03-23.52.59:762][924]LogLoad: Game class is 'GM_Volkan_C'
[2018.11.03-23.52.59:780][924]LogWorld: Bringing World /Game/FirstPersonBP/Maps/UEDPIE_0_FirstPersonExampleMap.FirstPersonExampleMap up for play (max tick rate 60) at 2018.11.04-02.52.59
[2018.11.03-23.52.59:781][924]LogWorld: Bringing up level for play took: 0.017674
[2018.11.03-23.52.59:784][924]LogLoad: Took 0.070822 seconds to LoadMap(/Game/FirstPersonBP/Maps/UEDPIE_0_FirstPersonExampleMap)
[2018.11.03-23.53.03:294][134]LogBlueprintUserMessages: [MyCharacter_C_0] 90
[2018.11.03-23.53.03:294][134]LogBlueprintUserMessages: [MyCharacter_C_0] 72.0
[2018.11.03-23.53.04:277][193]LogBlueprintUserMessages: [MyCharacter_C_0] 80
[2018.11.03-23.53.04:277][193]LogBlueprintUserMessages: [MyCharacter_C_0] 74.0
[2018.11.03-23.53.05:144][245]LogBlueprintUserMessages: [MyCharacter_C_0] 70
[2018.11.03-23.53.05:144][245]LogBlueprintUserMessages: [MyCharacter_C_0] 76.0
[2018.11.03-23.53.05:844][287]LogBlueprintUserMessages: [MyCharacter_C_0] 60
[2018.11.03-23.53.05:844][287]LogBlueprintUserMessages: [MyCharacter_C_0] 78.0
[2018.11.03-23.53.06:312][315]LogSpawn: Warning: SpawnActor failed because of collision at the spawn location [X=200.785 Y=-383.603 Z=294.404] for [FPProjectile_C]
[2018.11.03-23.53.06:495][326]LogSpawn: Warning: SpawnActor failed because of collision at the spawn location [X=190.075 Y=-383.309 Z=293.867] for [FPProjectile_C]
[2018.11.03-23.53.06:960][354]LogBlueprintUserMessages: [MyCharacter_C_0] 50
[2018.11.03-23.53.06:960][354]LogBlueprintUserMessages: [MyCharacter_C_0] 80.0
[2018.11.03-23.53.07:110][363]LogBlueprintUserMessages: [MyCharacter_C_0] 40
[2018.11.03-23.53.07:110][363]LogBlueprintUserMessages: [MyCharacter_C_0] 82.0
[2018.11.03-23.53.07:528][388]LogBlueprintUserMessages: [MyCharacter_C_0] 30
[2018.11.03-23.53.07:528][388]LogBlueprintUserMessages: [MyCharacter_C_0] 84.0
[2018.11.03-23.53.07:695][398]LogBlueprintUserMessages: [MyCharacter_C_0] 20
[2018.11.03-23.53.07:695][398]LogBlueprintUserMessages: [MyCharacter_C_0] 86.0
[2018.11.03-23.53.08:028][418]LogBlueprintUserMessages: [MyCharacter_C_0] 10
[2018.11.03-23.53.08:028][418]LogBlueprintUserMessages: [MyCharacter_C_0] 88.0
[2018.11.03-23.53.08:195][428]LogBlueprintUserMessages: [MyCharacter_C_0] 0
[2018.11.03-23.53.08:195][428]LogBlueprintUserMessages: [MyCharacter_C_0] 90.0
[2018.11.03-23.53.08:195][428]Cmd: RestartLevel
[2018.11.03-23.53.08:211][429]LogNet: Browse: /Game/FirstPersonBP/Maps/FirstPersonExampleMap?restart
[2018.11.03-23.53.08:212][429]LogLoad: LoadMap: /Game/FirstPersonBP/Maps/FirstPersonExampleMap
[2018.11.03-23.53.08:241][429]LogPlayLevel: Creating play world package: /Game/FirstPersonBP/Maps/UEDPIE_0_FirstPersonExampleMap
[2018.11.03-23.53.08:258][429]LogPlayLevel: PIE: StaticDuplicateObject took: (0.017127s)
[2018.11.03-23.53.08:259][429]LogAIModule: Creating AISystem for world FirstPersonExampleMap
[2018.11.03-23.53.08:260][429]LogPlayLevel: PIE: World Init took: (0.001129s)
[2018.11.03-23.53.08:260][429]LogPlayLevel: PIE: Created PIE world by copying editor world from /Game/FirstPersonBP/Maps/FirstPersonExampleMap.FirstPersonExampleMap to /Game/FirstPersonBP/Maps/UEDPIE_0_FirstPersonExampleMap.FirstPersonExampleMap (0.018500s)
[2018.11.03-23.53.08:260][429]LogLoad: Game class is 'GM_Volkan_C'
[2018.11.03-23.53.08:279][429]LogWorld: Bringing World /Game/FirstPersonBP/Maps/UEDPIE_0_FirstPersonExampleMap.FirstPersonExampleMap up for play (max tick rate 60) at 2018.11.04-02.53.08
[2018.11.03-23.53.08:280][429]LogWorld: Bringing up level for play took: 0.019267
[2018.11.03-23.53.08:283][429]LogLoad: Took 0.071749 seconds to LoadMap(/Game/FirstPersonBP/Maps/UEDPIE_0_FirstPersonExampleMap)
[2018.11.03-23.53.09:480][500]LogBlueprintUserMessages: Early EndPlayMap Detection: Level '/Game/FirstPersonBP/Maps/FirstPersonExampleMap.FirstPersonExampleMap:PersistentLevel' has LevelScriptBlueprint '/Game/FirstPersonBP/Maps/FirstPersonExampleMap.FirstPersonExampleMap:PersistentLevel.FirstPersonExampleMap' with GeneratedClass '/Game/FirstPersonBP/Maps/FirstPersonExampleMap.FirstPersonExampleMap_C' with ClassGeneratedBy '/Game/FirstPersonBP/Maps/FirstPersonExampleMap.FirstPersonExampleMap:PersistentLevel.FirstPersonExampleMap'
[2018.11.03-23.53.09:480][500]LogSlate: Updating window title bar state: overlay mode, drag disabled, window buttons hidden, title bar hidden
[2018.11.03-23.53.09:520][500]LogPlayLevel: Display: Shutting down PIE online subsystems
[2018.11.03-23.53.09:520][500]LogBlueprintUserMessages: Late EndPlayMap Detection: Level '/Game/FirstPersonBP/Maps/FirstPersonExampleMap.FirstPersonExampleMap:PersistentLevel' has LevelScriptBlueprint '/Game/FirstPersonBP/Maps/FirstPersonExampleMap.FirstPersonExampleMap:PersistentLevel.FirstPersonExampleMap' with GeneratedClass '/Game/FirstPersonBP/Maps/FirstPersonExampleMap.FirstPersonExampleMap_C' with ClassGeneratedBy '/Game/FirstPersonBP/Maps/FirstPersonExampleMap.FirstPersonExampleMap:PersistentLevel.FirstPersonExampleMap'
[2018.11.03-23.53.09:549][500]LogSlate: Updating window title bar state: overlay mode, drag disabled, window buttons hidden, title bar hidden
[2018.11.03-23.53.09:614][501]LogPlayLevel: Display: Destroying online subsystem :Context_3
[2018.11.03-23.53.12:061][640]LogSlate: FSceneViewport::OnFocusLost() reason 0
[2018.11.03-23.53.49:409][860]LogSlate: Took 0.000293 seconds to synchronously load lazily loaded font '../../../Engine/Content/Slate/Fonts/Roboto-Light.ttf' (167K)
[2018.11.03-23.53.49:418][860]LogAssetEditorManager: Opening Asset editor for Blueprint /Game/mege/EnemyAI/EnemyAICharacter.EnemyAICharacter
[2018.11.03-23.53.50:021][860]LogContentBrowser: Native class hierarchy updated for 'BlueprintGraph' in 0.0008 seconds. Added 116 classes and 0 folders.
[2018.11.03-23.53.51:221][860]LogSlate: Took 0.020251 seconds to synchronously load lazily loaded font '../../../Engine/Content/Slate/Fonts/Roboto-BoldCondensed.ttf' (158K)
[2018.11.03-23.53.51:393][861]LogSlate: Took 0.024726 seconds to synchronously load lazily loaded font '../../../Engine/Content/Slate/Fonts/Roboto-Italic.ttf' (157K)
[2018.11.03-23.53.53:396][977]LogRenderer: Reallocating scene render targets to support 956x540 Format 10 NumSamples 1 (Frame:1).
[2018.11.03-23.54.03:212][510]LogEditorTransaction: Undo Edit Skeletal Mesh
[2018.11.04-00.02.54:605][256]LogSlate: FSceneViewport::OnFocusLost() reason 2
[2018.11.04-00.02.55:073][256]LogSavePackage: Moving '../../../../../../Users/mg-lenovo/Documents/GitHub/TeamCarry/TeamCarry/GJ_TeamCarry/Saved/FirstPersonExampleMap_Auto10636DAC746A30AF853DD33861F9A7BFB.tmp' to '../../../../../../Users/mg-lenovo/Documents/GitHub/TeamCarry/TeamCarry/GJ_TeamCarry/Saved/Autosaves/Game/FirstPersonBP/Maps/FirstPersonExampleMap_Auto1.umap'
[2018.11.04-00.02.55:305][256]LogFileHelpers: Editor autosave (incl. sublevels) for '/Game/FirstPersonBP/Maps/FirstPersonExampleMap' took 0.572
[2018.11.04-00.02.55:305][256]LogFileHelpers: Editor autosave (incl. sublevels) for all levels took 0.572
[2018.11.04-00.12.55:567][254]LogFileHelpers: Editor autosave (incl. sublevels) for '/Game/FirstPersonBP/Maps/FirstPersonExampleMap' took 0.037
[2018.11.04-00.16.24:481][804]LogSlate: Window 'Save Content' being destroyed
[2018.11.04-00.16.24:762][804]LogSlate: Window 'GJ_TeamCarry - Unreal Editor' being destroyed
[2018.11.04-00.16.25:038][805]Cmd: QUIT_EDITOR
[2018.11.04-00.16.26:061][805]LogWindowsTextInputMethodSystem: Display: IME system now deactivated.
[2018.11.04-00.16.26:087][805]LogExit: Preparing to exit.
[2018.11.04-00.16.26:418][805]LogExit: Editor shut down
[2018.11.04-00.16.26:419][805]LogExit: Transaction tracking system shut down
[2018.11.04-00.16.27:060][805]LogExit: Object subsystem successfully closed.
[2018.11.04-00.16.27:093][805]LogShaderCompilers: Display: Shaders left to compile 0
[2018.11.04-00.16.27:099][805]LogD3D11RHI: Shutdown
[2018.11.04-00.16.27:099][805]LogD3D11RHI: CleanupD3DDevice
[2018.11.04-00.16.27:104][805]LogD3D11RHI: ~FD3D11DynamicRHI
[2018.11.04-00.16.27:155][805]LogModuleManager: Shutting down and abandoning module BlueprintGraph (616)
[2018.11.04-00.16.27:155][805]LogModuleManager: Shutting down and abandoning module MovieSceneCapture (614)
[2018.11.04-00.16.27:155][805]LogModuleManager: Shutting down and abandoning module Voice (612)
[2018.11.04-00.16.27:155][805]LogModuleManager: Shutting down and abandoning module HierarchicalLODOutliner (610)
[2018.11.04-00.16.27:155][805]LogModuleManager: Shutting down and abandoning module SceneOutliner (608)
[2018.11.04-00.16.27:155][805]LogModuleManager: Shutting down and abandoning module AddContentDialog (606)
[2018.11.04-00.16.27:156][805]LogModuleManager: Shutting down and abandoning module WidgetCarousel (605)
[2018.11.04-00.16.27:156][805]LogModuleManager: Shutting down and abandoning module EditorWidgets (602)
[2018.11.04-00.16.27:156][805]LogModuleManager: Shutting down and abandoning module CollectionManager (600)
[2018.11.04-00.16.27:157][805]LogModuleManager: Shutting down and abandoning module StatsViewer (598)
[2018.11.04-00.16.27:157][805]LogModuleManager: Shutting down and abandoning module FoliageEdit (596)
[2018.11.04-00.16.27:157][805]LogModuleManager: Shutting down and abandoning module LandscapeEditor (594)
[2018.11.04-00.16.27:157][805]LogModuleManager: Shutting down and abandoning module MeshPaintMode (592)
[2018.11.04-00.16.27:157][805]LogModuleManager: Shutting down and abandoning module SceneDepthPickerMode (590)
[2018.11.04-00.16.27:157][805]LogModuleManager: Shutting down and abandoning module ActorPickerMode (588)
[2018.11.04-00.16.27:157][805]LogModuleManager: Shutting down and abandoning module GeometryMode (586)
[2018.11.04-00.16.27:157][805]LogModuleManager: Shutting down and abandoning module TextureAlignMode (584)
[2018.11.04-00.16.27:157][805]LogModuleManager: Shutting down and abandoning module BspMode (582)
[2018.11.04-00.16.27:157][805]LogModuleManager: Shutting down and abandoning module PIEPreviewDeviceProfileSelector (580)
[2018.11.04-00.16.27:157][805]LogModuleManager: Shutting down and abandoning module SequenceRecorderSections (578)
[2018.11.04-00.16.27:157][805]LogModuleManager: Shutting down and abandoning module AutomationWorker (576)
[2018.11.04-00.16.27:157][805]LogModuleManager: Shutting down and abandoning module AudioCaptureEditor (574)
[2018.11.04-00.16.27:157][805]LogModuleManager: Shutting down and abandoning module SequenceRecorder (573)
[2018.11.04-00.16.27:157][805]LogModuleManager: Shutting down and abandoning module MatineeToLevelSequence (570)
[2018.11.04-00.16.27:158][805]LogModuleManager: Shutting down and abandoning module LevelSequenceEditor (568)
[2018.11.04-00.16.27:158][805]LogModuleManager: Shutting down and abandoning module PlacementMode (567)
[2018.11.04-00.16.27:158][805]LogModuleManager: Shutting down and abandoning module MaterialEditor (566)
[2018.11.04-00.16.27:158][805]LogModuleManager: Shutting down and abandoning module WmfMediaFactory (562)
[2018.11.04-00.16.27:158][805]LogModuleManager: Shutting down and abandoning module WmfMediaEditor (560)
[2018.11.04-00.16.27:158][805]LogModuleManager: Shutting down and abandoning module MediaPlayerEditor (558)
[2018.11.04-00.16.27:158][805]LogModuleManager: Shutting down and abandoning module OpenExrWrapper (556)
[2018.11.04-00.16.27:158][805]LogModuleManager: Shutting down and abandoning module ImgMediaFactory (554)
[2018.11.04-00.16.27:158][805]LogModuleManager: Shutting down and abandoning module ImgMediaEditor (552)
[2018.11.04-00.16.27:158][805]LogModuleManager: Shutting down and abandoning module AvfMediaFactory (550)
[2018.11.04-00.16.27:158][805]LogModuleManager: Shutting down and abandoning module AvfMediaEditor (548)
[2018.11.04-00.16.27:158][805]LogModuleManager: Shutting down and abandoning module AndroidMediaFactory (546)
[2018.11.04-00.16.27:158][805]LogModuleManager: Shutting down and abandoning module AndroidMediaEditor (544)
[2018.11.04-00.16.27:158][805]LogModuleManager: Shutting down and abandoning module MagicLeapCameraPreviewFactory (542)
[2018.11.04-00.16.27:158][805]LogModuleManager: Shutting down and abandoning module MagicLeapMediaFactory (540)
[2018.11.04-00.16.27:159][805]LogModuleManager: Shutting down and abandoning module MagicLeapMediaEditor (538)
[2018.11.04-00.16.27:159][805]LogModuleManager: Shutting down and abandoning module CharacterAI (536)
[2018.11.04-00.16.27:159][805]LogModuleManager: Shutting down and abandoning module SmartSnapping (534)
[2018.11.04-00.16.27:159][805]LogModuleManager: Shutting down and abandoning module SessionServices (532)
[2018.11.04-00.16.27:159][805]LogModuleManager: Shutting down and abandoning module ViewportSnapping (530)
[2018.11.04-00.16.27:159][805]LogModuleManager: Shutting down and abandoning module ViewportInteraction (528)
[2018.11.04-00.16.27:159][805]LogModuleManager: Shutting down and abandoning module ClothPainter (526)
[2018.11.04-00.16.27:159][805]LogModuleManager: Shutting down and abandoning module SkeletalMeshEditor (525)
[2018.11.04-00.16.27:159][805]LogModuleManager: Shutting down and abandoning module LogVisualizer (522)
[2018.11.04-00.16.27:159][805]LogModuleManager: Shutting down and abandoning module IntroTutorials (520)
[2018.11.04-00.16.27:159][805]LogModuleManager: Shutting down and abandoning module GameProjectGeneration (519)
[2018.11.04-00.16.27:159][805]LogModuleManager: Shutting down and abandoning module LuminPlatformEditor (516)
[2018.11.04-00.16.27:159][805]LogModuleManager: Shutting down and abandoning module IOSPlatformEditor (514)
[2018.11.04-00.16.27:159][805]LogModuleManager: Shutting down and abandoning module HTML5PlatformEditor (512)
[2018.11.04-00.16.27:159][805]LogModuleManager: Shutting down and abandoning module AndroidPlatformEditor (510)
[2018.11.04-00.16.27:159][805]LogModuleManager: Shutting down and abandoning module AndroidDeviceDetection (509)
[2018.11.04-00.16.27:980][805]LogModuleManager: Shutting down and abandoning module WindowsPlatformEditor (506)
[2018.11.04-00.16.27:980][805]LogModuleManager: Shutting down and abandoning module LuminRuntimeSettings (504)
[2018.11.04-00.16.27:980][805]LogModuleManager: Shutting down and abandoning module IOSRuntimeSettings (502)
[2018.11.04-00.16.27:980][805]LogModuleManager: Shutting down and abandoning module AndroidRuntimeSettings (500)
[2018.11.04-00.16.27:980][805]LogModuleManager: Shutting down and abandoning module InputBindingEditor (498)
[2018.11.04-00.16.27:980][805]LogModuleManager: Shutting down and abandoning module MergeActors (496)
[2018.11.04-00.16.27:981][805]LogModuleManager: Shutting down and abandoning module LocalizationDashboard (494)
[2018.11.04-00.16.27:981][805]LogModuleManager: Shutting down and abandoning module LocalizationService (493)
[2018.11.04-00.16.27:981][805]LogModuleManager: Shutting down and abandoning module HardwareTargeting (490)
[2018.11.04-00.16.27:981][805]LogModuleManager: Shutting down and abandoning module DeviceProfileEditor (488)
[2018.11.04-00.16.27:981][805]LogModuleManager: Shutting down and abandoning module UndoHistory (486)
[2018.11.04-00.16.27:981][805]LogModuleManager: Shutting down and abandoning module XmlParser (484)
[2018.11.04-00.16.27:981][805]LogModuleManager: Shutting down and abandoning module Blutility (482)
[2018.11.04-00.16.27:981][805]LogModuleManager: Shutting down and abandoning module ProjectSettingsViewer (480)
[2018.11.04-00.16.27:981][805]LogModuleManager: Shutting down and abandoning module ProjectTargetPlatformEditor (479)
[2018.11.04-00.16.27:981][805]LogModuleManager: Shutting down and abandoning module EditorSettingsViewer (476)
[2018.11.04-00.16.27:981][805]LogModuleManager: Shutting down and abandoning module SettingsEditor (474)
[2018.11.04-00.16.27:981][805]LogModuleManager: Shutting down and abandoning module ProjectLauncher (472)
[2018.11.04-00.16.27:982][805]LogModuleManager: Shutting down and abandoning module SessionFrontend (470)
[2018.11.04-00.16.27:982][805]LogModuleManager: Shutting down and abandoning module ProfilerClient (468)
[2018.11.04-00.16.27:982][805]LogModuleManager: Shutting down and abandoning module DeviceManager (466)
[2018.11.04-00.16.27:982][805]LogModuleManager: Shutting down and abandoning module TargetDeviceServices (465)
[2018.11.04-00.16.28:026][805]LogModuleManager: Shutting down and abandoning module AutomationController (462)
[2018.11.04-00.16.28:026][805]LogModuleManager: Shutting down and abandoning module AutomationWindow (460)
[2018.11.04-00.16.28:026][805]LogModuleManager: Shutting down and abandoning module Layers (458)
[2018.11.04-00.16.28:026][805]LogModuleManager: Shutting down and abandoning module ComponentVisualizers (456)
[2018.11.04-00.16.28:026][805]LogModuleManager: Shutting down and abandoning module DetailCustomizations (454)
[2018.11.04-00.16.28:026][805]LogModuleManager: Shutting down and abandoning module PackagesDialog (452)
[2018.11.04-00.16.28:026][805]LogModuleManager: Shutting down and abandoning module Persona (450)
[2018.11.04-00.16.28:026][805]LogModuleManager: Shutting down and abandoning module AdvancedPreviewScene (449)
[2018.11.04-00.16.28:026][805]LogModuleManager: Shutting down and abandoning module AnimGraph (447)
[2018.11.04-00.16.28:026][805]LogModuleManager: Shutting down and abandoning module Kismet (444)
[2018.11.04-00.16.28:034][805]LogModuleManager: Shutting down and abandoning module GraphEditor (442)
[2018.11.04-00.16.28:034][805]LogModuleManager: Shutting down and abandoning module ClassViewer (440)
[2018.11.04-00.16.28:034][805]LogModuleManager: Shutting down and abandoning module Toolbox (438)
[2018.11.04-00.16.28:034][805]LogModuleManager: Shutting down and abandoning module ModuleUI (436)
[2018.11.04-00.16.28:035][805]LogModuleManager: Shutting down and abandoning module MovieSceneTools (434)
[2018.11.04-00.16.28:035][805]LogModuleManager: Shutting down and abandoning module OutputLog (432)
[2018.11.04-00.16.28:035][805]LogModuleManager: Shutting down and abandoning module GammaUI (430)
[2018.11.04-00.16.28:035][805]LogModuleManager: Shutting down and abandoning module Documentation (428)
[2018.11.04-00.16.28:035][805]LogModuleManager: Shutting down and abandoning module MovieSceneTracks (426)
[2018.11.04-00.16.28:035][805]LogModuleManager: Shutting down and abandoning module MovieScene (424)
[2018.11.04-00.16.28:035][805]LogModuleManager: Shutting down and abandoning module StreamingPauseRendering (422)
[2018.11.04-00.16.28:035][805]LogModuleManager: Shutting down and abandoning module LauncherPlatform (420)
[2018.11.04-00.16.28:035][805]LogModuleManager: Shutting down and abandoning module AnalyticsET (418)
[2018.11.04-00.16.28:035][805]LogModuleManager: Shutting down and abandoning module PortalServices (416)
[2018.11.04-00.16.28:035][805]LogModuleManager: Shutting down and abandoning module PortalRpc (414)
[2018.11.04-00.16.28:035][805]LogModuleManager: Shutting down and abandoning module MessagingRpc (412)
[2018.11.04-00.16.28:035][805]LogModuleManager: Shutting down and abandoning module AIModule (410)
[2018.11.04-00.16.28:035][805]LogModuleManager: Shutting down and abandoning module GameplayDebugger (409)
[2018.11.04-00.16.28:035][805]LogModuleManager: Shutting down and abandoning module AITestSuite (407)
[2018.11.04-00.16.28:035][805]LogModuleManager: Shutting down and abandoning module NavigationSystem (405)
[2018.11.04-00.16.28:035][805]LogModuleManager: Shutting down and abandoning module DesktopPlatform (402)
[2018.11.04-00.16.28:035][805]LogModuleManager: Shutting down and abandoning module ProfilerService (400)
[2018.11.04-00.16.28:076][805]LogModuleManager: Shutting down and abandoning module TaskGraph (398)
[2018.11.04-00.16.28:076][805]LogModuleManager: Shutting down and abandoning module SteamVRController (396)
[2018.11.04-00.16.28:076][805]LogModuleManager: Shutting down and abandoning module ProceduralMeshComponentEditor (394)
[2018.11.04-00.16.28:076][805]LogModuleManager: Shutting down and abandoning module ProceduralMeshComponent (392)
[2018.11.04-00.16.28:076][805]LogModuleManager: Shutting down and abandoning module OculusInput (390)
[2018.11.04-00.16.28:076][805]LogModuleManager: Shutting down and abandoning module MobilePatchingUtils (388)
[2018.11.04-00.16.28:076][805]LogModuleManager: Shutting down and abandoning module EditableMesh (386)
[2018.11.04-00.16.28:076][805]LogModuleManager: Shutting down and abandoning module CustomMeshComponent (384)
[2018.11.04-00.16.28:077][805]LogModuleManager: Shutting down and abandoning module CableComponent (382)
[2018.11.04-00.16.28:077][805]LogModuleManager: Shutting down and abandoning module AudioCapture (380)
[2018.11.04-00.16.28:077][805]LogModuleManager: Shutting down and abandoning module ArchVisCharacter (378)
[2018.11.04-00.16.28:077][805]LogModuleManager: Shutting down and abandoning module AndroidPermission (376)
[2018.11.04-00.16.28:077][805]LogModuleManager: Shutting down and abandoning module NUTUnrealEngine4 (374)
[2018.11.04-00.16.28:077][805]LogModuleManager: Shutting down and abandoning module NetcodeUnitTest (372)
[2018.11.04-00.16.28:077][805]LogModuleManager: Shutting down and abandoning module MediaCompositingEditor (370)
[2018.11.04-00.16.28:077][805]LogModuleManager: Shutting down and abandoning module MediaCompositing (368)
[2018.11.04-00.16.28:077][805]LogModuleManager: Shutting down and abandoning module LinearTimecode (366)
[2018.11.04-00.16.28:077][805]LogModuleManager: Shutting down and abandoning module ImgMedia (364)
[2018.11.04-00.16.28:081][805]LogModuleManager: Shutting down and abandoning module HTML5Networking (362)
[2018.11.04-00.16.28:081][805]LogModuleManager: Shutting down and abandoning module GeometryCacheTracks (360)
[2018.11.04-00.16.28:081][805]LogModuleManager: Shutting down and abandoning module GeometryCacheSequencer (358)
[2018.11.04-00.16.28:082][805]LogModuleManager: Shutting down and abandoning module BackChannel (356)
[2018.11.04-00.16.28:082][805]LogModuleManager: Shutting down and abandoning module AppleVision (354)
[2018.11.04-00.16.28:082][805]LogModuleManager: Shutting down and abandoning module AppleImageUtils (352)
[2018.11.04-00.16.28:082][805]LogModuleManager: Shutting down and abandoning module AlembicImporter (350)
[2018.11.04-00.16.28:082][805]LogModuleManager: Shutting down and abandoning module AlembicLibrary (349)
[2018.11.04-00.16.28:082][805]LogModuleManager: Shutting down and abandoning module GeometryCache (348)
[2018.11.04-00.16.28:082][805]LogModuleManager: Shutting down and abandoning module GeometryCacheEd (347)
[2018.11.04-00.16.28:082][805]LogModuleManager: Shutting down and abandoning module DatasmithContentEditor (342)
[2018.11.04-00.16.28:082][805]LogModuleManager: Shutting down and abandoning module DatasmithContent (340)
[2018.11.04-00.16.28:083][805]LogModuleManager: Shutting down and abandoning module SpeedTreeImporter (338)
[2018.11.04-00.16.28:083][805]LogModuleManager: Shutting down and abandoning module PluginBrowser (336)
[2018.11.04-00.16.28:083][805]LogModuleManager: Shutting down and abandoning module MobileLauncherProfileWizard (334)
[2018.11.04-00.16.28:083][805]LogModuleManager: Shutting down and abandoning module PolygonModeling (332)
[2018.11.04-00.16.28:083][805]LogModuleManager: Shutting down and abandoning module MeshEditor (330)
[2018.11.04-00.16.28:083][805]LogModuleManager: Shutting down and abandoning module CryptoKeysOpenSSL (328)
[2018.11.04-00.16.28:084][805]LogModuleManager: Shutting down and abandoning module CryptoKeys (326)
[2018.11.04-00.16.28:084][805]LogModuleManager: Shutting down and abandoning module VisualStudioSourceCodeAccess (324)
[2018.11.04-00.16.28:084][805]LogModuleManager: Shutting down and abandoning module VisualStudioCodeSourceCodeAccess (322)
[2018.11.04-00.16.28:084][805]LogModuleManager: Shutting down and abandoning module UObjectPlugin (320)
[2018.11.04-00.16.28:084][805]LogModuleManager: Shutting down and abandoning module SubversionSourceControl (318)
[2018.11.04-00.16.28:084][805]LogModuleManager: Shutting down and abandoning module PerforceSourceControl (316)
[2018.11.04-00.16.28:084][805]LogModuleManager: Shutting down and abandoning module GitSourceControl (314)
[2018.11.04-00.16.28:084][805]LogModuleManager: Shutting down and abandoning module SourceControl (313)
[2018.11.04-00.16.28:084][805]LogModuleManager: Shutting down and abandoning module CLionSourceCodeAccess (310)
[2018.11.04-00.16.28:084][805]LogModuleManager: Shutting down and abandoning module LightPropagationVolumeEditor (308)
[2018.11.04-00.16.28:084][805]LogModuleManager: Shutting down and abandoning module PaperTiledImporter (306)
[2018.11.04-00.16.28:085][805]LogModuleManager: Shutting down and abandoning module PaperSpriteSheetImporter (304)
[2018.11.04-00.16.28:085][805]LogModuleManager: Shutting down and abandoning module Paper2DEditor (302)
[2018.11.04-00.16.28:085][805]LogModuleManager: Shutting down and abandoning module MeshPaint (301)
[2018.11.04-00.16.28:085][805]LogModuleManager: Shutting down and abandoning module RuntimePhysXCooking (298)
[2018.11.04-00.16.28:085][805]LogModuleManager: Shutting down and abandoning module PhysXVehiclesEditor (296)
[2018.11.04-00.16.28:085][805]LogModuleManager: Shutting down and abandoning module PhysXVehicles (294)
[2018.11.04-00.16.28:085][805]LogModuleManager: Shutting down and abandoning module OculusEditor (292)
[2018.11.04-00.16.28:085][805]LogModuleManager: Shutting down and abandoning module LocationServicesBPLibrary (290)
[2018.11.04-00.16.28:085][805]LogModuleManager: Shutting down and abandoning module ImmediatePhysicsEditor (288)
[2018.11.04-00.16.28:085][805]LogModuleManager: Shutting down and abandoning module ImmediatePhysics (286)
[2018.11.04-00.16.28:085][805]LogModuleManager: Shutting down and abandoning module ActorSequence (284)
[2018.11.04-00.16.28:085][805]LogModuleManager: Shutting down and abandoning module UdpMessaging (282)
[2018.11.04-00.16.28:186][805]LogModuleManager: Shutting down and abandoning module TcpMessaging (280)
[2018.11.04-00.16.28:286][805]LogModuleManager: Shutting down and abandoning module MagicLeapAudio (278)
[2018.11.04-00.16.28:286][805]LogModuleManager: Shutting down and abandoning module GameplayTagsEditor (276)
[2018.11.04-00.16.28:286][805]LogModuleManager: Shutting down and abandoning module FacialAnimationEditor (274)
[2018.11.04-00.16.28:286][805]LogModuleManager: Shutting down and abandoning module FacialAnimation (272)
[2018.11.04-00.16.28:286][805]LogModuleManager: Shutting down and abandoning module DataValidation (270)
[2018.11.04-00.16.28:286][805]LogModuleManager: Shutting down and abandoning module AssetManagerEditor (268)
[2018.11.04-00.16.28:286][805]LogModuleManager: Shutting down and abandoning module LevelEditor (267)
[2018.11.04-00.16.28:287][805]LogModuleManager: Shutting down and abandoning module PixelInspectorModule (266)
[2018.11.04-00.16.28:287][805]LogModuleManager: Shutting down and abandoning module CommonMenuExtensions (264)
[2018.11.04-00.16.28:287][805]LogModuleManager: Shutting down and abandoning module MainFrame (262)
[2018.11.04-00.16.28:287][805]LogModuleManager: Shutting down and abandoning module HotReload (261)
[2018.11.04-00.16.28:288][805]LogModuleManager: Shutting down and abandoning module ContentBrowser (257)
[2018.11.04-00.16.28:289][805]LogModuleManager: Shutting down and abandoning module TreeMap (255)
[2018.11.04-00.16.28:289][805]LogModuleManager: Shutting down and abandoning module LightPropagationVolumeRuntime (252)
[2018.11.04-00.16.28:289][805]LogModuleManager: Shutting down and abandoning module AISupportModule (250)
[2018.11.04-00.16.28:289][805]LogModuleManager: Shutting down and abandoning module Paper2D (248)
[2018.11.04-00.16.28:289][805]LogModuleManager: Shutting down and abandoning module WindowsMoviePlayer (246)
[2018.11.04-00.16.28:289][805]LogModuleManager: Shutting down and abandoning module WmfMedia (244)
[2018.11.04-00.16.28:291][805]LogModuleManager: Shutting down and abandoning module Media (243)
[2018.11.04-00.16.28:298][805]LogModuleManager: Shutting down and abandoning module PacketHandler (240)
[2018.11.04-00.16.28:298][805]LogModuleManager: Shutting down and abandoning module ClothingSystemEditor (238)
[2018.11.04-00.16.28:298][805]LogModuleManager: Shutting down and abandoning module ClothingSystemRuntime (236)
[2018.11.04-00.16.28:298][805]LogModuleManager: Shutting down and abandoning module MediaAssets (234)
[2018.11.04-00.16.28:298][805]LogModuleManager: Shutting down and abandoning module Overlay (232)
[2018.11.04-00.16.28:298][805]LogModuleManager: Shutting down and abandoning module OverlayEditor (231)
[2018.11.04-00.16.28:298][805]LogModuleManager: Shutting down and abandoning module VREditor (228)
[2018.11.04-00.16.28:298][805]LogModuleManager: Shutting down and abandoning module StringTableEditor (226)
[2018.11.04-00.16.28:298][805]LogModuleManager: Shutting down and abandoning module GameplayTasksEditor (224)
[2018.11.04-00.16.28:298][805]LogModuleManager: Shutting down and abandoning module BehaviorTreeEditor (222)
[2018.11.04-00.16.28:298][805]LogModuleManager: Shutting down and abandoning module FunctionalTesting (220)
[2018.11.04-00.16.28:299][805]LogModuleManager: Shutting down and abandoning module CollisionAnalyzer (218)
[2018.11.04-00.16.28:299][805]LogModuleManager: Shutting down and abandoning module WorkspaceMenuStructure (217)
[2018.11.04-00.16.28:299][805]LogModuleManager: Shutting down and abandoning module UMG (214)
[2018.11.04-00.16.28:299][805]LogModuleManager: Shutting down and abandoning module UMGEditor (213)
[2018.11.04-00.16.28:299][805]LogModuleManager: Shutting down and abandoning module Sequencer (212)
[2018.11.04-00.16.28:299][805]LogModuleManager: Shutting down and abandoning module MessageLog (209)
[2018.11.04-00.16.28:299][805]LogModuleManager: Shutting down and abandoning module SlateReflector (204)
[2018.11.04-00.16.28:299][805]LogModuleManager: Shutting down and abandoning module Slate (202)
[2018.11.04-00.16.28:299][805]LogModuleManager: Shutting down and abandoning module EditorStyle (200)
[2018.11.04-00.16.28:301][805]LogModuleManager: Shutting down and abandoning module MRMesh (198)
[2018.11.04-00.16.28:301][805]LogModuleManager: Shutting down and abandoning module SourceCodeAccess (196)
[2018.11.04-00.16.28:301][805]LogModuleManager: Shutting down and abandoning module HeadMountedDisplay (194)
[2018.11.04-00.16.28:301][805]LogModuleManager: Shutting down and abandoning module XAudio2 (192)
[2018.11.04-00.16.28:301][805]LogModuleManager: Shutting down and abandoning module Networking (190)
[2018.11.04-00.16.28:301][805]LogModuleManager: Shutting down and abandoning module Core (188)
[2018.11.04-00.16.28:301][805]LogModuleManager: Shutting down and abandoning module LevelSequence (186)
[2018.11.04-00.16.28:301][805]LogModuleManager: Shutting down and abandoning module KismetCompiler (184)
[2018.11.04-00.16.28:301][805]LogModuleManager: Shutting down and abandoning module MeshUtilities (182)
[2018.11.04-00.16.28:302][805]LogModuleManager: Shutting down and abandoning module MeshMergeUtilities (181)
[2018.11.04-00.16.28:302][805]LogModuleManager: Shutting down and abandoning module MeshReductionInterface (180)
[2018.11.04-00.16.28:302][805]LogModuleManager: Shutting down and abandoning module SimplygonSwarm (179)
[2018.11.04-00.16.28:302][805]LogModuleManager: Shutting down and abandoning module ProxyLODMeshReduction (177)
[2018.11.04-00.16.28:302][805]LogModuleManager: Shutting down and abandoning module SimplygonMeshReduction (175)
[2018.11.04-00.16.28:302][805]LogModuleManager: Shutting down and abandoning module QuadricMeshReduction (173)
[2018.11.04-00.16.28:302][805]LogModuleManager: Shutting down and abandoning module MaterialBaking (169)
[2018.11.04-00.16.28:302][805]LogModuleManager: Shutting down and abandoning module DirectoryWatcher (165)
[2018.11.04-00.16.28:302][805]LogModuleManager: Shutting down and abandoning module DerivedDataCache (162)
[2018.11.04-00.16.28:338][805]LogDerivedDataCache: Shutdown
[2018.11.04-00.16.28:338][805]LogModuleManager: Shutting down and abandoning module XGEController (160)
[2018.11.04-00.16.28:338][805]LogXGEController: Cleaning working directory: C:/Users/mg-lenovo/AppData/Local/Temp/UnrealXGEWorkingDir/
[2018.11.04-00.16.28:338][805]LogModuleManager: Shutting down and abandoning module TargetPlatform (158)
[2018.11.04-00.16.28:338][805]LogModuleManager: Shutting down and abandoning module VulkanShaderFormat (157)
[2018.11.04-00.16.28:338][805]LogModuleManager: Shutting down and abandoning module ShaderFormatVectorVM (155)
[2018.11.04-00.16.28:338][805]LogModuleManager: Shutting down and abandoning module ShaderFormatOpenGL (153)
[2018.11.04-00.16.28:338][805]LogModuleManager: Shutting down and abandoning module ShaderFormatD3D (151)
[2018.11.04-00.16.28:338][805]LogModuleManager: Shutting down and abandoning module MetalShaderFormat (149)
[2018.11.04-00.16.28:338][805]LogModuleManager: Shutting down and abandoning module TextureFormatUncompressed (147)
[2018.11.04-00.16.28:338][805]LogModuleManager: Shutting down and abandoning module TextureFormatPVR (145)
[2018.11.04-00.16.28:338][805]LogModuleManager: Shutting down and abandoning module TextureFormatDXT (143)
[2018.11.04-00.16.28:338][805]LogModuleManager: Shutting down and abandoning module TextureFormatIntelISPCTexComp (141)
[2018.11.04-00.16.28:338][805]LogModuleManager: Shutting down and abandoning module TextureFormatASTC (139)
[2018.11.04-00.16.28:338][805]LogModuleManager: Shutting down and abandoning module ImageWrapper (138)
[2018.11.04-00.16.28:338][805]LogModuleManager: Shutting down and abandoning module TextureFormatAndroid (135)
[2018.11.04-00.16.28:338][805]LogModuleManager: Shutting down and abandoning module AudioFormatOpus (133)
[2018.11.04-00.16.28:338][805]LogModuleManager: Shutting down and abandoning module AudioFormatOgg (131)
[2018.11.04-00.16.28:338][805]LogModuleManager: Shutting down and abandoning module AudioFormatADPCM (129)
[2018.11.04-00.16.28:338][805]LogModuleManager: Shutting down and abandoning module LuminTargetPlatform (127)
[2018.11.04-00.16.28:338][805]LogModuleManager: Shutting down and abandoning module LinuxTargetPlatform (125)
[2018.11.04-00.16.28:338][805]LogModuleManager: Shutting down and abandoning module LinuxServerTargetPlatform (123)
[2018.11.04-00.16.28:338][805]LogModuleManager: Shutting down and abandoning module LinuxNoEditorTargetPlatform (121)
[2018.11.04-00.16.28:339][805]LogModuleManager: Shutting down and abandoning module LinuxClientTargetPlatform (119)
[2018.11.04-00.16.28:339][805]LogModuleManager: Shutting down and abandoning module TVOSTargetPlatform (117)
[2018.11.04-00.16.28:340][805]LogModuleManager: Shutting down and abandoning module Messaging (115)
[2018.11.04-00.16.28:340][805]LogModuleManager: Shutting down and abandoning module IOSTargetPlatform (113)
[2018.11.04-00.16.28:341][805]LogModuleManager: Shutting down and abandoning module HTML5TargetPlatform (111)
[2018.11.04-00.16.28:341][805]LogModuleManager: Shutting down and abandoning module AndroidTargetPlatform (109)
[2018.11.04-00.16.28:353][805]LogModuleManager: Shutting down and abandoning module WindowsTargetPlatform (107)
[2018.11.04-00.16.28:353][805]LogModuleManager: Shutting down and abandoning module WindowsServerTargetPlatform (105)
[2018.11.04-00.16.28:353][805]LogModuleManager: Shutting down and abandoning module WindowsNoEditorTargetPlatform (103)
[2018.11.04-00.16.28:353][805]LogModuleManager: Shutting down and abandoning module WindowsClientTargetPlatform (101)
[2018.11.04-00.16.28:353][805]LogModuleManager: Shutting down and abandoning module MacTargetPlatform (99)
[2018.11.04-00.16.28:353][805]LogModuleManager: Shutting down and abandoning module MacServerTargetPlatform (97)
[2018.11.04-00.16.28:353][805]LogModuleManager: Shutting down and abandoning module MacNoEditorTargetPlatform (95)
[2018.11.04-00.16.28:353][805]LogModuleManager: Shutting down and abandoning module MacClientTargetPlatform (93)
[2018.11.04-00.16.28:353][805]LogModuleManager: Shutting down and abandoning module AllDesktopTargetPlatform (91)
[2018.11.04-00.16.28:353][805]LogModuleManager: Shutting down and abandoning module InputCore (88)
[2018.11.04-00.16.28:353][805]LogModuleManager: Shutting down and abandoning module Settings (86)
[2018.11.04-00.16.28:353][805]LogModuleManager: Shutting down and abandoning module PhysXCooking (84)
[2018.11.04-00.16.28:353][805]LogModuleManager: Shutting down and abandoning module SteamVR (82)
[2018.11.04-00.16.28:353][805]LogModuleManager: Shutting down and abandoning module OculusHMD (80)
[2018.11.04-00.16.28:353][805]LogModuleManager: Shutting down and abandoning module ExampleDeviceProfileSelector (78)
[2018.11.04-00.16.28:353][805]LogModuleManager: Shutting down and abandoning module LauncherChunkInstaller (76)
[2018.11.04-00.16.28:353][805]LogModuleManager: Shutting down and abandoning module OnlineBlueprintSupport (74)
[2018.11.04-00.16.28:353][805]LogModuleManager: Shutting down and abandoning module OnlineSubsystem (70)
[2018.11.04-00.16.28:354][805]LogModuleManager: Shutting down and abandoning module XMPP (65)
[2018.11.04-00.16.28:355][805]LogModuleManager: Shutting down and abandoning module WebSockets (64)
[2018.11.04-00.16.28:363][805]LogModuleManager: Shutting down and abandoning module HTTP (61)
[2018.11.04-00.16.28:363][805]LogHttp: Display: Http module shutting down, but needs to wait on 1 outstanding Http requests:
[2018.11.04-00.16.28:363][805]LogHttp: Display: 	verb=[POST] url=[https://datarouter.ol.epicgames.com/datarouter/api/v1/public/data?SessionID=%7BE07AA6CD-48FD-DF2C-1F0B-F28738BC9283%7D&AppID=UEEditor.Rocket.Release&AppVersion=4.20.3-4369336%2B%2B%2BUE4%2BRelease-4.20&UserID=ed59b89a4ffbc480e0ffa6a12f01c482%7Ccc3f9436d5ef46eab972a81d170eca09%7C5e1261bc-e315-43b7-9a6f-becd74040f3c&AppEnvironment=datacollector-binary&UploadType=eteventstream] status=Processing
[2018.11.04-00.16.28:380][805]LogModuleManager: Shutting down and abandoning module SSL (60)
[2018.11.04-00.16.28:384][805]LogModuleManager: Shutting down and abandoning module MagicLeapEmulator (56)
[2018.11.04-00.16.28:384][805]LogModuleManager: Shutting down and abandoning module MagicLeapPrivileges (54)
[2018.11.04-00.16.28:384][805]LogModuleManager: Shutting down and abandoning module MagicLeapIdentity (52)
[2018.11.04-00.16.28:384][805]LogModuleManager: Shutting down and abandoning module MagicLeapHelperVulkan (50)
[2018.11.04-00.16.28:384][805]LogModuleManager: Shutting down and abandoning module MagicLeapHelperOpenGL (48)
[2018.11.04-00.16.28:384][805]LogModuleManager: Shutting down and abandoning module MagicLeapSecureStorage (46)
[2018.11.04-00.16.28:384][805]LogModuleManager: Shutting down and abandoning module MagicLeapGestures (44)
[2018.11.04-00.16.28:384][805]LogModuleManager: Shutting down and abandoning module MagicLeapEyeTracker (42)
[2018.11.04-00.16.28:384][805]LogModuleManager: Shutting down and abandoning module MagicLeapController (40)
[2018.11.04-00.16.28:384][805]LogSlate: Slate User Destroyed.  User Index 0, Is Virtual User: 0
[2018.11.04-00.16.28:384][805]LogModuleManager: Shutting down and abandoning module MagicLeap (38)
[2018.11.04-00.16.28:384][805]LogModuleManager: Shutting down and abandoning module AnimationModifiers (36)
[2018.11.04-00.16.28:384][805]LogModuleManager: Shutting down and abandoning module PropertyEditor (35)
[2018.11.04-00.16.28:384][805]LogModuleManager: Shutting down and abandoning module AudioEditor (32)
[2018.11.04-00.16.28:385][805]LogModuleManager: Shutting down and abandoning module TextureCompressor (30)
[2018.11.04-00.16.28:385][805]LogModuleManager: Shutting down and abandoning module ShaderCore (28)
[2018.11.04-00.16.28:385][805]LogModuleManager: Shutting down and abandoning module Landscape (26)
[2018.11.04-00.16.28:385][805]LogModuleManager: Shutting down and abandoning module SlateRHIRenderer (24)
[2018.11.04-00.16.28:386][805]LogModuleManager: Shutting down and abandoning module OpenGLDrv (22)
[2018.11.04-00.16.28:386][805]LogModuleManager: Shutting down and abandoning module D3D11RHI (20)
[2018.11.04-00.16.28:386][805]LogModuleManager: Shutting down and abandoning module AnimGraphRuntime (18)
[2018.11.04-00.16.28:386][805]LogModuleManager: Shutting down and abandoning module Renderer (16)
[2018.11.04-00.16.28:386][805]LogModuleManager: Shutting down and abandoning module Engine (14)
[2018.11.04-00.16.28:386][805]LogModuleManager: Shutting down and abandoning module CoreUObject (12)
[2018.11.04-00.16.28:386][805]LogModuleManager: Shutting down and abandoning module NetworkFile (10)
[2018.11.04-00.16.28:386][805]LogModuleManager: Shutting down and abandoning module CookedIterativeFile (8)
[2018.11.04-00.16.28:386][805]LogModuleManager: Shutting down and abandoning module StreamingFile (6)
[2018.11.04-00.16.28:386][805]LogModuleManager: Shutting down and abandoning module SandboxFile (4)
[2018.11.04-00.16.28:386][805]LogModuleManager: Shutting down and abandoning module PakFile (2)
[2018.11.04-00.16.28:393][805]LogExit: Exiting.
[2018.11.04-00.16.28:396][805]Log file closed, 11/04/18 03:16:28
