Log file open, 11/03/18 17:34:20
LogWindows: Failed to load 'aqProf.dll' (GetLastError=126)
LogWindows: File 'aqProf.dll' does not exist
LogWindows: Failed to load 'VSPerf140.dll' (GetLastError=126)
LogWindows: File 'VSPerf140.dll' does not exist
LogWindows: Failed to load 'VtuneApi.dll' (GetLastError=126)
LogWindows: File 'VtuneApi.dll' does not exist
LogWindows: Failed to load 'VtuneApi32e.dll' (GetLastError=126)
LogWindows: File 'VtuneApi32e.dll' does not exist
LogInit: Display: Running engine for game: GJ_TeamCarry
LogPlatformFile: Not using cached read wrapper
LogTaskGraph: Started task graph with 5 named threads and 23 total threads with 3 sets of task threads.
LogStats: Stats thread started at 0.338638
LogD3D11RHI: Loaded GFSDK_Aftermath_Lib.x64.dll
LogICUInternationalization: Display: ICU TimeZone Detection - Raw Offset: +2:00, Platform Override: ''
LogPluginManager: Mounting plugin Paper2D
LogPluginManager: Mounting plugin AISupport
LogPluginManager: Mounting plugin LightPropagationVolume
LogPluginManager: Mounting plugin CLionSourceCodeAccess
LogPluginManager: Mounting plugin CodeLiteSourceCodeAccess
LogPluginManager: Mounting plugin GitSourceControl
LogPluginManager: Mounting plugin KDevelopSourceCodeAccess
LogPluginManager: Mounting plugin NullSourceCodeAccess
LogPluginManager: Mounting plugin PerforceSourceControl
LogPluginManager: Mounting plugin SubversionSourceControl
LogPluginManager: Mounting plugin UObjectPlugin
LogPluginManager: Mounting plugin VisualStudioCodeSourceCodeAccess
LogPluginManager: Mounting plugin VisualStudioSourceCodeAccess
LogPluginManager: Mounting plugin XCodeSourceCodeAccess
LogPluginManager: Mounting plugin AssetManagerEditor
LogPluginManager: Mounting plugin CryptoKeys
LogPluginManager: Mounting plugin DataValidation
LogPluginManager: Mounting plugin FacialAnimation
LogPluginManager: Mounting plugin GameplayTagsEditor
LogPluginManager: Mounting plugin MacGraphicsSwitching
LogPluginManager: Mounting plugin MeshEditor
LogPluginManager: Mounting plugin MobileLauncherProfileWizard
LogPluginManager: Mounting plugin PluginBrowser
LogPluginManager: Mounting plugin SpeedTreeImporter
LogPluginManager: Mounting plugin DatasmithContent
LogPluginManager: Mounting plugin AlembicImporter
LogPluginManager: Mounting plugin AppleImageUtils
LogPluginManager: Mounting plugin AppleVision
LogPluginManager: Mounting plugin BackChannel
LogPluginManager: Mounting plugin CharacterAI
LogPluginManager: Mounting plugin GeometryCache
LogPluginManager: Mounting plugin HTML5Networking
LogPluginManager: Mounting plugin ProxyLODPlugin
LogPluginManager: Mounting plugin MagicLeap
LogPluginManager: Mounting plugin MagicLeapEmulator
LogPluginManager: Mounting plugin MagicLeapMedia
LogPluginManager: Mounting plugin AndroidMedia
LogPluginManager: Mounting plugin AvfMedia
LogPluginManager: Mounting plugin ImgMedia
LogPluginManager: Mounting plugin LinearTimecode
LogPluginManager: Mounting plugin MediaCompositing
LogPluginManager: Mounting plugin MediaPlayerEditor
LogPluginManager: Mounting plugin WmfMedia
LogPluginManager: Mounting plugin TcpMessaging
LogPluginManager: Mounting plugin UdpMessaging
LogPluginManager: Mounting plugin ActorSequence
LogPluginManager: Mounting plugin LevelSequenceEditor
LogPluginManager: Mounting plugin MatineeToLevelSequence
LogPluginManager: Mounting plugin NetcodeUnitTest
LogPluginManager: Mounting plugin NUTUnrealEngine4
LogPluginManager: Mounting plugin OnlineSubsystemGooglePlay
LogPluginManager: Mounting plugin OnlineSubsystemIOS
LogPluginManager: Mounting plugin OnlineSubsystem
LogPluginManager: Mounting plugin OnlineSubsystemNull
LogPluginManager: Mounting plugin OnlineSubsystemUtils
LogPluginManager: Mounting plugin LauncherChunkInstaller
LogPluginManager: Mounting plugin AndroidDeviceProfileSelector
LogPluginManager: Mounting plugin AndroidMoviePlayer
LogPluginManager: Mounting plugin AndroidPermission
LogPluginManager: Mounting plugin AppleMoviePlayer
LogPluginManager: Mounting plugin ArchVisCharacter
LogPluginManager: Mounting plugin AudioCapture
LogPluginManager: Mounting plugin CableComponent
LogPluginManager: Mounting plugin CustomMeshComponent
LogPluginManager: Mounting plugin EditableMesh
LogPluginManager: Mounting plugin ExampleDeviceProfileSelector
LogPluginManager: Mounting plugin GoogleCloudMessaging
LogPluginManager: Mounting plugin ImmediatePhysics
LogPluginManager: Mounting plugin IOSDeviceProfileSelector
LogPluginManager: Mounting plugin LinuxDeviceProfileSelector
LogPluginManager: Mounting plugin LocationServicesBPLibrary
LogPluginManager: Mounting plugin MobilePatchingUtils
LogPluginManager: Mounting plugin OculusVR
LogPluginManager: Plugin shader directory ../../../Engine/Plugins/Runtime/Oculus/OculusVR/Shaders found
LogPluginManager: Mapping shader source directory ../../../Engine/Plugins/Runtime/Oculus/OculusVR/Shaders to virtual directory /Plugin/OculusVR
LogPluginManager: Mounting plugin PhysXVehicles
LogPluginManager: Mounting plugin ProceduralMeshComponent
LogPluginManager: Mounting plugin RuntimePhysXCooking
LogPluginManager: Mounting plugin SteamVR
LogPluginManager: Mounting plugin WindowsMoviePlayer
LogStreaming: Display: Took  0.262s to configure plugins.
LogInit: Using libcurl 7.55.1-DEV
LogInit:  - built for x86_64-pc-win32
LogInit:  - supports SSL with OpenSSL/1.0.2h
LogInit:  - supports HTTP deflate (compression) using libz 1.2.8
LogInit:  - other features:
LogInit:      CURL_VERSION_SSL
LogInit:      CURL_VERSION_LIBZ
LogInit:      CURL_VERSION_IPV6
LogInit:      CURL_VERSION_ASYNCHDNS
LogInit:      CURL_VERSION_LARGEFILE
LogInit:      CURL_VERSION_IDN
LogInit:  CurlRequestOptions (configurable via config and command line):
LogInit:  - bVerifyPeer = false  - Libcurl will NOT verify peer certificate
LogInit:  - bUseHttpProxy = false  - Libcurl will NOT use HTTP proxy
LogInit:  - bDontReuseConnections = false  - Libcurl will reuse connections
LogInit:  - CertBundlePath = nullptr  - Libcurl will use whatever was configured at build time.
LogInit:  - MaxHostConnections = 16  - Libcurl will limit the number of connections to a host
LogInit:  - LocalHostAddr = Default
LogInit:  - BufferSize = 65536
LogInit: WinSock: version 1.1 (2.2), MaxSocks=32767, MaxUdp=65467
LogInit: Build: ++UE4+Release-4.20-CL-4369336
LogInit: Engine Version: 4.20.3-4369336+++UE4+Release-4.20
LogInit: Compatible Engine Version: 4.20.0-4212847+++UE4+Release-4.20
LogInit: Net CL: 4212847
LogInit: OS: Windows 10 (), CPU:       Intel(R) Core(TM) i7-3630QM CPU @ 2.40GHz, GPU: Intel(R) HD Graphics 4000
LogInit: Compiled (64-bit): Sep 17 2018 12:26:19
LogInit: Compiled with Visual C++: 19.13.26129.00
LogInit: Build Configuration: Development
LogInit: Branch Name: ++UE4+Release-4.20
LogInit: Command Line: -EpicPortal  -epicusername="volkanhto" -epicuserid=8c43f846cfb54a83be397d83d4336c00 -epiclocale=en-US
LogInit: Base Directory: C:/Program Files/Epic Games/UE_4.20/Engine/Binaries/Win64/
LogInit: Installed Engine Build: 1
LogDevObjectVersion: Number of dev versions registered: 20
LogDevObjectVersion:   Dev-Blueprints (B0D832E4-1F89-4F0D-ACCF-7EB736FD4AA2): 10
LogDevObjectVersion:   Dev-Build (E1C64328-A22C-4D53-A36C-8E866417BD8C): 0
LogDevObjectVersion:   Dev-Core (375EC13C-06E4-48FB-B500-84F0262A717E): 2
LogDevObjectVersion:   Dev-Editor (E4B068ED-F494-42E9-A231-DA0B2E46BB41): 24
LogDevObjectVersion:   Dev-Framework (CFFC743F-43B0-4480-9391-14DF171D2073): 34
LogDevObjectVersion:   Dev-Mobile (B02B49B5-BB20-44E9-A304-32B752E40360): 2
LogDevObjectVersion:   Dev-Networking (A4E4105C-59A1-49B5-A7C5-40C4547EDFEE): 0
LogDevObjectVersion:   Dev-Online (39C831C9-5AE6-47DC-9A44-9C173E1C8E7C): 0
LogDevObjectVersion:   Dev-Physics (78F01B33-EBEA-4F98-B9B4-84EACCB95AA2): 0
LogDevObjectVersion:   Dev-Platform (6631380F-2D4D-43E0-8009-CF276956A95A): 0
LogDevObjectVersion:   Dev-Rendering (12F88B9F-8875-4AFC-A67C-D90C383ABD29): 26
LogDevObjectVersion:   Dev-Sequencer (7B5AE74C-D270-4C10-A958-57980B212A5A): 9
LogDevObjectVersion:   Dev-VR (D7296918-1DD6-4BDD-9DE2-64A83CC13884): 2
LogDevObjectVersion:   Dev-LoadTimes (C2A15278-BFE7-4AFE-6C17-90FF531DF755): 1
LogDevObjectVersion:   Private-Geometry (6EACA3D4-40EC-4CC1-B786-8BED09428FC5): 3
LogDevObjectVersion:   Dev-AnimPhys (29E575DD-E0A3-4627-9D10-D276232CDCEA): 17
LogDevObjectVersion:   Dev-ReflectionCapture (6B266CEC-1EC7-4B8F-A30B-E4D90942FC07): 1
LogDevObjectVersion:   Dev-Automation (0DF73D61-A23F-47EA-B727-89E90C41499A): 1
LogDevObjectVersion:   FortniteMain (601D1886-AC64-4F84-AA16-D3DE0DEAC7D6): 12
LogDevObjectVersion:   Dev-Enterprise (9DFFBCD6-494F-0158-E221-12823C92A888): 1
LogStreaming: Display: Took  0.002s to delete old logs.
LogInit: Presizing for max 8388607 objects, including 0 objects not considered by GC, pre-allocating 0 bytes for permanent pool.
LogInit: Object subsystem initialized
[2018.11.03-14.34.20:673][  0]LogInit: Selected Device Profile: [Windows]
[2018.11.03-14.34.20:673][  0]LogInit: Applying CVar settings loaded from the selected device profile: [Windows]
[2018.11.03-14.34.20:701][  0]LogHAL: Display: Platform has ~ 16 GB [17071804416 / 17179869184 / 16], which maps to Larger [LargestMinGB=32, LargerMinGB=12, DefaultMinGB=8, SmallerMinGB=6, SmallestMinGB=0)
[2018.11.03-14.34.20:701][  0]LogInit: Setting Device Profile CVar: [[r.Vulkan.UseRealUBs:1]]
[2018.11.03-14.34.20:702][  0]LogInit: Going up to parent DeviceProfile []
[2018.11.03-14.34.20:702][  0]LogInit: Computer: DESKTOP-9MMCUVL
[2018.11.03-14.34.20:702][  0]LogInit: User: MSI
[2018.11.03-14.34.20:702][  0]LogInit: CPU Page size=4096, Cores=4
[2018.11.03-14.34.20:702][  0]LogInit: High frequency timer resolution =2.338447 MHz
[2018.11.03-14.34.20:702][  0]LogMemory: Memory total: Physical=15.9GB (16GB approx)
[2018.11.03-14.34.20:702][  0]LogMemory: Platform Memory Stats for Windows
[2018.11.03-14.34.20:702][  0]LogMemory: Process Physical Memory: 100.59 MB used, 100.59 MB peak
[2018.11.03-14.34.20:702][  0]LogMemory: Process Virtual Memory: 89.43 MB used, 89.43 MB peak
[2018.11.03-14.34.20:702][  0]LogMemory: Physical Memory: 7906.56 MB used,  8374.38 MB free, 16280.94 MB total
[2018.11.03-14.34.20:702][  0]LogMemory: Virtual Memory: 4638.97 MB used,  8374.38 MB free, 134217728.00 MB total
[2018.11.03-14.34.20:735][  0]LogInit: Using OS detected language (en-US).
[2018.11.03-14.34.20:735][  0]LogInit: Using OS detected locale (tr-TR).
[2018.11.03-14.34.20:737][  0]LogTextLocalizationManager: No specific localization for 'en-US' exists, so the 'en' localization will be used.
[2018.11.03-14.34.21:185][  0]LogStreaming: Display: Took  0.450s to InitEngineTextLocalization.
[2018.11.03-14.34.21:186][  0]LogInit: Setting process to per monitor DPI aware
[2018.11.03-14.34.21:232][  0]LogSlate: New Slate User Created.  User Index 0, Is Virtual User: 0
[2018.11.03-14.34.21:232][  0]LogSlate: Slate User Registered.  User Index 0, Is Virtual User: 0
[2018.11.03-14.34.21:541][  0]LogHMD: Failed to initialize OpenVR with code 110
[2018.11.03-14.34.21:541][  0]LogD3D11RHI: D3D11 adapters:
[2018.11.03-14.34.21:656][  0]LogD3D11RHI:    0. 'NVIDIA GeForce GTX 660M' (Feature Level 11_0)
[2018.11.03-14.34.21:657][  0]LogD3D11RHI:       2007/0/8140 MB DedicatedVideo/DedicatedSystem/SharedSystem, Outputs:1, VendorId:0x10de
[2018.11.03-14.34.21:664][  0]LogD3D11RHI:    1. 'Intel(R) HD Graphics 4000' (Feature Level 11_0)
[2018.11.03-14.34.21:664][  0]LogD3D11RHI:       32/0/1760 MB DedicatedVideo/DedicatedSystem/SharedSystem, Outputs:0, VendorId:0x8086
[2018.11.03-14.34.21:666][  0]LogD3D11RHI:    2. 'Microsoft Basic Render Driver' (Feature Level 11_0)
[2018.11.03-14.34.21:666][  0]LogD3D11RHI:       0/0/8140 MB DedicatedVideo/DedicatedSystem/SharedSystem, Outputs:0, VendorId:0x1414
[2018.11.03-14.34.21:666][  0]LogD3D11RHI: Chosen D3D11 Adapter: 0
[2018.11.03-14.34.21:716][  0]LogD3D11RHI: Creating new Direct3DDevice
[2018.11.03-14.34.21:716][  0]LogD3D11RHI:     GPU DeviceId: 0xfd4 (for the marketing name, search the web for "GPU Device Id")
[2018.11.03-14.34.21:716][  0]LogWindows: EnumDisplayDevices:
[2018.11.03-14.34.21:716][  0]LogWindows:    0. 'Intel(R) HD Graphics 4000' (P:1 D:1)
[2018.11.03-14.34.21:716][  0]LogWindows:    1. 'Intel(R) HD Graphics 4000' (P:0 D:0)
[2018.11.03-14.34.21:717][  0]LogWindows:    2. 'Intel(R) HD Graphics 4000' (P:0 D:0)
[2018.11.03-14.34.21:717][  0]LogWindows: DebugString: PrimaryIsNotTheChoosenAdapter PrimaryIsNotTheChoosenAdapter PrimaryIsNotTheChoosenAdapter FoundDriverCount:0 
[2018.11.03-14.34.21:717][  0]LogD3D11RHI:     Adapter Name: NVIDIA GeForce GTX 660M
[2018.11.03-14.34.21:717][  0]LogD3D11RHI:   Driver Version: Unknown (internal:Unknown, unified:Unknown)
[2018.11.03-14.34.21:717][  0]LogD3D11RHI:      Driver Date: Unknown
[2018.11.03-14.34.21:717][  0]LogRHI: Texture pool is 1405 MB (70% of 2007 MB)
[2018.11.03-14.34.21:790][  0]LogD3D11RHI: Async texture creation enabled
[2018.11.03-14.34.21:849][  0]LogD3D11RHI: GPU Timing Frequency: 1000.000000 (Debug: 2 2)
[2018.11.03-14.34.21:850][  0]LogShaderCompilers: Guid format shader working directory is -55 characters bigger than the processId version (../../../../../../Users/MSI/Documents/[Unreal Projects]/GitClone/Team Carry/TeamCarry/GJ_TeamCarry/Intermediate/Shaders/WorkingDirectory/16868/).
[2018.11.03-14.34.21:851][  0]LogShaderCompilers: Cleaned the shader compiler working directory 'C:/Users/MSI/AppData/Local/Temp/UnrealShaderWorkingDir/CBD0287A489447920B515CA761F16820/'.
[2018.11.03-14.34.22:262][  0]LogTemp: Display: Loaded TP AllDesktopTargetPlatform
[2018.11.03-14.34.22:281][  0]LogTemp: Display: Loaded TP MacClientTargetPlatform
[2018.11.03-14.34.22:300][  0]LogTemp: Display: Loaded TP MacNoEditorTargetPlatform
[2018.11.03-14.34.22:318][  0]LogTemp: Display: Loaded TP MacServerTargetPlatform
[2018.11.03-14.34.22:338][  0]LogTemp: Display: Loaded TP MacTargetPlatform
[2018.11.03-14.34.22:356][  0]LogTemp: Display: Loaded TP WindowsClientTargetPlatform
[2018.11.03-14.34.22:375][  0]LogTemp: Display: Loaded TP WindowsNoEditorTargetPlatform
[2018.11.03-14.34.22:394][  0]LogTemp: Display: Loaded TP WindowsServerTargetPlatform
[2018.11.03-14.34.22:404][  0]LogTemp: Display: Loaded TP WindowsTargetPlatform
[2018.11.03-14.34.22:505][  0]LogTemp: Display: Loaded TP AndroidTargetPlatform
[2018.11.03-14.34.22:505][  0]LogTemp: Display: Loaded TP AndroidTargetPlatform
[2018.11.03-14.34.22:505][  0]LogTemp: Display: Loaded TP AndroidTargetPlatform
[2018.11.03-14.34.22:506][  0]LogTemp: Display: Loaded TP AndroidTargetPlatform
[2018.11.03-14.34.22:506][  0]LogTemp: Display: Loaded TP AndroidTargetPlatform
[2018.11.03-14.34.22:506][  0]LogTemp: Display: Loaded TP AndroidTargetPlatform
[2018.11.03-14.34.22:506][  0]LogTemp: Display: Loaded TP AndroidTargetPlatform
[2018.11.03-14.34.22:506][  0]LogTemp: Display: Loaded TP AndroidTargetPlatform
[2018.11.03-14.34.22:506][  0]LogTemp: Display: Loaded TP AndroidTargetPlatform
[2018.11.03-14.34.22:506][  0]LogTemp: Display: Loaded TP AndroidTargetPlatform
[2018.11.03-14.34.22:506][  0]LogTemp: Display: Loaded TP AndroidTargetPlatform
[2018.11.03-14.34.22:506][  0]LogTemp: Display: Loaded TP AndroidTargetPlatform
[2018.11.03-14.34.22:506][  0]LogTemp: Display: Loaded TP AndroidTargetPlatform
[2018.11.03-14.34.22:506][  0]LogTemp: Display: Loaded TP AndroidTargetPlatform
[2018.11.03-14.34.22:506][  0]LogTemp: Display: Loaded TP AndroidTargetPlatform
[2018.11.03-14.34.22:506][  0]LogTemp: Display: Loaded TP AndroidTargetPlatform
[2018.11.03-14.34.22:506][  0]LogTemp: Display: Loaded TP AndroidTargetPlatform
[2018.11.03-14.34.22:506][  0]LogTemp: Display: Loaded TP AndroidTargetPlatform
[2018.11.03-14.34.22:508][  0]LogTemp: Display: Loaded TP HTML5TargetPlatform
[2018.11.03-14.34.22:579][  0]LogTemp: Display: Loaded TP IOSTargetPlatform
[2018.11.03-14.34.22:579][  0]LogTemp: Display: Loaded TP IOSTargetPlatform
[2018.11.03-14.34.22:642][  0]LogTemp: Display: Loaded TP TVOSTargetPlatform
[2018.11.03-14.34.22:642][  0]LogTemp: Display: Loaded TP TVOSTargetPlatform
[2018.11.03-14.34.22:658][  0]LogTemp: Display: Loaded TP LinuxClientTargetPlatform
[2018.11.03-14.34.22:675][  0]LogTemp: Display: Loaded TP LinuxNoEditorTargetPlatform
[2018.11.03-14.34.22:691][  0]LogTemp: Display: Loaded TP LinuxServerTargetPlatform
[2018.11.03-14.34.22:709][  0]LogTemp: Display: Loaded TP LinuxTargetPlatform
[2018.11.03-14.34.22:721][  0]LogTemp: Display: Loaded TP LuminTargetPlatform
[2018.11.03-14.34.22:721][  0]LogTargetPlatformManager: Display: Building Assets For Windows
[2018.11.03-14.34.22:839][  0]LogXGEController: Cannot use XGE Controller as Incredibuild is not installed on this machine.
[2018.11.03-14.34.22:840][  0]LogShaderCompilers: Cannot use XGE Shader Compiler as Incredibuild is not installed on this machine.
[2018.11.03-14.34.22:840][  0]LogShaderCompilers: Display: Using Local Shader Compiler.
[2018.11.03-14.34.23:854][  0]LogDerivedDataCache: Display: Max Cache Size: 512 MB
[2018.11.03-14.34.23:955][  0]LogDerivedDataCache: Loaded boot cache 0.10s 71MB C:/Users/MSI/AppData/Local/UnrealEngine/4.20/DerivedDataCache/Boot.ddc.
[2018.11.03-14.34.23:956][  0]LogDerivedDataCache: Display: Loaded Boot cache: C:/Users/MSI/AppData/Local/UnrealEngine/4.20/DerivedDataCache/Boot.ddc
[2018.11.03-14.34.23:956][  0]LogDerivedDataCache: FDerivedDataBackendGraph:  Pak pak cache file ../../../../../../Users/MSI/Documents/[Unreal Projects]/GitClone/Team Carry/TeamCarry/GJ_TeamCarry/DerivedDataCache/DDC.ddp not found, will not use a pak cache.
[2018.11.03-14.34.23:957][  0]LogDerivedDataCache: Unable to find inner node Pak for hierarchical cache Hierarchy.
[2018.11.03-14.34.23:957][  0]LogDerivedDataCache: FDerivedDataBackendGraph:  CompressedPak pak cache file ../../../../../../Users/MSI/Documents/[Unreal Projects]/GitClone/Team Carry/TeamCarry/GJ_TeamCarry/DerivedDataCache/Compressed.ddp not found, will not use a pak cache.
[2018.11.03-14.34.23:957][  0]LogDerivedDataCache: Unable to find inner node CompressedPak for hierarchical cache Hierarchy.
[2018.11.03-14.34.23:974][  0]LogDerivedDataCache: Display: Pak cache opened for reading ../../../Engine/DerivedDataCache/Compressed.ddp.
[2018.11.03-14.34.23:987][  0]LogDerivedDataCache: Using Local data cache path C:/Users/MSI/AppData/Local/UnrealEngine/Common/DerivedDataCache: Writable
[2018.11.03-14.34.23:987][  0]LogDerivedDataCache: Shared data cache path not found in *engine.ini, will not use an Shared cache.
[2018.11.03-14.34.23:987][  0]LogDerivedDataCache: Unable to find inner node Shared for hierarchical cache Hierarchy.
[2018.11.03-14.34.24:012][  0]LogMaterial: Verifying Global Shaders for PCD3D_SM5
[2018.11.03-14.34.24:013][  0]LogSlate: Using FreeType 2.6.0
[2018.11.03-14.34.24:014][  0]LogSlate: SlateFontServices - WITH_FREETYPE: 1, WITH_HARFBUZZ: 1
[2018.11.03-14.34.24:105][  0]LogAssetRegistry: FAssetRegistry took 0.0277 seconds to start up
[2018.11.03-14.34.24:645][  0]LogInit: Selected Device Profile: [Windows]
[2018.11.03-14.34.24:864][  0]LogSimplygon: Simplygon DLL not present - disabling.
[2018.11.03-14.34.24:871][  0]LogMeshReduction: Using SimplygonSwarm for distributed automatic mesh merging
[2018.11.03-14.34.24:871][  0]LogMeshReduction: Using ProxyLODMeshReduction for automatic mesh merging
[2018.11.03-14.34.24:871][  0]LogMeshReduction: Using QuadricMeshReduction for automatic static mesh reduction
[2018.11.03-14.34.24:872][  0]LogMeshReduction: No automatic skeletal mesh reduction module available
[2018.11.03-14.34.24:890][  0]LogNetVersion: GJ_TeamCarry 1.0.0, NetCL: 4212847, EngineNetVer: 5, GameNetVer: 0 (Checksum: 3632271904)
[2018.11.03-14.34.25:667][  0]LogPackageLocalizationCache: Processed 11 localized package path(s) for 2 prioritized culture(s) in 0.205843 seconds
[2018.11.03-14.34.25:675][  0]LogUObjectArray: 38425 objects as part of root set at end of initial load.
[2018.11.03-14.34.25:675][  0]LogUObjectAllocator: 6690872 out of 0 bytes used by permanent object pool.
[2018.11.03-14.34.25:675][  0]LogUObjectArray: CloseDisregardForGC: 0/0 objects in disregard for GC pool
[2018.11.03-14.34.26:922][  0]LogTcpMessaging: Initializing TcpMessaging bridge
[2018.11.03-14.34.26:952][  0]LogUdpMessaging: Initializing bridge on interface 0.0.0.0:0 to multicast group 230.0.0.1:6666.
[2018.11.03-14.34.27:133][  0]SourceControl: Source control is disabled
[2018.11.03-14.34.27:133][  0]SourceControl: Source control is disabled
[2018.11.03-14.34.27:135][  0]SourceControl: Source control is disabled
[2018.11.03-14.34.27:137][  0]SourceControl: Source control is disabled
[2018.11.03-14.34.27:388][  0]LogAndroidPermission: UAndroidPermissionCallbackProxy::GetInstance
[2018.11.03-14.34.27:464][  0]LogOcInput: OculusInput pre-init called
[2018.11.03-14.34.27:561][  0]LogEngine: Initializing Engine...
[2018.11.03-14.34.27:562][  0]LogHMD: Failed to initialize OpenVR with code 110
[2018.11.03-14.34.27:564][  0]LogStats: UGameplayTagsManager::ConstructGameplayTagTree: ImportINI prefixes -  0.000 s
[2018.11.03-14.34.27:564][  0]LogStats: UGameplayTagsManager::ConstructGameplayTagTree: Construct from data asset -  0.000 s
[2018.11.03-14.34.27:564][  0]LogStats: UGameplayTagsManager::ConstructGameplayTagTree: ImportINI -  0.000 s
[2018.11.03-14.34.27:564][  0]LogStats: UGameplayTagsManager::ConstructGameplayTagTree: GameplayTagTreeChangedEvent.Broadcast -  0.000 s
[2018.11.03-14.34.27:836][  0]LogInit: Initializing FReadOnlyCVARCache
[2018.11.03-14.34.27:862][  0]LogAIModule: Creating AISystem for world Untitled
[2018.11.03-14.34.27:887][  0]LogInit: XAudio2 using 'Speakers (Realtek High Definition Audio)' : 2 channels at 48 kHz using 32 bits per sample (channel mask 0x3)
[2018.11.03-14.34.27:909][  0]LogInit: FAudioDevice initialized.
[2018.11.03-14.34.27:910][  0]LogNetVersion: Set ProjectVersion to 1.0.0.0. Version Checksum will be recalculated on next use.
[2018.11.03-14.34.28:025][  0]LogDerivedDataCache: Saved boot cache 0.11s 71MB C:/Users/MSI/AppData/Local/UnrealEngine/4.20/DerivedDataCache/Boot.ddc.
[2018.11.03-14.34.28:029][  0]LogInit: Texture streaming: Enabled
[2018.11.03-14.34.28:060][  0]LogEngineSessionManager: EngineSessionManager initialized
[2018.11.03-14.34.28:086][  0]LogInit: Transaction tracking system initialized
[2018.11.03-14.34.28:132][  0]BlueprintLog: New page: Editor Load
[2018.11.03-14.34.28:391][  0]LocalizationService: Localization service is disabled
[2018.11.03-14.34.28:760][  0]LogCook: Display: Max memory allowance for cook 16384mb min free memory 0mb
[2018.11.03-14.34.28:760][  0]LogCook: Display: Mobile HDR setting 1
[2018.11.03-14.34.28:760][  0]LogGameplayTags: Display: UGameplayTagsManager::DoneAddingNativeTags. DelegateIsBound: 0
[2018.11.03-14.34.28:760][  0]LogStats: UGameplayTagsManager::ConstructGameplayTagTree: ImportINI prefixes -  0.000 s
[2018.11.03-14.34.28:760][  0]LogStats: UGameplayTagsManager::ConstructGameplayTagTree: Construct from data asset -  0.000 s
[2018.11.03-14.34.28:760][  0]LogStats: UGameplayTagsManager::ConstructGameplayTagTree: ImportINI -  0.000 s
[2018.11.03-14.34.28:760][  0]LogStats: UGameplayTagsManager::ConstructGameplayTagTree: GameplayTagTreeChangedEvent.Broadcast -  0.000 s
[2018.11.03-14.34.28:965][  0]LogFileCache: Scanning file cache for directory 'C:/Users/MSI/Documents/[Unreal Projects]/GitClone/Team Carry/TeamCarry/GJ_TeamCarry/Content/' took 0.01s
[2018.11.03-14.34.28:965][  0]SourceControl: Source control is disabled
[2018.11.03-14.34.28:966][  0]LightingResults: New page: Lighting Build
[2018.11.03-14.34.28:971][  0]MapCheck: New page: Map Check
[2018.11.03-14.34.28:971][  0]LightingResults: New page: Lighting Build
[2018.11.03-14.34.29:708][  0]LogAIModule: Creating AISystem for world FirstPersonExampleMap
[2018.11.03-14.34.29:734][  0]LogEditorServer: Finished looking for orphan Actors (0.000 secs)
[2018.11.03-14.34.29:759][  0]Cmd: MAP CHECKDEP NOCLEARLOG
[2018.11.03-14.34.29:890][  0]MapCheck: Map check complete: 0 Error(s), 0 Warning(s), took 130,526ms to complete.
[2018.11.03-14.34.29:890][  0]LogFileHelpers: Loading map 'FirstPersonExampleMap' took 0.925
[2018.11.03-14.34.30:033][  0]LogSlate: Updating window title bar state: overlay mode, drag disabled, window buttons hidden, title bar hidden
[2018.11.03-14.34.30:043][  0]LogSlate: Updating window title bar state: overlay mode, drag disabled, window buttons hidden, title bar hidden
[2018.11.03-14.34.30:052][  0]LogSlate: Updating window title bar state: overlay mode, drag disabled, window buttons hidden, title bar hidden
[2018.11.03-14.34.30:062][  0]LogSlate: Updating window title bar state: overlay mode, drag disabled, window buttons hidden, title bar hidden
[2018.11.03-14.34.30:073][  0]LogCollectionManager: Loaded 0 collections in 0.003359 seconds
[2018.11.03-14.34.30:128][  0]LogFileCache: Scanning file cache for directory 'C:/Users/MSI/Documents/[Unreal Projects]/GitClone/Team Carry/TeamCarry/GJ_TeamCarry/Saved/Collections/' took 0.01s
[2018.11.03-14.34.30:128][  0]LogFileCache: Scanning file cache for directory 'C:/Users/MSI/Documents/[Unreal Projects]/GitClone/Team Carry/TeamCarry/GJ_TeamCarry/Content/Developers/MSI/Collections/' took 0.01s
[2018.11.03-14.34.30:128][  0]LogFileCache: Scanning file cache for directory 'C:/Users/MSI/Documents/[Unreal Projects]/GitClone/Team Carry/TeamCarry/GJ_TeamCarry/Content/Collections/' took 0.01s
[2018.11.03-14.34.30:128][  0]LogCollectionManager: Rebuilt the GUID cache for 0 collections in 0.000000 seconds
[2018.11.03-14.34.30:140][  0]LogContentBrowser: Native class hierarchy populated in 0.0118 seconds. Added 2572 classes and 603 folders.
[2018.11.03-14.34.30:151][  0]LogContentBrowser: Native class hierarchy updated for 'WidgetCarousel' in 0.0003 seconds. Added 0 classes and 0 folders.
[2018.11.03-14.34.30:231][  0]LogContentBrowser: Native class hierarchy updated for 'AddContentDialog' in 0.0003 seconds. Added 0 classes and 0 folders.
[2018.11.03-14.34.30:239][  0]LogContentBrowser: Native class hierarchy updated for 'SceneOutliner' in 0.0004 seconds. Added 1 classes and 2 folders.
[2018.11.03-14.34.30:345][  0]LogSlate: Took 0.001344 seconds to synchronously load lazily loaded font '../../../Engine/Content/Slate/Fonts/Roboto-Regular.ttf' (155K)
[2018.11.03-14.34.30:349][  0]LogSlate: Took 0.000264 seconds to synchronously load lazily loaded font '../../../Engine/Content/Slate/Fonts/Roboto-Bold.ttf' (160K)
[2018.11.03-14.34.30:356][  0]LogSlate: Took 0.000481 seconds to synchronously load lazily loaded font '../../../Engine/Content/Editor/Slate/Fonts/FontAwesome.ttf' (139K)
[2018.11.03-14.34.30:461][  0]LogRenderer: Reallocating scene render targets to support 1188x664 Format 10 NumSamples 1 (Frame:1).
[2018.11.03-14.34.30:710][  0]LogContentBrowser: Native class hierarchy updated for 'HierarchicalLODOutliner' in 0.0004 seconds. Added 0 classes and 0 folders.
[2018.11.03-14.34.30:710][  0]LogLoad: (Engine Initialization) Total time: 13.08 seconds
[2018.11.03-14.34.30:710][  0]LogLoad: (Engine Initialization) Total Blueprint compile time: 0.00 seconds
[2018.11.03-14.34.30:729][  0]LogWindowsTextInputMethodSystem: Display: IME system now deactivated.
[2018.11.03-14.34.30:770][  0]LogContentStreaming: Texture pool size now 1000 MB
[2018.11.03-14.34.30:789][  0]LogSlate: Took 0.000290 seconds to synchronously load lazily loaded font '../../../Engine/Content/Slate/Fonts/Roboto-Light.ttf' (167K)
[2018.11.03-14.34.30:814][  1]LogAssetRegistry: Asset discovery search completed in 6.7318 seconds
[2018.11.03-14.34.30:816][  1]LogCollectionManager: Rebuilt the object cache for 0 collections in 0.000001 seconds (found 0 objects)
[2018.11.03-14.34.30:816][  1]LogCollectionManager: Fixed up redirectors for 0 collections in 0.000068 seconds (updated 0 objects)
[2018.11.03-14.34.48:046][287]LogSlate: Took 0.000478 seconds to synchronously load lazily loaded font '../../../Engine/Content/Slate/Fonts/Roboto-Light.ttf' (167K)
[2018.11.03-14.34.48:050][287]LogSlate: FSceneViewport::OnFocusLost() reason 2
[2018.11.03-14.34.48:319][287]LogSavePackage: Moving '../../../../../../Users/MSI/Documents/[Unreal Projects]/GitClone/Team Carry/TeamCarry/GJ_TeamCarry/Saved/FirstPersonExampleMapD06DFABB4C62165E39CC58A26981243F.tmp' to '../../../../../../Users/MSI/Documents/[Unreal Projects]/GitClone/Team Carry/TeamCarry/GJ_TeamCarry/Content/FirstPersonBP/Maps/FirstPersonExampleMap.umap'
[2018.11.03-14.34.49:866][287]LogSavePackage: Moving '../../../../../../Users/MSI/Documents/[Unreal Projects]/GitClone/Team Carry/TeamCarry/GJ_TeamCarry/Saved/FirstPersonExampleMap_BuiltData6C06D59044528249DA0DB4BECF79FCF9.tmp' to '../../../../../../Users/MSI/Documents/[Unreal Projects]/GitClone/Team Carry/TeamCarry/GJ_TeamCarry/Content/FirstPersonBP/Maps/FirstPersonExampleMap_BuiltData.uasset'
[2018.11.03-14.34.51:715][394]LogSlate: FSceneViewport::OnFocusLost() reason 2
[2018.11.03-14.34.52:419][436]LogSlate: FSceneViewport::OnFocusLost() reason 2
[2018.11.03-14.34.53:589][436]LogSlate: Only BGRA pngs, bmps or icos are supported in by External Image Picker
[2018.11.03-14.34.53:680][437]LogTemp: Executing iPhonePackager certificates Engine -bundlename com.YourCompany.GJTeamCarry
[2018.11.03-14.34.53:680][437]LogTemp: CWD: C:\Program Files\Epic Games\UE_4.20\Engine\Binaries\DotNET\IOS
[2018.11.03-14.34.53:680][437]LogTemp: Initial Dir: C:\Program Files\Epic Games\UE_4.20
[2018.11.03-14.34.53:680][437]LogTemp: Env CWD: C:\Program Files\Epic Games\UE_4.20\Engine\Binaries\DotNET\IOS
[2018.11.03-14.34.53:680][437]LogTemp: BranchPath = DESKTOP-9MMCUVL/C/Program Files/Epic Games/UE_4.20/Engine/Binaries --- GameBranchPath = DESKTOP-9MMCUVL/C/Program Files/Epic Games/UE_4.20/Engine/Binaries
[2018.11.03-14.34.53:710][438]LogTemp: IPP ERROR: Could not find provision directory 'C:\Users\MSI\AppData\Local/Apple Computer/MobileDevice/Provisioning Profiles/'.
[2018.11.03-14.36.48:215][669]LogSlate: Window 'Project Settings' being destroyed
[2018.11.03-14.36.48:219][669]LogSlate: Window 'Project Settings' being destroyed
[2018.11.03-14.37.35:188][481]LogSlate: FSceneViewport::OnFocusLost() reason 0
[2018.11.03-14.37.37:743][578]LogAssetEditorManager: Opening Asset editor for Blueprint /Game/FirstPersonBP/Blueprints/FirstPersonProjectile.FirstPersonProjectile
[2018.11.03-14.37.38:485][578]LogContentBrowser: Native class hierarchy updated for 'BlueprintGraph' in 0.0018 seconds. Added 116 classes and 0 folders.
[2018.11.03-14.37.39:809][578]LogSlate: Took 0.005353 seconds to synchronously load lazily loaded font '../../../Engine/Content/Slate/Fonts/Roboto-BoldCondensed.ttf' (158K)
[2018.11.03-14.37.39:948][579]LogSlate: Took 0.007778 seconds to synchronously load lazily loaded font '../../../Engine/Content/Slate/Fonts/Roboto-Italic.ttf' (157K)
[2018.11.03-14.38.50:200][968]LogRenderer: Reallocating scene render targets to support 1188x896 Format 10 NumSamples 1 (Frame:1).
[2018.11.03-14.47.50:932][520]LogFileHelpers: Editor autosave (incl. sublevels) for '/Game/FirstPersonBP/Maps/FirstPersonExampleMap' took 0.046
[2018.11.03-14.47.50:938][520]OBJ SavePackage: Generating thumbnails for [1] asset(s) in package [/Game/FirstPersonBP/Blueprints/FirstPersonProjectile] ([1] browsable assets)...
[2018.11.03-14.47.50:966][520]OBJ SavePackage:     Rendered thumbnail for [Blueprint /Game/FirstPersonBP/Blueprints/FirstPersonProjectile.FirstPersonProjectile]
[2018.11.03-14.47.50:966][520]OBJ SavePackage: Finished generating thumbnails for package [/Game/FirstPersonBP/Blueprints/FirstPersonProjectile]
[2018.11.03-14.47.51:019][520]LogSavePackage: Moving '../../../../../../Users/MSI/Documents/[Unreal Projects]/GitClone/Team Carry/TeamCarry/GJ_TeamCarry/Saved/FirstPersonProjectile_Auto10F249DFB4876BD2E2F5413B31FC75C04.tmp' to '../../../../../../Users/MSI/Documents/[Unreal Projects]/GitClone/Team Carry/TeamCarry/GJ_TeamCarry/Saved/Autosaves/Game/FirstPersonBP/Blueprints/FirstPersonProjectile_Auto1.uasset'
[2018.11.03-14.47.51:029][520]LogFileHelpers: Auto-saving content packages took 0.096
[2018.11.03-14.47.52:034][557]LogSlate: FSceneViewport::OnFocusLost() reason 2
[2018.11.03-14.47.52:744][581]LogSlate: FSceneViewport::OnFocusLost() reason 2
[2018.11.03-14.47.52:809][581]LogSavePackage: Moving '../../../../../../Users/MSI/Documents/[Unreal Projects]/GitClone/Team Carry/TeamCarry/GJ_TeamCarry/Saved/FirstPersonProjectile8D54DAD44CFBA53C2B93E4817B4AB66F.tmp' to '../../../../../../Users/MSI/Documents/[Unreal Projects]/GitClone/Team Carry/TeamCarry/GJ_TeamCarry/Content/FirstPersonBP/Blueprints/FirstPersonProjectile.uasset'
[2018.11.03-14.47.53:886][618]LogSlate: FSceneViewport::OnFocusLost() reason 0
[2018.11.03-14.47.54:465][641]BlueprintLog: New page: Compile FirstPersonProjectile
[2018.11.03-14.47.56:034][692]LogTemp: Repeating last play command: Selected Viewport
[2018.11.03-14.47.56:054][692]LogBlueprintUserMessages: Early PlayInEditor Detection: Level '/Game/FirstPersonBP/Maps/FirstPersonExampleMap.FirstPersonExampleMap:PersistentLevel' has LevelScriptBlueprint '/Game/FirstPersonBP/Maps/FirstPersonExampleMap.FirstPersonExampleMap:PersistentLevel.FirstPersonExampleMap' with GeneratedClass '/Game/FirstPersonBP/Maps/FirstPersonExampleMap.FirstPersonExampleMap_C' with ClassGeneratedBy '/Game/FirstPersonBP/Maps/FirstPersonExampleMap.FirstPersonExampleMap:PersistentLevel.FirstPersonExampleMap'
[2018.11.03-14.47.56:054][692]LogPlayLevel: PlayLevel: No blueprints needed recompiling
[2018.11.03-14.47.56:066][692]PIE: New page: PIE session: FirstPersonExampleMap (3 Kas 2018 19:47:56)
[2018.11.03-14.47.56:067][692]LogPlayLevel: Creating play world package: /Game/FirstPersonBP/Maps/UEDPIE_0_FirstPersonExampleMap
[2018.11.03-14.47.56:087][692]LogPlayLevel: PIE: StaticDuplicateObject took: (0.019832s)
[2018.11.03-14.47.56:088][692]LogAIModule: Creating AISystem for world FirstPersonExampleMap
[2018.11.03-14.47.56:088][692]LogPlayLevel: PIE: World Init took: (0.001306s)
[2018.11.03-14.47.56:088][692]LogPlayLevel: PIE: Created PIE world by copying editor world from /Game/FirstPersonBP/Maps/FirstPersonExampleMap.FirstPersonExampleMap to /Game/FirstPersonBP/Maps/UEDPIE_0_FirstPersonExampleMap.FirstPersonExampleMap (0.021386s)
[2018.11.03-14.47.56:137][692]LogInit: XAudio2 using 'Speakers (Realtek High Definition Audio)' : 2 channels at 48 kHz using 32 bits per sample (channel mask 0x3)
[2018.11.03-14.47.56:155][692]LogInit: FAudioDevice initialized.
[2018.11.03-14.47.56:199][692]LogLoad: Game class is 'FirstPersonGameMode_C'
[2018.11.03-14.47.56:203][692]LogWorld: Bringing World /Game/FirstPersonBP/Maps/UEDPIE_0_FirstPersonExampleMap.FirstPersonExampleMap up for play (max tick rate 60) at 2018.11.03-17.47.56
[2018.11.03-14.47.56:205][692]LogWorld: Bringing up level for play took: 0.003191
[2018.11.03-14.47.56:228][692]LogContentBrowser: Native class hierarchy updated for 'MovieSceneCapture' in 0.0004 seconds. Added 10 classes and 0 folders.
[2018.11.03-14.47.56:229][692]PIE: Play in editor start time for /Game/FirstPersonBP/Maps/UEDPIE_0_FirstPersonExampleMap 0,149
[2018.11.03-14.47.56:229][692]LogBlueprintUserMessages: Late PlayInEditor Detection: Level '/Game/FirstPersonBP/Maps/FirstPersonExampleMap.FirstPersonExampleMap:PersistentLevel' has LevelScriptBlueprint '/Game/FirstPersonBP/Maps/FirstPersonExampleMap.FirstPersonExampleMap:PersistentLevel.FirstPersonExampleMap' with GeneratedClass '/Game/FirstPersonBP/Maps/FirstPersonExampleMap.FirstPersonExampleMap_C' with ClassGeneratedBy '/Game/FirstPersonBP/Maps/FirstPersonExampleMap.FirstPersonExampleMap:PersistentLevel.FirstPersonExampleMap'
[2018.11.03-14.48.00:459][921]LogSlate: FSceneViewport::OnFocusLost() reason 0
[2018.11.03-14.48.04:812][181]LogBlueprintUserMessages: Early EndPlayMap Detection: Level '/Game/FirstPersonBP/Maps/FirstPersonExampleMap.FirstPersonExampleMap:PersistentLevel' has LevelScriptBlueprint '/Game/FirstPersonBP/Maps/FirstPersonExampleMap.FirstPersonExampleMap:PersistentLevel.FirstPersonExampleMap' with GeneratedClass '/Game/FirstPersonBP/Maps/FirstPersonExampleMap.FirstPersonExampleMap_C' with ClassGeneratedBy '/Game/FirstPersonBP/Maps/FirstPersonExampleMap.FirstPersonExampleMap:PersistentLevel.FirstPersonExampleMap'
[2018.11.03-14.48.04:813][181]LogSlate: Updating window title bar state: overlay mode, drag disabled, window buttons hidden, title bar hidden
[2018.11.03-14.48.04:849][181]LogPlayLevel: Display: Shutting down PIE online subsystems
[2018.11.03-14.48.04:849][181]LogBlueprintUserMessages: Late EndPlayMap Detection: Level '/Game/FirstPersonBP/Maps/FirstPersonExampleMap.FirstPersonExampleMap:PersistentLevel' has LevelScriptBlueprint '/Game/FirstPersonBP/Maps/FirstPersonExampleMap.FirstPersonExampleMap:PersistentLevel.FirstPersonExampleMap' with GeneratedClass '/Game/FirstPersonBP/Maps/FirstPersonExampleMap.FirstPersonExampleMap_C' with ClassGeneratedBy '/Game/FirstPersonBP/Maps/FirstPersonExampleMap.FirstPersonExampleMap:PersistentLevel.FirstPersonExampleMap'
[2018.11.03-14.48.04:896][181]LogSlate: Updating window title bar state: overlay mode, drag disabled, window buttons hidden, title bar hidden
[2018.11.03-14.48.04:936][182]LogPlayLevel: Display: Destroying online subsystem :Context_6
[2018.11.03-14.48.06:560][236]LogSlate: FSceneViewport::OnFocusLost() reason 2
[2018.11.03-14.48.10:297][357]LogSlate: FSceneViewport::OnFocusLost() reason 0
[2018.11.03-14.48.23:854][838]BlueprintLog: New page: Compile FirstPersonProjectile
[2018.11.03-14.48.25:268][878]LogSavePackage: Moving '../../../../../../Users/MSI/Documents/[Unreal Projects]/GitClone/Team Carry/TeamCarry/GJ_TeamCarry/Saved/FirstPersonProjectileAE3F99DF44A423FC0137359A5B1825FD.tmp' to '../../../../../../Users/MSI/Documents/[Unreal Projects]/GitClone/Team Carry/TeamCarry/GJ_TeamCarry/Content/FirstPersonBP/Blueprints/FirstPersonProjectile.uasset'
[2018.11.03-14.48.26:667][928]LogSlate: FSceneViewport::OnFocusLost() reason 0
[2018.11.03-14.48.28:082][  1]LogSlate: FSceneViewport::OnFocusLost() reason 0
[2018.11.03-14.48.28:165][  6]LogTemp: Repeating last play command: Selected Viewport
[2018.11.03-14.48.28:188][  6]LogBlueprintUserMessages: Early PlayInEditor Detection: Level '/Game/FirstPersonBP/Maps/FirstPersonExampleMap.FirstPersonExampleMap:PersistentLevel' has LevelScriptBlueprint '/Game/FirstPersonBP/Maps/FirstPersonExampleMap.FirstPersonExampleMap:PersistentLevel.FirstPersonExampleMap' with GeneratedClass '/Game/FirstPersonBP/Maps/FirstPersonExampleMap.FirstPersonExampleMap_C' with ClassGeneratedBy '/Game/FirstPersonBP/Maps/FirstPersonExampleMap.FirstPersonExampleMap:PersistentLevel.FirstPersonExampleMap'
[2018.11.03-14.48.28:188][  6]LogPlayLevel: PlayLevel: No blueprints needed recompiling
[2018.11.03-14.48.28:188][  6]PIE: New page: PIE session: FirstPersonExampleMap (3 Kas 2018 19:48:28)
[2018.11.03-14.48.28:188][  6]LogPlayLevel: Creating play world package: /Game/FirstPersonBP/Maps/UEDPIE_0_FirstPersonExampleMap
[2018.11.03-14.48.28:208][  6]LogPlayLevel: PIE: StaticDuplicateObject took: (0.019663s)
[2018.11.03-14.48.28:209][  6]LogAIModule: Creating AISystem for world FirstPersonExampleMap
[2018.11.03-14.48.28:209][  6]LogPlayLevel: PIE: World Init took: (0.001101s)
[2018.11.03-14.48.28:209][  6]LogPlayLevel: PIE: Created PIE world by copying editor world from /Game/FirstPersonBP/Maps/FirstPersonExampleMap.FirstPersonExampleMap to /Game/FirstPersonBP/Maps/UEDPIE_0_FirstPersonExampleMap.FirstPersonExampleMap (0.021004s)
[2018.11.03-14.48.28:249][  6]LogInit: XAudio2 using 'Speakers (Realtek High Definition Audio)' : 2 channels at 48 kHz using 32 bits per sample (channel mask 0x3)
[2018.11.03-14.48.28:265][  6]LogInit: FAudioDevice initialized.
[2018.11.03-14.48.28:301][  6]LogLoad: Game class is 'FirstPersonGameMode_C'
[2018.11.03-14.48.28:305][  6]LogWorld: Bringing World /Game/FirstPersonBP/Maps/UEDPIE_0_FirstPersonExampleMap.FirstPersonExampleMap up for play (max tick rate 60) at 2018.11.03-17.48.28
[2018.11.03-14.48.28:305][  6]LogWorld: Bringing up level for play took: 0.003064
[2018.11.03-14.48.28:320][  6]PIE: Play in editor start time for /Game/FirstPersonBP/Maps/UEDPIE_0_FirstPersonExampleMap 0,241
[2018.11.03-14.48.28:321][  6]LogBlueprintUserMessages: Late PlayInEditor Detection: Level '/Game/FirstPersonBP/Maps/FirstPersonExampleMap.FirstPersonExampleMap:PersistentLevel' has LevelScriptBlueprint '/Game/FirstPersonBP/Maps/FirstPersonExampleMap.FirstPersonExampleMap:PersistentLevel.FirstPersonExampleMap' with GeneratedClass '/Game/FirstPersonBP/Maps/FirstPersonExampleMap.FirstPersonExampleMap_C' with ClassGeneratedBy '/Game/FirstPersonBP/Maps/FirstPersonExampleMap.FirstPersonExampleMap:PersistentLevel.FirstPersonExampleMap'
[2018.11.03-14.48.32:819][272]LogBlueprintUserMessages: Early EndPlayMap Detection: Level '/Game/FirstPersonBP/Maps/FirstPersonExampleMap.FirstPersonExampleMap:PersistentLevel' has LevelScriptBlueprint '/Game/FirstPersonBP/Maps/FirstPersonExampleMap.FirstPersonExampleMap:PersistentLevel.FirstPersonExampleMap' with GeneratedClass '/Game/FirstPersonBP/Maps/FirstPersonExampleMap.FirstPersonExampleMap_C' with ClassGeneratedBy '/Game/FirstPersonBP/Maps/FirstPersonExampleMap.FirstPersonExampleMap:PersistentLevel.FirstPersonExampleMap'
[2018.11.03-14.48.32:819][272]LogSlate: Updating window title bar state: overlay mode, drag disabled, window buttons hidden, title bar hidden
[2018.11.03-14.48.32:861][272]LogPlayLevel: Display: Shutting down PIE online subsystems
[2018.11.03-14.48.32:863][272]LogBlueprintUserMessages: Late EndPlayMap Detection: Level '/Game/FirstPersonBP/Maps/FirstPersonExampleMap.FirstPersonExampleMap:PersistentLevel' has LevelScriptBlueprint '/Game/FirstPersonBP/Maps/FirstPersonExampleMap.FirstPersonExampleMap:PersistentLevel.FirstPersonExampleMap' with GeneratedClass '/Game/FirstPersonBP/Maps/FirstPersonExampleMap.FirstPersonExampleMap_C' with ClassGeneratedBy '/Game/FirstPersonBP/Maps/FirstPersonExampleMap.FirstPersonExampleMap:PersistentLevel.FirstPersonExampleMap'
[2018.11.03-14.48.32:914][272]LogSlate: Updating window title bar state: overlay mode, drag disabled, window buttons hidden, title bar hidden
[2018.11.03-14.48.32:955][273]LogPlayLevel: Display: Destroying online subsystem :Context_7
[2018.11.03-14.48.35:281][376]LogSlate: FSceneViewport::OnFocusLost() reason 2
[2018.11.03-14.59.25:980][ 28]LogSlate: FSceneViewport::OnFocusLost() reason 0
[2018.11.03-14.59.27:213][ 66]LogAssetEditorManager: Opening Asset editor for Blueprint /Game/FirstPersonBP/Blueprints/FirstPersonCharacter.FirstPersonCharacter
[2018.11.03-15.00.09:153][ 23]LogSavePackage: Moving '../../../../../../Users/MSI/Documents/[Unreal Projects]/GitClone/Team Carry/TeamCarry/GJ_TeamCarry/Saved/FirstPersonCharacter7E48F9E04A8AE22799A9FFA4276E5060.tmp' to '../../../../../../Users/MSI/Documents/[Unreal Projects]/GitClone/Team Carry/TeamCarry/GJ_TeamCarry/Content/FirstPersonBP/Blueprints/FirstPersonCharacter.uasset'
[2018.11.03-15.00.12:627][198]LogSlate: FSceneViewport::OnFocusLost() reason 0
[2018.11.03-15.00.12:723][203]BlueprintLog: New page: Compile FirstPersonCharacter
[2018.11.03-15.00.38:022][423]LogSavePackage: Moving '../../../../../../Users/MSI/Documents/[Unreal Projects]/GitClone/Team Carry/TeamCarry/GJ_TeamCarry/Saved/FirstPersonExampleMap_Auto2BD2DBB644A90FC0CC29113BE2D3B0327.tmp' to '../../../../../../Users/MSI/Documents/[Unreal Projects]/GitClone/Team Carry/TeamCarry/GJ_TeamCarry/Saved/Autosaves/Game/FirstPersonBP/Maps/FirstPersonExampleMap_Auto2.umap'
[2018.11.03-15.00.38:036][423]LogFileHelpers: Editor autosave (incl. sublevels) for '/Game/FirstPersonBP/Maps/FirstPersonExampleMap' took 0.305
[2018.11.03-15.00.38:036][423]LogFileHelpers: Editor autosave (incl. sublevels) for all levels took 0.305
[2018.11.03-15.01.38:682][465]LogSlate: FSceneViewport::OnFocusLost() reason 0
[2018.11.03-15.01.54:571][210]LogSlate: Took 0.007819 seconds to synchronously load lazily loaded font '../../../Engine/Content/Slate/Fonts/Roboto-BoldCondensedItalic.ttf' (160K)
[2018.11.03-15.09.45:213][468]BlueprintLog: New page: Compile FirstPersonCharacter
[2018.11.03-15.10.55:707][928]LogSlate: FSceneViewport::OnFocusLost() reason 0
[2018.11.03-15.10.55:790][933]LogTemp: Repeating last play command: Selected Viewport
[2018.11.03-15.10.55:831][933]LogBlueprintUserMessages: Early PlayInEditor Detection: Level '/Game/FirstPersonBP/Maps/FirstPersonExampleMap.FirstPersonExampleMap:PersistentLevel' has LevelScriptBlueprint '/Game/FirstPersonBP/Maps/FirstPersonExampleMap.FirstPersonExampleMap:PersistentLevel.FirstPersonExampleMap' with GeneratedClass '/Game/FirstPersonBP/Maps/FirstPersonExampleMap.FirstPersonExampleMap_C' with ClassGeneratedBy '/Game/FirstPersonBP/Maps/FirstPersonExampleMap.FirstPersonExampleMap:PersistentLevel.FirstPersonExampleMap'
[2018.11.03-15.10.55:831][933]LogPlayLevel: PlayLevel: No blueprints needed recompiling
[2018.11.03-15.10.55:831][933]PIE: New page: PIE session: FirstPersonExampleMap (3 Kas 2018 20:10:55)
[2018.11.03-15.10.55:831][933]LogPlayLevel: Creating play world package: /Game/FirstPersonBP/Maps/UEDPIE_0_FirstPersonExampleMap
[2018.11.03-15.10.55:851][933]LogPlayLevel: PIE: StaticDuplicateObject took: (0.019543s)
[2018.11.03-15.10.55:852][933]LogAIModule: Creating AISystem for world FirstPersonExampleMap
[2018.11.03-15.10.55:852][933]LogPlayLevel: PIE: World Init took: (0.001528s)
[2018.11.03-15.10.55:852][933]LogPlayLevel: PIE: Created PIE world by copying editor world from /Game/FirstPersonBP/Maps/FirstPersonExampleMap.FirstPersonExampleMap to /Game/FirstPersonBP/Maps/UEDPIE_0_FirstPersonExampleMap.FirstPersonExampleMap (0.021303s)
[2018.11.03-15.10.55:902][933]LogInit: XAudio2 using 'Speakers (Realtek High Definition Audio)' : 2 channels at 48 kHz using 32 bits per sample (channel mask 0x3)
[2018.11.03-15.10.55:918][933]LogInit: FAudioDevice initialized.
[2018.11.03-15.10.55:949][933]LogLoad: Game class is 'FirstPersonGameMode_C'
[2018.11.03-15.10.55:953][933]LogWorld: Bringing World /Game/FirstPersonBP/Maps/UEDPIE_0_FirstPersonExampleMap.FirstPersonExampleMap up for play (max tick rate 60) at 2018.11.03-18.10.55
[2018.11.03-15.10.55:954][933]LogWorld: Bringing up level for play took: 0.004083
[2018.11.03-15.10.55:967][933]PIE: Play in editor start time for /Game/FirstPersonBP/Maps/UEDPIE_0_FirstPersonExampleMap -0,112
[2018.11.03-15.10.55:968][933]LogBlueprintUserMessages: Late PlayInEditor Detection: Level '/Game/FirstPersonBP/Maps/FirstPersonExampleMap.FirstPersonExampleMap:PersistentLevel' has LevelScriptBlueprint '/Game/FirstPersonBP/Maps/FirstPersonExampleMap.FirstPersonExampleMap:PersistentLevel.FirstPersonExampleMap' with GeneratedClass '/Game/FirstPersonBP/Maps/FirstPersonExampleMap.FirstPersonExampleMap_C' with ClassGeneratedBy '/Game/FirstPersonBP/Maps/FirstPersonExampleMap.FirstPersonExampleMap:PersistentLevel.FirstPersonExampleMap'
[2018.11.03-15.11.04:645][451]LogBlueprintUserMessages: Early EndPlayMap Detection: Level '/Game/FirstPersonBP/Maps/FirstPersonExampleMap.FirstPersonExampleMap:PersistentLevel' has LevelScriptBlueprint '/Game/FirstPersonBP/Maps/FirstPersonExampleMap.FirstPersonExampleMap:PersistentLevel.FirstPersonExampleMap' with GeneratedClass '/Game/FirstPersonBP/Maps/FirstPersonExampleMap.FirstPersonExampleMap_C' with ClassGeneratedBy '/Game/FirstPersonBP/Maps/FirstPersonExampleMap.FirstPersonExampleMap:PersistentLevel.FirstPersonExampleMap'
[2018.11.03-15.11.04:645][451]LogSlate: Updating window title bar state: overlay mode, drag disabled, window buttons hidden, title bar hidden
[2018.11.03-15.11.04:685][451]LogPlayLevel: Display: Shutting down PIE online subsystems
[2018.11.03-15.11.04:685][451]LogBlueprintUserMessages: Late EndPlayMap Detection: Level '/Game/FirstPersonBP/Maps/FirstPersonExampleMap.FirstPersonExampleMap:PersistentLevel' has LevelScriptBlueprint '/Game/FirstPersonBP/Maps/FirstPersonExampleMap.FirstPersonExampleMap:PersistentLevel.FirstPersonExampleMap' with GeneratedClass '/Game/FirstPersonBP/Maps/FirstPersonExampleMap.FirstPersonExampleMap_C' with ClassGeneratedBy '/Game/FirstPersonBP/Maps/FirstPersonExampleMap.FirstPersonExampleMap:PersistentLevel.FirstPersonExampleMap'
[2018.11.03-15.11.04:716][451]LogSlate: Updating window title bar state: overlay mode, drag disabled, window buttons hidden, title bar hidden
[2018.11.03-15.11.04:758][452]LogPlayLevel: Display: Destroying online subsystem :Context_9
[2018.11.03-15.11.31:823][ 48]LogSlate: FSceneViewport::OnFocusLost() reason 2
[2018.11.03-15.11.32:153][ 48]LogSavePackage: Moving '../../../../../../Users/MSI/Documents/[Unreal Projects]/GitClone/Team Carry/TeamCarry/GJ_TeamCarry/Saved/FirstPersonExampleMap_Auto3793FDBC3483E94A022420BBDE64D18BD.tmp' to '../../../../../../Users/MSI/Documents/[Unreal Projects]/GitClone/Team Carry/TeamCarry/GJ_TeamCarry/Saved/Autosaves/Game/FirstPersonBP/Maps/FirstPersonExampleMap_Auto3.umap'
[2018.11.03-15.11.32:164][ 48]LogFileHelpers: Editor autosave (incl. sublevels) for '/Game/FirstPersonBP/Maps/FirstPersonExampleMap' took 0.317
[2018.11.03-15.11.32:164][ 48]LogFileHelpers: Editor autosave (incl. sublevels) for all levels took 0.317
[2018.11.03-15.11.32:167][ 48]OBJ SavePackage: Generating thumbnails for [1] asset(s) in package [/Game/FirstPersonBP/Blueprints/FirstPersonCharacter] ([1] browsable assets)...
[2018.11.03-15.11.32:187][ 48]OBJ SavePackage:     Rendered thumbnail for [Blueprint /Game/FirstPersonBP/Blueprints/FirstPersonCharacter.FirstPersonCharacter]
[2018.11.03-15.11.32:187][ 48]OBJ SavePackage: Finished generating thumbnails for package [/Game/FirstPersonBP/Blueprints/FirstPersonCharacter]
[2018.11.03-15.11.32:314][ 48]LogSavePackage: Moving '../../../../../../Users/MSI/Documents/[Unreal Projects]/GitClone/Team Carry/TeamCarry/GJ_TeamCarry/Saved/FirstPersonCharacter_Auto3068333AC4E90398F9B233DBC928B1150.tmp' to '../../../../../../Users/MSI/Documents/[Unreal Projects]/GitClone/Team Carry/TeamCarry/GJ_TeamCarry/Saved/Autosaves/Game/FirstPersonBP/Blueprints/FirstPersonCharacter_Auto3.uasset'
[2018.11.03-15.11.32:321][ 48]LogFileHelpers: Auto-saving content packages took 0.155
