Log file open, 11/04/18 03:17:27
LogWindows: Failed to load 'aqProf.dll' (GetLastError=126)
LogWindows: File 'aqProf.dll' does not exist
LogWindows: Failed to load 'VSPerf140.dll' (GetLastError=126)
LogWindows: File 'VSPerf140.dll' does not exist
LogWindows: Failed to load 'VtuneApi.dll' (GetLastError=126)
LogWindows: File 'VtuneApi.dll' does not exist
LogWindows: Failed to load 'VtuneApi32e.dll' (GetLastError=126)
LogWindows: File 'VtuneApi32e.dll' does not exist
LogInit: Display: Running engine for game: GJ_TeamCarry
LogPlatformFile: Not using cached read wrapper
LogTaskGraph: Started task graph with 5 named threads and 23 total threads with 3 sets of task threads.
LogStats: Stats thread started at 0.355364
LogD3D11RHI: Loaded GFSDK_Aftermath_Lib.x64.dll
LogICUInternationalization: Display: ICU TimeZone Detection - Raw Offset: +2:00, Platform Override: ''
LogPluginManager: Mounting plugin Paper2D
LogPluginManager: Mounting plugin AISupport
LogPluginManager: Mounting plugin LightPropagationVolume
LogPluginManager: Mounting plugin CLionSourceCodeAccess
LogPluginManager: Mounting plugin CodeLiteSourceCodeAccess
LogPluginManager: Mounting plugin GitSourceControl
LogPluginManager: Mounting plugin KDevelopSourceCodeAccess
LogPluginManager: Mounting plugin NullSourceCodeAccess
LogPluginManager: Mounting plugin PerforceSourceControl
LogPluginManager: Mounting plugin SubversionSourceControl
LogPluginManager: Mounting plugin UObjectPlugin
LogPluginManager: Mounting plugin VisualStudioCodeSourceCodeAccess
LogPluginManager: Mounting plugin VisualStudioSourceCodeAccess
LogPluginManager: Mounting plugin XCodeSourceCodeAccess
LogPluginManager: Mounting plugin AssetManagerEditor
LogPluginManager: Mounting plugin CryptoKeys
LogPluginManager: Mounting plugin DataValidation
LogPluginManager: Mounting plugin FacialAnimation
LogPluginManager: Mounting plugin GameplayTagsEditor
LogPluginManager: Mounting plugin MacGraphicsSwitching
LogPluginManager: Mounting plugin MeshEditor
LogPluginManager: Mounting plugin MobileLauncherProfileWizard
LogPluginManager: Mounting plugin PluginBrowser
LogPluginManager: Mounting plugin SpeedTreeImporter
LogPluginManager: Mounting plugin DatasmithContent
LogPluginManager: Mounting plugin AlembicImporter
LogPluginManager: Mounting plugin AppleImageUtils
LogPluginManager: Mounting plugin AppleVision
LogPluginManager: Mounting plugin BackChannel
LogPluginManager: Mounting plugin CharacterAI
LogPluginManager: Mounting plugin GeometryCache
LogPluginManager: Mounting plugin HTML5Networking
LogPluginManager: Mounting plugin ProxyLODPlugin
LogPluginManager: Mounting plugin MagicLeap
LogPluginManager: Mounting plugin MagicLeapEmulator
LogPluginManager: Mounting plugin MagicLeapMedia
LogPluginManager: Mounting plugin AndroidMedia
LogPluginManager: Mounting plugin AvfMedia
LogPluginManager: Mounting plugin ImgMedia
LogPluginManager: Mounting plugin LinearTimecode
LogPluginManager: Mounting plugin MediaCompositing
LogPluginManager: Mounting plugin MediaPlayerEditor
LogPluginManager: Mounting plugin WmfMedia
LogPluginManager: Mounting plugin TcpMessaging
LogPluginManager: Mounting plugin UdpMessaging
LogPluginManager: Mounting plugin ActorSequence
LogPluginManager: Mounting plugin LevelSequenceEditor
LogPluginManager: Mounting plugin MatineeToLevelSequence
LogPluginManager: Mounting plugin NetcodeUnitTest
LogPluginManager: Mounting plugin NUTUnrealEngine4
LogPluginManager: Mounting plugin OnlineSubsystemGooglePlay
LogPluginManager: Mounting plugin OnlineSubsystemIOS
LogPluginManager: Mounting plugin OnlineSubsystem
LogPluginManager: Mounting plugin OnlineSubsystemNull
LogPluginManager: Mounting plugin OnlineSubsystemUtils
LogPluginManager: Mounting plugin LauncherChunkInstaller
LogPluginManager: Mounting plugin AndroidDeviceProfileSelector
LogPluginManager: Mounting plugin AndroidMoviePlayer
LogPluginManager: Mounting plugin AndroidPermission
LogPluginManager: Mounting plugin AppleMoviePlayer
LogPluginManager: Mounting plugin ArchVisCharacter
LogPluginManager: Mounting plugin AudioCapture
LogPluginManager: Mounting plugin CableComponent
LogPluginManager: Mounting plugin CustomMeshComponent
LogPluginManager: Mounting plugin EditableMesh
LogPluginManager: Mounting plugin ExampleDeviceProfileSelector
LogPluginManager: Mounting plugin GoogleCloudMessaging
LogPluginManager: Mounting plugin ImmediatePhysics
LogPluginManager: Mounting plugin IOSDeviceProfileSelector
LogPluginManager: Mounting plugin LinuxDeviceProfileSelector
LogPluginManager: Mounting plugin LocationServicesBPLibrary
LogPluginManager: Mounting plugin MobilePatchingUtils
LogPluginManager: Mounting plugin OculusVR
LogPluginManager: Plugin shader directory ../../../Engine/Plugins/Runtime/Oculus/OculusVR/Shaders found
LogPluginManager: Mapping shader source directory ../../../Engine/Plugins/Runtime/Oculus/OculusVR/Shaders to virtual directory /Plugin/OculusVR
LogPluginManager: Mounting plugin PhysXVehicles
LogPluginManager: Mounting plugin ProceduralMeshComponent
LogPluginManager: Mounting plugin RuntimePhysXCooking
LogPluginManager: Mounting plugin SteamVR
LogPluginManager: Mounting plugin WindowsMoviePlayer
LogStreaming: Display: Took  0.197s to configure plugins.
LogInit: Using libcurl 7.55.1-DEV
LogInit:  - built for x86_64-pc-win32
LogInit:  - supports SSL with OpenSSL/1.0.2h
LogInit:  - supports HTTP deflate (compression) using libz 1.2.8
LogInit:  - other features:
LogInit:      CURL_VERSION_SSL
LogInit:      CURL_VERSION_LIBZ
LogInit:      CURL_VERSION_IPV6
LogInit:      CURL_VERSION_ASYNCHDNS
LogInit:      CURL_VERSION_LARGEFILE
LogInit:      CURL_VERSION_IDN
LogInit:  CurlRequestOptions (configurable via config and command line):
LogInit:  - bVerifyPeer = false  - Libcurl will NOT verify peer certificate
LogInit:  - bUseHttpProxy = false  - Libcurl will NOT use HTTP proxy
LogInit:  - bDontReuseConnections = false  - Libcurl will reuse connections
LogInit:  - CertBundlePath = nullptr  - Libcurl will use whatever was configured at build time.
LogInit:  - MaxHostConnections = 16  - Libcurl will limit the number of connections to a host
LogInit:  - LocalHostAddr = Default
LogInit:  - BufferSize = 65536
LogInit: WinSock: version 1.1 (2.2), MaxSocks=32767, MaxUdp=65467
LogInit: Build: ++UE4+Release-4.20-CL-4369336
LogInit: Engine Version: 4.20.3-4369336+++UE4+Release-4.20
LogInit: Compatible Engine Version: 4.20.0-4212847+++UE4+Release-4.20
LogInit: Net CL: 4212847
LogInit: OS: Windows 10 (), CPU: Intel(R) Core(TM) i7-4710HQ CPU @ 2.50GHz, GPU: Intel(R) HD Graphics 4600
LogInit: Compiled (64-bit): Sep 17 2018 12:26:19
LogInit: Compiled with Visual C++: 19.13.26129.00
LogInit: Build Configuration: Development
LogInit: Branch Name: ++UE4+Release-4.20
LogInit: Command Line:  
LogInit: Base Directory: C:/Program Files/Epic Games/UE_4.20/Engine/Binaries/Win64/
LogInit: Installed Engine Build: 1
LogDevObjectVersion: Number of dev versions registered: 20
LogDevObjectVersion:   Dev-Blueprints (B0D832E4-1F89-4F0D-ACCF-7EB736FD4AA2): 10
LogDevObjectVersion:   Dev-Build (E1C64328-A22C-4D53-A36C-8E866417BD8C): 0
LogDevObjectVersion:   Dev-Core (375EC13C-06E4-48FB-B500-84F0262A717E): 2
LogDevObjectVersion:   Dev-Editor (E4B068ED-F494-42E9-A231-DA0B2E46BB41): 24
LogDevObjectVersion:   Dev-Framework (CFFC743F-43B0-4480-9391-14DF171D2073): 34
LogDevObjectVersion:   Dev-Mobile (B02B49B5-BB20-44E9-A304-32B752E40360): 2
LogDevObjectVersion:   Dev-Networking (A4E4105C-59A1-49B5-A7C5-40C4547EDFEE): 0
LogDevObjectVersion:   Dev-Online (39C831C9-5AE6-47DC-9A44-9C173E1C8E7C): 0
LogDevObjectVersion:   Dev-Physics (78F01B33-EBEA-4F98-B9B4-84EACCB95AA2): 0
LogDevObjectVersion:   Dev-Platform (6631380F-2D4D-43E0-8009-CF276956A95A): 0
LogDevObjectVersion:   Dev-Rendering (12F88B9F-8875-4AFC-A67C-D90C383ABD29): 26
LogDevObjectVersion:   Dev-Sequencer (7B5AE74C-D270-4C10-A958-57980B212A5A): 9
LogDevObjectVersion:   Dev-VR (D7296918-1DD6-4BDD-9DE2-64A83CC13884): 2
LogDevObjectVersion:   Dev-LoadTimes (C2A15278-BFE7-4AFE-6C17-90FF531DF755): 1
LogDevObjectVersion:   Private-Geometry (6EACA3D4-40EC-4CC1-B786-8BED09428FC5): 3
LogDevObjectVersion:   Dev-AnimPhys (29E575DD-E0A3-4627-9D10-D276232CDCEA): 17
LogDevObjectVersion:   Dev-ReflectionCapture (6B266CEC-1EC7-4B8F-A30B-E4D90942FC07): 1
LogDevObjectVersion:   Dev-Automation (0DF73D61-A23F-47EA-B727-89E90C41499A): 1
LogDevObjectVersion:   FortniteMain (601D1886-AC64-4F84-AA16-D3DE0DEAC7D6): 12
LogDevObjectVersion:   Dev-Enterprise (9DFFBCD6-494F-0158-E221-12823C92A888): 1
LogStreaming: Display: Took  0.006s to delete old logs.
LogInit: Presizing for max 8388607 objects, including 0 objects not considered by GC, pre-allocating 0 bytes for permanent pool.
LogInit: Object subsystem initialized
[2018.11.04-00.17.27:853][  0]LogInit: Selected Device Profile: [Windows]
[2018.11.04-00.17.27:853][  0]LogInit: Applying CVar settings loaded from the selected device profile: [Windows]
[2018.11.04-00.17.27:876][  0]LogHAL: Display: Platform has ~ 16 GB [17087881216 / 17179869184 / 16], which maps to Larger [LargestMinGB=32, LargerMinGB=12, DefaultMinGB=8, SmallerMinGB=6, SmallestMinGB=0)
[2018.11.04-00.17.27:877][  0]LogInit: Setting Device Profile CVar: [[r.Vulkan.UseRealUBs:1]]
[2018.11.04-00.17.27:877][  0]LogInit: Going up to parent DeviceProfile []
[2018.11.04-00.17.27:878][  0]LogInit: Computer: DESKTOP-28I2SJ6
[2018.11.04-00.17.27:878][  0]LogInit: User: mglenovo
[2018.11.04-00.17.27:878][  0]LogInit: CPU Page size=4096, Cores=4
[2018.11.04-00.17.27:878][  0]LogInit: High frequency timer resolution =2.435781 MHz
[2018.11.04-00.17.27:878][  0]LogMemory: Memory total: Physical=15.9GB (16GB approx)
[2018.11.04-00.17.27:878][  0]LogMemory: Platform Memory Stats for Windows
[2018.11.04-00.17.27:878][  0]LogMemory: Process Physical Memory: 100.48 MB used, 100.48 MB peak
[2018.11.04-00.17.27:878][  0]LogMemory: Process Virtual Memory: 93.24 MB used, 93.24 MB peak
[2018.11.04-00.17.27:878][  0]LogMemory: Physical Memory: 4539.51 MB used,  11756.76 MB free, 16296.27 MB total
[2018.11.04-00.17.27:878][  0]LogMemory: Virtual Memory: 4647.34 MB used,  11756.76 MB free, 134217728.00 MB total
[2018.11.04-00.17.27:924][  0]LogInit: Using OS detected language (tr-TR).
[2018.11.04-00.17.27:924][  0]LogInit: Using OS detected locale (tr-TR).
[2018.11.04-00.17.27:927][  0]LogTextLocalizationManager: No localization for 'tr-TR' exists, so 'en' will be used for the language.
[2018.11.04-00.17.28:527][  0]LogStreaming: Display: Took  0.602s to InitEngineTextLocalization.
[2018.11.04-00.17.28:528][  0]LogInit: Setting process to per monitor DPI aware
[2018.11.04-00.17.28:585][  0]LogSlate: New Slate User Created.  User Index 0, Is Virtual User: 0
[2018.11.04-00.17.28:585][  0]LogSlate: Slate User Registered.  User Index 0, Is Virtual User: 0
[2018.11.04-00.17.29:016][  0]LogHMD: Failed to initialize OpenVR with code 110
[2018.11.04-00.17.29:016][  0]LogD3D11RHI: D3D11 adapters:
[2018.11.04-00.17.29:072][  0]LogD3D11RHI:    0. 'NVIDIA GeForce GTX 860M' (Feature Level 11_0)
[2018.11.04-00.17.29:072][  0]LogD3D11RHI:       4064/0/8148 MB DedicatedVideo/DedicatedSystem/SharedSystem, Outputs:1, VendorId:0x10de
[2018.11.04-00.17.29:084][  0]LogD3D11RHI:    1. 'Intel(R) HD Graphics 4600' (Feature Level 11_0)
[2018.11.04-00.17.29:084][  0]LogD3D11RHI:       112/0/2048 MB DedicatedVideo/DedicatedSystem/SharedSystem, Outputs:0, VendorId:0x8086
[2018.11.04-00.17.29:089][  0]LogD3D11RHI:    2. 'Microsoft Basic Render Driver' (Feature Level 11_0)
[2018.11.04-00.17.29:089][  0]LogD3D11RHI:       0/0/8148 MB DedicatedVideo/DedicatedSystem/SharedSystem, Outputs:0, VendorId:0x1414
[2018.11.04-00.17.29:089][  0]LogD3D11RHI: Chosen D3D11 Adapter: 0
[2018.11.04-00.17.29:143][  0]LogD3D11RHI: Creating new Direct3DDevice
[2018.11.04-00.17.29:144][  0]LogD3D11RHI:     GPU DeviceId: 0x1392 (for the marketing name, search the web for "GPU Device Id")
[2018.11.04-00.17.29:144][  0]LogWindows: EnumDisplayDevices:
[2018.11.04-00.17.29:144][  0]LogWindows:    0. 'Intel(R) HD Graphics 4600' (P:1 D:1)
[2018.11.04-00.17.29:145][  0]LogWindows:    1. 'Intel(R) HD Graphics 4600' (P:0 D:0)
[2018.11.04-00.17.29:146][  0]LogWindows:    2. 'Intel(R) HD Graphics 4600' (P:0 D:0)
[2018.11.04-00.17.29:146][  0]LogWindows: DebugString: PrimaryIsNotTheChoosenAdapter PrimaryIsNotTheChoosenAdapter PrimaryIsNotTheChoosenAdapter FoundDriverCount:0 
[2018.11.04-00.17.29:146][  0]LogD3D11RHI:     Adapter Name: NVIDIA GeForce GTX 860M
[2018.11.04-00.17.29:146][  0]LogD3D11RHI:   Driver Version: Unknown (internal:Unknown, unified:Unknown)
[2018.11.04-00.17.29:146][  0]LogD3D11RHI:      Driver Date: Unknown
[2018.11.04-00.17.29:147][  0]LogRHI: Texture pool is 2845 MB (70% of 4064 MB)
[2018.11.04-00.17.29:189][  0]LogD3D11RHI: Async texture creation enabled
[2018.11.04-00.17.29:205][  0]LogD3D11RHI: GPU Timing Frequency: 1000.000000 (Debug: 2 1)
[2018.11.04-00.17.29:207][  0]LogShaderCompilers: Guid format shader working directory is -34 characters bigger than the processId version (../../../../../../Users/mg-lenovo/Documents/GitHub/TeamCarry/TeamCarry/GJ_TeamCarry/Intermediate/Shaders/WorkingDirectory/14248/).
[2018.11.04-00.17.29:207][  0]LogShaderCompilers: Cleaned the shader compiler working directory 'C:/Users/mg-lenovo/AppData/Local/Temp/UnrealShaderWorkingDir/24E5A1C248F8C62A5608728161D1B44C/'.
[2018.11.04-00.17.29:982][  0]LogTemp: Display: Loaded TP AllDesktopTargetPlatform
[2018.11.04-00.17.30:007][  0]LogTemp: Display: Loaded TP MacClientTargetPlatform
[2018.11.04-00.17.30:032][  0]LogTemp: Display: Loaded TP MacNoEditorTargetPlatform
[2018.11.04-00.17.30:063][  0]LogTemp: Display: Loaded TP MacServerTargetPlatform
[2018.11.04-00.17.30:094][  0]LogTemp: Display: Loaded TP MacTargetPlatform
[2018.11.04-00.17.30:118][  0]LogTemp: Display: Loaded TP WindowsClientTargetPlatform
[2018.11.04-00.17.30:143][  0]LogTemp: Display: Loaded TP WindowsNoEditorTargetPlatform
[2018.11.04-00.17.30:168][  0]LogTemp: Display: Loaded TP WindowsServerTargetPlatform
[2018.11.04-00.17.30:181][  0]LogTemp: Display: Loaded TP WindowsTargetPlatform
[2018.11.04-00.17.30:314][  0]LogTemp: Display: Loaded TP AndroidTargetPlatform
[2018.11.04-00.17.30:314][  0]LogTemp: Display: Loaded TP AndroidTargetPlatform
[2018.11.04-00.17.30:314][  0]LogTemp: Display: Loaded TP AndroidTargetPlatform
[2018.11.04-00.17.30:314][  0]LogTemp: Display: Loaded TP AndroidTargetPlatform
[2018.11.04-00.17.30:314][  0]LogTemp: Display: Loaded TP AndroidTargetPlatform
[2018.11.04-00.17.30:314][  0]LogTemp: Display: Loaded TP AndroidTargetPlatform
[2018.11.04-00.17.30:314][  0]LogTemp: Display: Loaded TP AndroidTargetPlatform
[2018.11.04-00.17.30:314][  0]LogTemp: Display: Loaded TP AndroidTargetPlatform
[2018.11.04-00.17.30:314][  0]LogTemp: Display: Loaded TP AndroidTargetPlatform
[2018.11.04-00.17.30:314][  0]LogTemp: Display: Loaded TP AndroidTargetPlatform
[2018.11.04-00.17.30:314][  0]LogTemp: Display: Loaded TP AndroidTargetPlatform
[2018.11.04-00.17.30:314][  0]LogTemp: Display: Loaded TP AndroidTargetPlatform
[2018.11.04-00.17.30:314][  0]LogTemp: Display: Loaded TP AndroidTargetPlatform
[2018.11.04-00.17.30:314][  0]LogTemp: Display: Loaded TP AndroidTargetPlatform
[2018.11.04-00.17.30:314][  0]LogTemp: Display: Loaded TP AndroidTargetPlatform
[2018.11.04-00.17.30:314][  0]LogTemp: Display: Loaded TP AndroidTargetPlatform
[2018.11.04-00.17.30:314][  0]LogTemp: Display: Loaded TP AndroidTargetPlatform
[2018.11.04-00.17.30:314][  0]LogTemp: Display: Loaded TP AndroidTargetPlatform
[2018.11.04-00.17.30:316][  0]LogTemp: Display: Loaded TP HTML5TargetPlatform
[2018.11.04-00.17.30:395][  0]LogTemp: Display: Loaded TP IOSTargetPlatform
[2018.11.04-00.17.30:395][  0]LogTemp: Display: Loaded TP IOSTargetPlatform
[2018.11.04-00.17.30:433][  0]LogTemp: Display: Loaded TP TVOSTargetPlatform
[2018.11.04-00.17.30:433][  0]LogTemp: Display: Loaded TP TVOSTargetPlatform
[2018.11.04-00.17.30:452][  0]LogTemp: Display: Loaded TP LinuxClientTargetPlatform
[2018.11.04-00.17.30:474][  0]LogTemp: Display: Loaded TP LinuxNoEditorTargetPlatform
[2018.11.04-00.17.30:493][  0]LogTemp: Display: Loaded TP LinuxServerTargetPlatform
[2018.11.04-00.17.30:515][  0]LogTemp: Display: Loaded TP LinuxTargetPlatform
[2018.11.04-00.17.30:529][  0]LogTemp: Display: Loaded TP LuminTargetPlatform
[2018.11.04-00.17.30:529][  0]LogTargetPlatformManager: Display: Building Assets For Windows
[2018.11.04-00.17.30:656][  0]LogXGEController: Cleaning working directory: C:/Users/mg-lenovo/AppData/Local/Temp/UnrealXGEWorkingDir/
[2018.11.04-00.17.30:657][  0]LogXGEController: Cannot use XGE Controller as Incredibuild is not installed on this machine.
[2018.11.04-00.17.30:657][  0]LogShaderCompilers: Cannot use XGE Shader Compiler as Incredibuild is not installed on this machine.
[2018.11.04-00.17.30:657][  0]LogShaderCompilers: Display: Using Local Shader Compiler.
[2018.11.04-00.17.31:877][  0]LogDerivedDataCache: Display: Max Cache Size: 512 MB
[2018.11.04-00.17.32:014][  0]LogDerivedDataCache: Loaded boot cache 0.14s 71MB C:/Users/mg-lenovo/AppData/Local/UnrealEngine/4.20/DerivedDataCache/Boot.ddc.
[2018.11.04-00.17.32:019][  0]LogDerivedDataCache: Display: Loaded Boot cache: C:/Users/mg-lenovo/AppData/Local/UnrealEngine/4.20/DerivedDataCache/Boot.ddc
[2018.11.04-00.17.32:020][  0]LogDerivedDataCache: FDerivedDataBackendGraph:  Pak pak cache file ../../../../../../Users/mg-lenovo/Documents/GitHub/TeamCarry/TeamCarry/GJ_TeamCarry/DerivedDataCache/DDC.ddp not found, will not use a pak cache.
[2018.11.04-00.17.32:020][  0]LogDerivedDataCache: Unable to find inner node Pak for hierarchical cache Hierarchy.
[2018.11.04-00.17.32:020][  0]LogDerivedDataCache: FDerivedDataBackendGraph:  CompressedPak pak cache file ../../../../../../Users/mg-lenovo/Documents/GitHub/TeamCarry/TeamCarry/GJ_TeamCarry/DerivedDataCache/Compressed.ddp not found, will not use a pak cache.
[2018.11.04-00.17.32:020][  0]LogDerivedDataCache: Unable to find inner node CompressedPak for hierarchical cache Hierarchy.
[2018.11.04-00.17.32:039][  0]LogDerivedDataCache: Display: Pak cache opened for reading ../../../Engine/DerivedDataCache/Compressed.ddp.
[2018.11.04-00.17.32:052][  0]LogDerivedDataCache: Using Local data cache path C:/Users/mg-lenovo/AppData/Local/UnrealEngine/Common/DerivedDataCache: Writable
[2018.11.04-00.17.32:052][  0]LogDerivedDataCache: Shared data cache path not found in *engine.ini, will not use an Shared cache.
[2018.11.04-00.17.32:052][  0]LogDerivedDataCache: Unable to find inner node Shared for hierarchical cache Hierarchy.
[2018.11.04-00.17.32:084][  0]LogMaterial: Verifying Global Shaders for PCD3D_SM5
[2018.11.04-00.17.32:085][  0]LogSlate: Using FreeType 2.6.0
[2018.11.04-00.17.32:086][  0]LogSlate: SlateFontServices - WITH_FREETYPE: 1, WITH_HARFBUZZ: 1
[2018.11.04-00.17.32:192][  0]LogAssetRegistry: FAssetRegistry took 0.0302 seconds to start up
[2018.11.04-00.17.32:768][  0]LogInit: Selected Device Profile: [Windows]
[2018.11.04-00.17.32:997][  0]LogSimplygon: Simplygon DLL not present - disabling.
[2018.11.04-00.17.33:005][  0]LogMeshReduction: Using SimplygonSwarm for distributed automatic mesh merging
[2018.11.04-00.17.33:006][  0]LogMeshReduction: Using ProxyLODMeshReduction for automatic mesh merging
[2018.11.04-00.17.33:006][  0]LogMeshReduction: Using QuadricMeshReduction for automatic static mesh reduction
[2018.11.04-00.17.33:006][  0]LogMeshReduction: No automatic skeletal mesh reduction module available
[2018.11.04-00.17.33:027][  0]LogNetVersion: GJ_TeamCarry 1.0.0, NetCL: 4212847, EngineNetVer: 5, GameNetVer: 0 (Checksum: 3632271904)
[2018.11.04-00.17.33:803][  0]LogPackageLocalizationCache: Processed 11 localized package path(s) for 1 prioritized culture(s) in 0.092693 seconds
[2018.11.04-00.17.33:813][  0]LogUObjectArray: 38425 objects as part of root set at end of initial load.
[2018.11.04-00.17.33:813][  0]LogUObjectAllocator: 6690864 out of 0 bytes used by permanent object pool.
[2018.11.04-00.17.33:813][  0]LogUObjectArray: CloseDisregardForGC: 0/0 objects in disregard for GC pool
[2018.11.04-00.17.35:262][  0]LogTcpMessaging: Initializing TcpMessaging bridge
[2018.11.04-00.17.35:277][  0]LogUdpMessaging: Initializing bridge on interface 0.0.0.0:0 to multicast group 230.0.0.1:6666.
[2018.11.04-00.17.35:493][  0]SourceControl: Source control is disabled
[2018.11.04-00.17.35:493][  0]SourceControl: Source control is disabled
[2018.11.04-00.17.35:497][  0]SourceControl: Source control is disabled
[2018.11.04-00.17.35:499][  0]SourceControl: Source control is disabled
[2018.11.04-00.17.35:765][  0]LogAndroidPermission: UAndroidPermissionCallbackProxy::GetInstance
[2018.11.04-00.17.35:924][  0]LogOcInput: OculusInput pre-init called
[2018.11.04-00.17.36:030][  0]LogEngine: Initializing Engine...
[2018.11.04-00.17.36:032][  0]LogHMD: Failed to initialize OpenVR with code 110
[2018.11.04-00.17.36:035][  0]LogStats: UGameplayTagsManager::ConstructGameplayTagTree: ImportINI prefixes -  0.000 s
[2018.11.04-00.17.36:035][  0]LogStats: UGameplayTagsManager::ConstructGameplayTagTree: Construct from data asset -  0.000 s
[2018.11.04-00.17.36:035][  0]LogStats: UGameplayTagsManager::ConstructGameplayTagTree: ImportINI -  0.000 s
[2018.11.04-00.17.36:035][  0]LogStats: UGameplayTagsManager::ConstructGameplayTagTree: GameplayTagTreeChangedEvent.Broadcast -  0.000 s
[2018.11.04-00.17.36:392][  0]LogInit: Initializing FReadOnlyCVARCache
[2018.11.04-00.17.36:421][  0]LogAIModule: Creating AISystem for world Untitled
[2018.11.04-00.17.36:449][  0]LogInit: XAudio2 using 'Hoparlör (C-Media USB Audio Device   )' : 2 channels at 48 kHz using 16 bits per sample (channel mask 0x3)
[2018.11.04-00.17.36:472][  0]LogInit: FAudioDevice initialized.
[2018.11.04-00.17.36:473][  0]LogNetVersion: Set ProjectVersion to 1.0.0.0. Version Checksum will be recalculated on next use.
[2018.11.04-00.17.37:734][  0]LogDerivedDataCache: Saved boot cache 1.26s 71MB C:/Users/mg-lenovo/AppData/Local/UnrealEngine/4.20/DerivedDataCache/Boot.ddc.
[2018.11.04-00.17.37:763][  0]LogInit: Texture streaming: Enabled
[2018.11.04-00.17.37:829][  0]LogEngineSessionManager: EngineSessionManager initialized
[2018.11.04-00.17.37:884][  0]LogInit: Transaction tracking system initialized
[2018.11.04-00.17.37:951][  0]BlueprintLog: New page: Editor Load
[2018.11.04-00.17.38:165][  0]LocalizationService: Localization service is disabled
[2018.11.04-00.17.38:784][  0]LogCook: Display: Max memory allowance for cook 16384mb min free memory 0mb
[2018.11.04-00.17.38:784][  0]LogCook: Display: Mobile HDR setting 1
[2018.11.04-00.17.38:784][  0]LogGameplayTags: Display: UGameplayTagsManager::DoneAddingNativeTags. DelegateIsBound: 0
[2018.11.04-00.17.38:784][  0]LogStats: UGameplayTagsManager::ConstructGameplayTagTree: ImportINI prefixes -  0.000 s
[2018.11.04-00.17.38:784][  0]LogStats: UGameplayTagsManager::ConstructGameplayTagTree: Construct from data asset -  0.000 s
[2018.11.04-00.17.38:784][  0]LogStats: UGameplayTagsManager::ConstructGameplayTagTree: ImportINI -  0.000 s
[2018.11.04-00.17.38:784][  0]LogStats: UGameplayTagsManager::ConstructGameplayTagTree: GameplayTagTreeChangedEvent.Broadcast -  0.000 s
[2018.11.04-00.17.38:892][  0]LogFileCache: Scanning file cache for directory 'C:/Users/mg-lenovo/Documents/GitHub/TeamCarry/TeamCarry/GJ_TeamCarry/Content/' took 0.03s
[2018.11.04-00.17.39:050][  0]SourceControl: Source control is disabled
[2018.11.04-00.17.39:050][  0]Cmd: MAP LOAD FILE="../../../../../../Users/mg-lenovo/Documents/GitHub/TeamCarry/TeamCarry/GJ_TeamCarry/Content/FirstPersonBP/Maps/FirstPersonExampleMap.umap" TEMPLATE=0 SHOWPROGRESS=1 FEATURELEVEL=3
[2018.11.04-00.17.39:051][  0]LightingResults: New page: Lighting Build
[2018.11.04-00.17.39:059][  0]MapCheck: New page: Map Check
[2018.11.04-00.17.39:059][  0]LightingResults: New page: Lighting Build
[2018.11.04-00.17.40:497][  0]LogAIModule: Creating AISystem for world FirstPersonExampleMap
[2018.11.04-00.17.40:513][  0]LogEditorServer: Finished looking for orphan Actors (0.000 secs)
[2018.11.04-00.17.40:551][  0]Cmd: MAP CHECKDEP NOCLEARLOG
[2018.11.04-00.17.40:763][  0]MapCheck: Map check complete: 0 Error(s), 0 Warning(s), took 211,52ms to complete.
[2018.11.04-00.17.40:763][  0]LogFileHelpers: Loading map 'FirstPersonExampleMap' took 1.713
[2018.11.04-00.17.40:891][  0]LogSlate: Updating window title bar state: overlay mode, drag disabled, window buttons hidden, title bar hidden
[2018.11.04-00.17.40:903][  0]LogSlate: Updating window title bar state: overlay mode, drag disabled, window buttons hidden, title bar hidden
[2018.11.04-00.17.40:916][  0]LogSlate: Updating window title bar state: overlay mode, drag disabled, window buttons hidden, title bar hidden
[2018.11.04-00.17.40:929][  0]LogSlate: Updating window title bar state: overlay mode, drag disabled, window buttons hidden, title bar hidden
[2018.11.04-00.17.40:944][  0]LogCollectionManager: Loaded 0 collections in 0.004824 seconds
[2018.11.04-00.17.40:992][  0]LogFileCache: Scanning file cache for directory 'C:/Users/mg-lenovo/Documents/GitHub/TeamCarry/TeamCarry/GJ_TeamCarry/Saved/Collections/' took 0.01s
[2018.11.04-00.17.40:992][  0]LogFileCache: Scanning file cache for directory 'C:/Users/mg-lenovo/Documents/GitHub/TeamCarry/TeamCarry/GJ_TeamCarry/Content/Developers/mglenovo/Collections/' took 0.01s
[2018.11.04-00.17.40:993][  0]LogFileCache: Scanning file cache for directory 'C:/Users/mg-lenovo/Documents/GitHub/TeamCarry/TeamCarry/GJ_TeamCarry/Content/Collections/' took 0.01s
[2018.11.04-00.17.40:993][  0]LogCollectionManager: Rebuilt the GUID cache for 0 collections in 0.000000 seconds
[2018.11.04-00.17.41:006][  0]LogContentBrowser: Native class hierarchy populated in 0.0133 seconds. Added 2572 classes and 603 folders.
[2018.11.04-00.17.41:022][  0]LogContentBrowser: Native class hierarchy updated for 'WidgetCarousel' in 0.0004 seconds. Added 0 classes and 0 folders.
[2018.11.04-00.17.41:118][  0]LogContentBrowser: Native class hierarchy updated for 'AddContentDialog' in 0.0003 seconds. Added 0 classes and 0 folders.
[2018.11.04-00.17.41:127][  0]LogContentBrowser: Native class hierarchy updated for 'SceneOutliner' in 0.0005 seconds. Added 1 classes and 2 folders.
[2018.11.04-00.17.41:255][  0]LogSlate: Took 0.000649 seconds to synchronously load lazily loaded font '../../../Engine/Content/Slate/Fonts/Roboto-Regular.ttf' (155K)
[2018.11.04-00.17.41:259][  0]LogSlate: Took 0.000357 seconds to synchronously load lazily loaded font '../../../Engine/Content/Slate/Fonts/Roboto-Bold.ttf' (160K)
[2018.11.04-00.17.41:267][  0]LogSlate: Took 0.000388 seconds to synchronously load lazily loaded font '../../../Engine/Content/Editor/Slate/Fonts/FontAwesome.ttf' (139K)
[2018.11.04-00.17.41:393][  0]LogRenderer: Reallocating scene render targets to support 956x468 Format 10 NumSamples 1 (Frame:1).
[2018.11.04-00.17.41:667][  0]LogContentBrowser: Native class hierarchy updated for 'HierarchicalLODOutliner' in 0.0003 seconds. Added 0 classes and 0 folders.
[2018.11.04-00.17.41:667][  0]LogLoad: (Engine Initialization) Total time: 17.18 seconds
[2018.11.04-00.17.41:667][  0]LogLoad: (Engine Initialization) Total Blueprint compile time: 0.00 seconds
[2018.11.04-00.17.41:715][  0]LogContentStreaming: Texture pool size now 1000 MB
[2018.11.04-00.17.41:775][  1]LogAssetRegistry: Asset discovery search completed in 9.6068 seconds
[2018.11.04-00.17.41:778][  1]LogCollectionManager: Rebuilt the object cache for 0 collections in 0.000000 seconds (found 0 objects)
[2018.11.04-00.17.41:779][  1]LogCollectionManager: Fixed up redirectors for 0 collections in 0.000084 seconds (updated 0 objects)
[2018.11.04-00.17.43:099][  5]LogSlate: Took 0.000390 seconds to synchronously load lazily loaded font '../../../Engine/Content/Slate/Fonts/Roboto-Light.ttf' (167K)
[2018.11.04-00.17.45:797][ 13]LogSlate: Took 0.000557 seconds to synchronously load lazily loaded font '../../../Engine/Content/Slate/Fonts/Roboto-Light.ttf' (167K)
[2018.11.04-00.17.58:199][ 90]LogFactory: FactoryCreateFile: StaticMesh with FbxFactory (0 0 C:\Users\mg-lenovo\Downloads\peas_02.fbx)
[2018.11.04-00.17.58:547][ 90]LogFbx: Loading FBX Scene from C:\Users\mg-lenovo\Downloads\peas_02.fbx
[2018.11.04-00.17.58:802][ 90]LogFbx: FBX Scene Loaded Succesfully
[2018.11.04-00.17.59:355][ 90]LogSlate: FSceneViewport::OnFocusLost() reason 2
[2018.11.04-00.18.31:221][ 90]LogSlate: Window 'FBX Import Options' being destroyed
[2018.11.04-00.18.31:333][ 90]LogFbx: =================================================
[2018.11.04-00.18.31:333][ 90]LogFbx: Dumping Node START [SM_Peasant] 
[2018.11.04-00.18.31:333][ 90]LogFbx: 	Total Deformer Count -622194432.
[2018.11.04-00.18.31:334][ 90]LogFbx: 		[Node 1]  (Type Skin).
[2018.11.04-00.18.31:334][ 90]LogFbx: =================================================
[2018.11.04-00.18.31:334][ 90]LogFbx: 	Attribute (SM_Peasant) Type (4).
[2018.11.04-00.18.31:334][ 90]LogFbx: 		[Node Attribute Child 1] SM_Peasant (Type Mesh).
[2018.11.04-00.18.31:334][ 90]LogFbx: Dumping Node END [SM_Peasant]
[2018.11.04-00.18.31:334][ 90]LogFbx: =================================================
[2018.11.04-00.18.31:334][ 90]LogFbx: Dumping Node START [SM_Peasant] 
[2018.11.04-00.18.31:334][ 90]LogFbx: 	Total Deformer Count -622194432.
[2018.11.04-00.18.31:334][ 90]LogFbx: 		[Node 1]  (Type Skin).
[2018.11.04-00.18.31:334][ 90]LogFbx: =================================================
[2018.11.04-00.18.31:334][ 90]LogFbx: 	Attribute (SM_Peasant) Type (4).
[2018.11.04-00.18.31:334][ 90]LogFbx: 		[Node Attribute Child 1] SM_Peasant (Type Mesh).
[2018.11.04-00.18.31:334][ 90]LogFbx: Dumping Node END [SM_Peasant]
[2018.11.04-00.18.31:334][ 90]LogFbx: =================================================
[2018.11.04-00.18.31:334][ 90]LogFbx: Dumping Node START [SM_Peasant] 
[2018.11.04-00.18.31:334][ 90]LogFbx: 	Total Deformer Count -622194432.
[2018.11.04-00.18.31:334][ 90]LogFbx: 		[Node 1]  (Type Skin).
[2018.11.04-00.18.31:334][ 90]LogFbx: =================================================
[2018.11.04-00.18.31:334][ 90]LogFbx: 	Attribute (SM_Peasant) Type (4).
[2018.11.04-00.18.31:334][ 90]LogFbx: 		[Node Attribute Child 1] SM_Peasant (Type Mesh).
[2018.11.04-00.18.31:334][ 90]LogFbx: Dumping Node END [SM_Peasant]
[2018.11.04-00.18.31:338][ 90]LogFbx: Warning: Getting valid bind pose failed. Try to recreate bind pose
[2018.11.04-00.18.31:339][ 90]LogFbx: Valid bind pose for Pose (FbxSDKBindPose) - SM_Peasant
[2018.11.04-00.18.31:339][ 90]LogFbx: Warning: Recreating bind pose succeeded.
[2018.11.04-00.18.31:513][ 90]LogFbx: Warning: Bones digested - 28  Depth of hierarchy - 10
[2018.11.04-00.18.33:106][ 90]LogSkeletalMesh: Section 0: 24720 vertices, 24 active bones
[2018.11.04-00.18.33:110][ 90]LogSkeletalMesh: Section 0: Material=0, 47142 triangles
[2018.11.04-00.18.33:119][ 90]LogSkeletalMesh: Building Skeletal Mesh peas_02...
[2018.11.04-00.18.33:205][ 90]LogSkeletalMesh: Built Skeletal Mesh [0.09s] /Game/Peasant/Mehes/peas_02.peas_02
[2018.11.04-00.18.33:257][ 90]LogLinker: Can't find file '/Game/Peasant/Mehes/peas_02_Skeleton'
[2018.11.04-00.18.33:258][ 90]LogLinker: Can't find file '/Game/Peasant/Mehes/peas_02_Skeleton'
[2018.11.04-00.18.33:293][ 90]LogLinker: Can't find file '/Game/Peasant/Mehes/peas_02_PhysicsAsset'
[2018.11.04-00.18.33:294][ 90]LogLinker: Can't find file '/Game/Peasant/Mehes/peas_02_PhysicsAsset'
[2018.11.04-00.18.33:367][ 90]LogSkeletalMesh: Building Skeletal Mesh peas_02...
[2018.11.04-00.18.33:457][ 90]LogSkeletalMesh: Built Skeletal Mesh [0.09s] /Game/Peasant/Mehes/peas_02.peas_02
[2018.11.04-00.18.33:471][ 90]FBXImport: Warning: No smoothing group information was found in this FBX scene.  Please make sure to enable the 'Export Smoothing Groups' option in the FBX Exporter plug-in before exporting the file.  Even for tools that don't support smoothing groups, the FBX Exporter will generate appropriate smoothing data at export-time so that correct vertex normals can be inferred while importing. 
[2018.11.04-00.18.33:600][ 90]LogSkeletalMesh: Building Skeletal Mesh peas_02...
[2018.11.04-00.18.33:683][ 90]LogSkeletalMesh: Built Skeletal Mesh [0.08s] /Game/Peasant/Mehes/peas_02.peas_02
[2018.11.04-00.18.37:633][292]LogSlate: Window 'Message Log' being destroyed
[2018.11.04-00.18.37:639][292]LogSlate: Window 'Message Log' being destroyed
[2018.11.04-00.18.47:851][886]LogAssetEditorManager: Opening Asset editor for SkeletalMesh /Game/Peasant/Mehes/peas_02.peas_02
[2018.11.04-00.18.47:953][886]LogContentBrowser: Native class hierarchy updated for 'SkeletonEditor' in 0.0004 seconds. Added 1 classes and 2 folders.
[2018.11.04-00.18.48:244][886]LogActorComponent: RegisterComponentWithWorld: (/Engine/Transient.World_3:PersistentLevel.AnimationEditorPreviewActor_0.DebugSkelMeshComponent_0) Already registered. Aborting.
[2018.11.04-00.18.48:378][886]LogContentBrowser: Native class hierarchy updated for 'PinnedCommandList' in 0.0009 seconds. Added 1 classes and 0 folders.
[2018.11.04-00.18.48:503][886]LogSkeletalMesh: USkeletalMeshComponent::InitArticulated : Bodies already created (/Engine/Transient.World_3:PersistentLevel.AnimationEditorPreviewActor_0.DebugSkelMeshComponent_0) - call TermArticulated first.
[2018.11.04-00.18.49:222][886]LogSlate: Took 0.001090 seconds to synchronously load lazily loaded font '../../../Engine/Content/Slate/Fonts/Roboto-Italic.ttf' (157K)
[2018.11.04-00.18.49:298][886]LogContentBrowser: Native class hierarchy updated for 'ClothingSystemEditorInterface' in 0.0004 seconds. Added 1 classes and 0 folders.
[2018.11.04-00.18.49:393][886]LogRenderer: Reallocating scene render targets to support 956x672 Format 10 NumSamples 1 (Frame:1).
[2018.11.04-00.19.08:085][892]LogTexture: Display: Building textures: peasant_M_Peasant_Normal (BC5, 1024X1024)
[2018.11.04-00.19.08:086][892]LogTexture: Display: Building textures: peasant_M_Peasant_OcclusionRoughnessMetallic (AutoDXT, 1024X1024)
[2018.11.04-00.19.08:086][892]LogTexture: Display: Building textures: peasant_M_Peasant_BaseColor (AutoDXT, 1024X1024)
[2018.11.04-00.19.08:086][892]LogMaterial: Display: Missing cached shader map for material M_Peasant, compiling. 
[2018.11.04-00.19.08:299][892]LogShaderCompilers: Display: Shaders left to compile 22
[2018.11.04-00.19.08:300][892]LogShaderCompilers: Display: Shaders left to compile 12
[2018.11.04-00.19.08:300][892]LogShaderCompilers: Display: Shaders left to compile 2
[2018.11.04-00.19.08:301][892]LogSkeletalMesh: Building Skeletal Mesh peas_02...
[2018.11.04-00.19.08:441][892]LogSkeletalMesh: Built Skeletal Mesh [0.14s] /Game/Peasant/Mehes/peas_02.peas_02
[2018.11.04-00.19.08:455][892]LogMaterial: Warning: Material /Game/Peasant/Mehes/M_Peasant.M_Peasant needed to have new flag set bUsedWithSkeletalMesh !
[2018.11.04-00.19.08:458][892]LogMaterial: Display: Missing cached shader map for material M_Peasant, compiling. 
[2018.11.04-00.19.08:501][892]LogShaderCompilers: Display: Shaders left to compile 60
[2018.11.04-00.19.09:800][947]LogShaderCompilers: Display: Shaders left to compile 50
[2018.11.04-00.19.13:158][ 85]LogShaderCompilers: Display: Shaders left to compile 40
[2018.11.04-00.19.13:226][ 88]LogShaderCompilers: Display: Shaders left to compile 30
[2018.11.04-00.19.15:649][205]LogShaderCompilers: Display: Shaders left to compile 20
[2018.11.04-00.19.16:314][236]LogShaderCompilers: Display: Shaders left to compile 10
[2018.11.04-00.19.44:284][729]LogSlate: FSceneViewport::OnFocusLost() reason 0
[2018.11.04-00.19.44:305][730]LogAssetEditorManager: Opening Asset editor for Skeleton /Game/Peasant/Mehes/peas_02_Skeleton.peas_02_Skeleton
[2018.11.04-00.19.44:327][730]LogActorComponent: RegisterComponentWithWorld: (/Engine/Transient.World_5:PersistentLevel.AnimationEditorPreviewActor_0.DebugSkelMeshComponent_0) Already registered. Aborting.
[2018.11.04-00.19.44:378][730]LogSkeletalMesh: USkeletalMeshComponent::InitArticulated : Bodies already created (/Engine/Transient.World_5:PersistentLevel.AnimationEditorPreviewActor_0.DebugSkelMeshComponent_0) - call TermArticulated first.
[2018.11.04-00.20.06:315][915]Cmd: OBJ SAVEPACKAGE PACKAGE="/Game/Peasant/Mehes/peas_02" FILE="../../../../../../Users/mg-lenovo/Documents/GitHub/TeamCarry/TeamCarry/GJ_TeamCarry/Content/Peasant/Mehes/peas_02.uasset" SILENT=true
[2018.11.04-00.20.06:403][915]LogSavePackage: Moving '../../../../../../Users/mg-lenovo/Documents/GitHub/TeamCarry/TeamCarry/GJ_TeamCarry/Saved/peas_0285D390F64EDC962C4A32138486E16B78.tmp' to '../../../../../../Users/mg-lenovo/Documents/GitHub/TeamCarry/TeamCarry/GJ_TeamCarry/Content/Peasant/Mehes/peas_02.uasset'
[2018.11.04-00.20.06:458][915]LogSavePackage: Moving '../../../../../../Users/mg-lenovo/Documents/GitHub/TeamCarry/TeamCarry/GJ_TeamCarry/Saved/peas_02_SkeletonAC5EBC4642015DC147EADABD620517FB.tmp' to '../../../../../../Users/mg-lenovo/Documents/GitHub/TeamCarry/TeamCarry/GJ_TeamCarry/Content/Peasant/Mehes/peas_02_Skeleton.uasset'
[2018.11.04-00.20.06:522][915]LogSavePackage: Moving '../../../../../../Users/mg-lenovo/Documents/GitHub/TeamCarry/TeamCarry/GJ_TeamCarry/Saved/peas_02_PhysicsAsset4D5903334B8F0B1C2AE1CD9EA3EF42C8.tmp' to '../../../../../../Users/mg-lenovo/Documents/GitHub/TeamCarry/TeamCarry/GJ_TeamCarry/Content/Peasant/Mehes/peas_02_PhysicsAsset.uasset'
[2018.11.04-00.20.06:553][915]Cmd: OBJ SAVEPACKAGE PACKAGE="/Game/Peasant/Mehes/M_Peasant" FILE="../../../../../../Users/mg-lenovo/Documents/GitHub/TeamCarry/TeamCarry/GJ_TeamCarry/Content/Peasant/Mehes/M_Peasant.uasset" SILENT=true
[2018.11.04-00.20.06:602][915]LogSavePackage: Moving '../../../../../../Users/mg-lenovo/Documents/GitHub/TeamCarry/TeamCarry/GJ_TeamCarry/Saved/M_Peasant2623C2BC418F5BA7F7D55AA24004BC3D.tmp' to '../../../../../../Users/mg-lenovo/Documents/GitHub/TeamCarry/TeamCarry/GJ_TeamCarry/Content/Peasant/Mehes/M_Peasant.uasset'
[2018.11.04-00.20.20:233][660]LogSavePackage: Moving '../../../../../../Users/mg-lenovo/Documents/GitHub/TeamCarry/TeamCarry/GJ_TeamCarry/Saved/peas_02_SkeletonDD805C8E4EF8A140DA0F3FB7C60D1678.tmp' to '../../../../../../Users/mg-lenovo/Documents/GitHub/TeamCarry/TeamCarry/GJ_TeamCarry/Content/Peasant/Mehes/peas_02_Skeleton.uasset'
[2018.11.04-00.20.57:697][626]LogSlate: Window 'Retarget Manager' being destroyed
[2018.11.04-00.21.21:398][963]LogSlate: FSceneViewport::OnFocusLost() reason 0
[2018.11.04-00.22.00:993][157]LogSlate: Window 'Select Skeleton' being destroyed
[2018.11.04-00.22.11:370][689]LogStaticMesh: Building static mesh peasant...
[2018.11.04-00.22.12:752][689]LogStaticMesh: Built static mesh [1.38s] /Game/Peasant/Mehes/peasant.peasant
[2018.11.04-00.22.16:134][777]LogSlate: Window 'Delete Assets' being destroyed
[2018.11.04-00.22.16:551][777]LogSlate: Window 'peas_02_Skeleton' being destroyed
[2018.11.04-00.22.19:157][777]LogSkeletalMesh: Building Skeletal Mesh peas_02...
[2018.11.04-00.22.19:243][777]LogSkeletalMesh: Built Skeletal Mesh [0.10s] /Game/Peasant/Mehes/peas_02.peas_02
[2018.11.04-00.22.19:272][777]LogSkeletalMesh: Building Skeletal Mesh peas_02...
[2018.11.04-00.22.19:352][777]LogSkeletalMesh: Built Skeletal Mesh [0.09s] /Game/Peasant/Mehes/peas_02.peas_02
[2018.11.04-00.22.56:503][203]LogFactory: FactoryCreateFile: StaticMesh with FbxFactory (0 0 C:\Users\mg-lenovo\Downloads\peas_02 (1).fbx)
[2018.11.04-00.22.56:524][203]LogFbx: Loading FBX Scene from C:\Users\mg-lenovo\Downloads\peas_02 (1).fbx
[2018.11.04-00.22.56:580][203]LogFbx: FBX Scene Loaded Succesfully
[2018.11.04-00.23.08:257][203]LogSlate: Window 'FBX Import Options' being destroyed
[2018.11.04-00.23.08:326][203]LogFbx: =================================================
[2018.11.04-00.23.08:326][203]LogFbx: Dumping Node START [SM_Peasant] 
[2018.11.04-00.23.08:326][203]LogFbx: 	Total Deformer Count 298231616.
[2018.11.04-00.23.08:326][203]LogFbx: 		[Node 1]  (Type Skin).
[2018.11.04-00.23.08:326][203]LogFbx: =================================================
[2018.11.04-00.23.08:326][203]LogFbx: 	Attribute (SM_Peasant) Type (4).
[2018.11.04-00.23.08:326][203]LogFbx: 		[Node Attribute Child 1] SM_Peasant (Type Mesh).
[2018.11.04-00.23.08:326][203]LogFbx: Dumping Node END [SM_Peasant]
[2018.11.04-00.23.08:326][203]LogFbx: =================================================
[2018.11.04-00.23.08:326][203]LogFbx: Dumping Node START [SM_Peasant] 
[2018.11.04-00.23.08:326][203]LogFbx: 	Total Deformer Count 298231616.
[2018.11.04-00.23.08:326][203]LogFbx: 		[Node 1]  (Type Skin).
[2018.11.04-00.23.08:326][203]LogFbx: =================================================
[2018.11.04-00.23.08:326][203]LogFbx: 	Attribute (SM_Peasant) Type (4).
[2018.11.04-00.23.08:326][203]LogFbx: 		[Node Attribute Child 1] SM_Peasant (Type Mesh).
[2018.11.04-00.23.08:326][203]LogFbx: Dumping Node END [SM_Peasant]
[2018.11.04-00.23.08:327][203]LogFbx: =================================================
[2018.11.04-00.23.08:327][203]LogFbx: Dumping Node START [SM_Peasant] 
[2018.11.04-00.23.08:327][203]LogFbx: 	Total Deformer Count 298231616.
[2018.11.04-00.23.08:327][203]LogFbx: 		[Node 1]  (Type Skin).
[2018.11.04-00.23.08:327][203]LogFbx: =================================================
[2018.11.04-00.23.08:327][203]LogFbx: 	Attribute (SM_Peasant) Type (4).
[2018.11.04-00.23.08:327][203]LogFbx: 		[Node Attribute Child 1] SM_Peasant (Type Mesh).
[2018.11.04-00.23.08:327][203]LogFbx: Dumping Node END [SM_Peasant]
[2018.11.04-00.23.08:327][203]LogFbx: Warning: Getting valid bind pose failed. Try to recreate bind pose
[2018.11.04-00.23.08:328][203]LogFbx: Valid bind pose for Pose (FbxSDKBindPose) - SM_Peasant
[2018.11.04-00.23.08:328][203]LogFbx: Warning: Recreating bind pose succeeded.
[2018.11.04-00.23.08:502][203]LogFbx: Warning: Bones digested - 28  Depth of hierarchy - 10
[2018.11.04-00.23.09:973][203]LogSkeletalMesh: Section 0: 24720 vertices, 24 active bones
[2018.11.04-00.23.09:978][203]LogSkeletalMesh: Section 0: Material=0, 47142 triangles
[2018.11.04-00.23.09:981][203]LogSkeletalMesh: Building Skeletal Mesh peas_02__1_...
[2018.11.04-00.23.10:071][203]LogSkeletalMesh: Built Skeletal Mesh [0.09s] /Game/Peasant/Mehes/peas_02__1_.peas_02__1_
[2018.11.04-00.23.10:094][203]LogLinker: Can't find file '/Game/Peasant/Mehes/peas_02__1__Skeleton'
[2018.11.04-00.23.10:094][203]LogLinker: Can't find file '/Game/Peasant/Mehes/peas_02__1__Skeleton'
[2018.11.04-00.23.10:097][203]LogLinker: Can't find file '/Game/Peasant/Mehes/peas_02__1__PhysicsAsset'
[2018.11.04-00.23.10:098][203]LogLinker: Can't find file '/Game/Peasant/Mehes/peas_02__1__PhysicsAsset'
[2018.11.04-00.23.10:116][203]LogSkeletalMesh: Building Skeletal Mesh peas_02__1_...
[2018.11.04-00.23.10:194][203]LogSkeletalMesh: Built Skeletal Mesh [0.08s] /Game/Peasant/Mehes/peas_02__1_.peas_02__1_
[2018.11.04-00.23.10:209][203]FBXImport: Warning: No smoothing group information was found in this FBX scene.  Please make sure to enable the 'Export Smoothing Groups' option in the FBX Exporter plug-in before exporting the file.  Even for tools that don't support smoothing groups, the FBX Exporter will generate appropriate smoothing data at export-time so that correct vertex normals can be inferred while importing. 
[2018.11.04-00.23.10:219][203]LogSkeletalMesh: Building Skeletal Mesh peas_02__1_...
[2018.11.04-00.23.10:296][203]LogSkeletalMesh: Built Skeletal Mesh [0.08s] /Game/Peasant/Mehes/peas_02__1_.peas_02__1_
[2018.11.04-00.23.14:844][472]LogSlate: Window 'Message Log' being destroyed
[2018.11.04-00.23.14:848][472]LogSlate: Window 'Message Log' being destroyed
[2018.11.04-00.23.18:080][640]LogAssetEditorManager: Opening Asset editor for SkeletalMesh /Game/Peasant/Mehes/peas_02__1_.peas_02__1_
[2018.11.04-00.23.18:094][640]LogActorComponent: RegisterComponentWithWorld: (/Engine/Transient.World_13:PersistentLevel.AnimationEditorPreviewActor_0.DebugSkelMeshComponent_0) Already registered. Aborting.
[2018.11.04-00.23.18:131][640]LogSkeletalMesh: USkeletalMeshComponent::InitArticulated : Bodies already created (/Engine/Transient.World_13:PersistentLevel.AnimationEditorPreviewActor_0.DebugSkelMeshComponent_0) - call TermArticulated first.
[2018.11.04-00.23.25:107][996]LogAssetEditorManager: Opening Asset editor for Skeleton /Game/Peasant/Mehes/peas_02__1__Skeleton.peas_02__1__Skeleton
[2018.11.04-00.23.25:121][996]LogActorComponent: RegisterComponentWithWorld: (/Engine/Transient.World_14:PersistentLevel.AnimationEditorPreviewActor_0.DebugSkelMeshComponent_0) Already registered. Aborting.
[2018.11.04-00.23.25:142][996]LogSkeletalMesh: USkeletalMeshComponent::InitArticulated : Bodies already created (/Engine/Transient.World_14:PersistentLevel.AnimationEditorPreviewActor_0.DebugSkelMeshComponent_0) - call TermArticulated first.
[2018.11.04-00.23.42:639][977]LogSavePackage: Moving '../../../../../../Users/mg-lenovo/Documents/GitHub/TeamCarry/TeamCarry/GJ_TeamCarry/Saved/peas_02__1_93D33B304A005D3827BAA79E14A0F9C6.tmp' to '../../../../../../Users/mg-lenovo/Documents/GitHub/TeamCarry/TeamCarry/GJ_TeamCarry/Content/Peasant/Mehes/peas_02__1_.uasset'
[2018.11.04-00.23.42:666][977]LogSavePackage: Moving '../../../../../../Users/mg-lenovo/Documents/GitHub/TeamCarry/TeamCarry/GJ_TeamCarry/Saved/peas_02__1__Skeleton2921045D4B59F3C034585E8F41D458C7.tmp' to '../../../../../../Users/mg-lenovo/Documents/GitHub/TeamCarry/TeamCarry/GJ_TeamCarry/Content/Peasant/Mehes/peas_02__1__Skeleton.uasset'
[2018.11.04-00.23.42:727][977]LogSavePackage: Moving '../../../../../../Users/mg-lenovo/Documents/GitHub/TeamCarry/TeamCarry/GJ_TeamCarry/Saved/peas_02__1__PhysicsAssetD27FEDBC423A8BD1B64ADD82448253E8.tmp' to '../../../../../../Users/mg-lenovo/Documents/GitHub/TeamCarry/TeamCarry/GJ_TeamCarry/Content/Peasant/Mehes/peas_02__1__PhysicsAsset.uasset'
[2018.11.04-00.23.58:496][872]LogSlate: Window 'Select Skeleton' being destroyed
[2018.11.04-00.24.56:228][165]LogSlate: Window 'Select Skeleton' being destroyed
[2018.11.04-00.26.48:133][550]LogSlate: FSceneViewport::OnFocusLost() reason 0
[2018.11.04-00.27.05:004][394]LogSavePackage: Moving '../../../../../../Users/mg-lenovo/Documents/GitHub/TeamCarry/TeamCarry/GJ_TeamCarry/Saved/peas_02__1__SkeletonF49BA33E40712417C619E7AE1D24B2E6.tmp' to '../../../../../../Users/mg-lenovo/Documents/GitHub/TeamCarry/TeamCarry/GJ_TeamCarry/Content/Peasant/Mehes/peas_02__1__Skeleton.uasset'
[2018.11.04-00.27.33:538][ 23]LogSlate: Window 'Select Skeleton' being destroyed
[2018.11.04-00.28.35:324][368]LogAudio: Warning: Current Audio Device with ID {0.0.0.00000000}.{97404e72-6dc9-4ef9-b843-7fb861acf9db} was removed. Shutting down audio device.
[2018.11.04-00.28.35:324][368]LogInit: XAudio2 using 'Hoparlör (Realtek High Definition Audio)' : 2 channels at 48 kHz using 32 bits per sample (channel mask 0x3)
[2018.11.04-00.28.35:756][369]LogInit: XAudio2 using 'Hoparlör (Realtek High Definition Audio)' : 2 channels at 48 kHz using 32 bits per sample (channel mask 0x3)
[2018.11.04-00.29.24:345][890]Cmd: TRANSACTION UNDO
[2018.11.04-00.29.24:345][890]LogEditorTransaction: Undo Rotate Bone
[2018.11.04-00.29.24:598][890]LogActorComponent: RegisterComponentWithWorld: (/Engine/Transient.World_13:PersistentLevel.AnimationEditorPreviewActor_0.DebugSkelMeshComponent_0) Already registered. Aborting.
[2018.11.04-00.29.24:599][890]LogActorComponent: RegisterComponentWithWorld: (/Engine/Transient.World_14:PersistentLevel.AnimationEditorPreviewActor_0.DebugSkelMeshComponent_0) Already registered. Aborting.
[2018.11.04-00.29.26:106][948]LogSlate: FSceneViewport::OnFocusLost() reason 2
[2018.11.04-00.29.58:930][699]LogSlate: FSceneViewport::OnFocusLost() reason 0
[2018.11.04-00.31.23:893][584]LogSavePackage: Moving '../../../../../../Users/mg-lenovo/Documents/GitHub/TeamCarry/TeamCarry/GJ_TeamCarry/Saved/peas_02__1__Skeleton785A9B8A40FAED4E7B3C989151A38B6C.tmp' to '../../../../../../Users/mg-lenovo/Documents/GitHub/TeamCarry/TeamCarry/GJ_TeamCarry/Content/Peasant/Mehes/peas_02__1__Skeleton.uasset'
[2018.11.04-00.31.40:512][530]LogSlate: Window 'Select Skeleton' being destroyed
[2018.11.04-00.31.59:748][454]LogSavePackage: Moving '../../../../../../Users/mg-lenovo/Documents/GitHub/TeamCarry/TeamCarry/GJ_TeamCarry/Saved/peas_02__1_C0F70DA7476F2BB7FBB995ACA0CAD942.tmp' to '../../../../../../Users/mg-lenovo/Documents/GitHub/TeamCarry/TeamCarry/GJ_TeamCarry/Content/Peasant/Mehes/peas_02__1_.uasset'
[2018.11.04-00.32.11:282][ 86]LogSavePackage: Moving '../../../../../../Users/mg-lenovo/Documents/GitHub/TeamCarry/TeamCarry/GJ_TeamCarry/Saved/peas_02__1__SkeletonB18AF7964A017513F8DB7687109358F2.tmp' to '../../../../../../Users/mg-lenovo/Documents/GitHub/TeamCarry/TeamCarry/GJ_TeamCarry/Content/Peasant/Mehes/peas_02__1__Skeleton.uasset'
[2018.11.04-00.32.18:334][485]LogSlate: Window 'Select Skeleton' being destroyed
[2018.11.04-00.38.10:688][312]LogSlate: Window 'Delete Assets' being destroyed
[2018.11.04-00.38.10:697][312]LogSlate: Window 'Retarget Manager' being destroyed
[2018.11.04-00.38.10:698][312]LogSlate: Window 'Retarget Manager' being destroyed
[2018.11.04-00.38.11:007][312]LogSlate: Window 'peas_02__1_' being destroyed
[2018.11.04-00.38.11:444][312]LogSkeletalMesh: Building Skeletal Mesh peas_02__1_...
[2018.11.04-00.38.11:525][312]LogSkeletalMesh: Built Skeletal Mesh [0.08s] /Game/Peasant/Mehes/peas_02__1_.peas_02__1_
[2018.11.04-00.38.11:536][312]LogSkeletalMesh: Building Skeletal Mesh peas_02__1_...
[2018.11.04-00.38.11:611][312]LogSkeletalMesh: Built Skeletal Mesh [0.07s] /Game/Peasant/Mehes/peas_02__1_.peas_02__1_
[2018.11.04-00.38.18:237][594]LogSlate: Window 'GJ_TeamCarry - Unreal Editor' being destroyed
[2018.11.04-00.38.18:237][594]LogWindowsTextInputMethodSystem: Display: IME system now deactivated.
[2018.11.04-00.38.18:459][595]Cmd: QUIT_EDITOR
[2018.11.04-00.38.18:495][595]LogExit: Preparing to exit.
[2018.11.04-00.38.18:926][595]LogExit: Editor shut down
[2018.11.04-00.38.18:927][595]LogExit: Transaction tracking system shut down
[2018.11.04-00.38.19:205][595]LogExit: Object subsystem successfully closed.
[2018.11.04-00.38.19:228][595]LogShaderCompilers: Display: Shaders left to compile 0
[2018.11.04-00.38.19:232][595]LogD3D11RHI: Shutdown
[2018.11.04-00.38.19:232][595]LogD3D11RHI: CleanupD3DDevice
[2018.11.04-00.38.19:239][595]LogD3D11RHI: ~FD3D11DynamicRHI
[2018.11.04-00.38.19:278][595]LogModuleManager: Shutting down and abandoning module MeshBuilder (618)
[2018.11.04-00.38.19:278][595]LogModuleManager: Shutting down and abandoning module ClothingSystemEditorInterface (616)
[2018.11.04-00.38.19:278][595]LogModuleManager: Shutting down and abandoning module PinnedCommandList (614)
[2018.11.04-00.38.19:278][595]LogModuleManager: Shutting down and abandoning module SkeletonEditor (612)
[2018.11.04-00.38.19:278][595]LogModuleManager: Shutting down and abandoning module HierarchicalLODOutliner (610)
[2018.11.04-00.38.19:278][595]LogModuleManager: Shutting down and abandoning module SceneOutliner (608)
[2018.11.04-00.38.19:278][595]LogModuleManager: Shutting down and abandoning module AddContentDialog (606)
[2018.11.04-00.38.19:346][595]LogModuleManager: Shutting down and abandoning module WidgetCarousel (605)
[2018.11.04-00.38.19:346][595]LogModuleManager: Shutting down and abandoning module EditorWidgets (602)
[2018.11.04-00.38.19:346][595]LogModuleManager: Shutting down and abandoning module CollectionManager (600)
[2018.11.04-00.38.19:346][595]LogModuleManager: Shutting down and abandoning module StatsViewer (598)
[2018.11.04-00.38.19:346][595]LogModuleManager: Shutting down and abandoning module FoliageEdit (596)
[2018.11.04-00.38.19:346][595]LogModuleManager: Shutting down and abandoning module LandscapeEditor (594)
[2018.11.04-00.38.19:346][595]LogModuleManager: Shutting down and abandoning module MeshPaintMode (592)
[2018.11.04-00.38.19:346][595]LogModuleManager: Shutting down and abandoning module SceneDepthPickerMode (590)
[2018.11.04-00.38.19:346][595]LogModuleManager: Shutting down and abandoning module ActorPickerMode (588)
[2018.11.04-00.38.19:346][595]LogModuleManager: Shutting down and abandoning module GeometryMode (586)
[2018.11.04-00.38.19:346][595]LogModuleManager: Shutting down and abandoning module TextureAlignMode (584)
[2018.11.04-00.38.19:346][595]LogModuleManager: Shutting down and abandoning module BspMode (582)
[2018.11.04-00.38.19:346][595]LogModuleManager: Shutting down and abandoning module PIEPreviewDeviceProfileSelector (580)
[2018.11.04-00.38.19:346][595]LogModuleManager: Shutting down and abandoning module SequenceRecorderSections (578)
[2018.11.04-00.38.19:346][595]LogModuleManager: Shutting down and abandoning module AutomationWorker (576)
[2018.11.04-00.38.19:346][595]LogModuleManager: Shutting down and abandoning module AudioCaptureEditor (574)
[2018.11.04-00.38.19:346][595]LogModuleManager: Shutting down and abandoning module SequenceRecorder (573)
[2018.11.04-00.38.19:346][595]LogModuleManager: Shutting down and abandoning module MatineeToLevelSequence (570)
[2018.11.04-00.38.19:346][595]LogModuleManager: Shutting down and abandoning module LevelSequenceEditor (568)
[2018.11.04-00.38.19:347][595]LogModuleManager: Shutting down and abandoning module PlacementMode (567)
[2018.11.04-00.38.19:347][595]LogModuleManager: Shutting down and abandoning module MaterialEditor (566)
[2018.11.04-00.38.19:347][595]LogModuleManager: Shutting down and abandoning module WmfMediaFactory (562)
[2018.11.04-00.38.19:347][595]LogModuleManager: Shutting down and abandoning module WmfMediaEditor (560)
[2018.11.04-00.38.19:347][595]LogModuleManager: Shutting down and abandoning module MediaPlayerEditor (558)
[2018.11.04-00.38.19:347][595]LogModuleManager: Shutting down and abandoning module OpenExrWrapper (556)
[2018.11.04-00.38.19:347][595]LogModuleManager: Shutting down and abandoning module ImgMediaFactory (554)
[2018.11.04-00.38.19:347][595]LogModuleManager: Shutting down and abandoning module ImgMediaEditor (552)
[2018.11.04-00.38.19:347][595]LogModuleManager: Shutting down and abandoning module AvfMediaFactory (550)
[2018.11.04-00.38.19:347][595]LogModuleManager: Shutting down and abandoning module AvfMediaEditor (548)
[2018.11.04-00.38.19:347][595]LogModuleManager: Shutting down and abandoning module AndroidMediaFactory (546)
[2018.11.04-00.38.19:347][595]LogModuleManager: Shutting down and abandoning module AndroidMediaEditor (544)
[2018.11.04-00.38.19:347][595]LogModuleManager: Shutting down and abandoning module MagicLeapCameraPreviewFactory (542)
[2018.11.04-00.38.19:347][595]LogModuleManager: Shutting down and abandoning module MagicLeapMediaFactory (540)
[2018.11.04-00.38.19:347][595]LogModuleManager: Shutting down and abandoning module MagicLeapMediaEditor (538)
[2018.11.04-00.38.19:347][595]LogModuleManager: Shutting down and abandoning module CharacterAI (536)
[2018.11.04-00.38.19:347][595]LogModuleManager: Shutting down and abandoning module SmartSnapping (534)
[2018.11.04-00.38.19:347][595]LogModuleManager: Shutting down and abandoning module SessionServices (532)
[2018.11.04-00.38.19:347][595]LogModuleManager: Shutting down and abandoning module ViewportSnapping (530)
[2018.11.04-00.38.19:347][595]LogModuleManager: Shutting down and abandoning module ViewportInteraction (528)
[2018.11.04-00.38.19:347][595]LogModuleManager: Shutting down and abandoning module ClothPainter (526)
[2018.11.04-00.38.19:347][595]LogModuleManager: Shutting down and abandoning module SkeletalMeshEditor (525)
[2018.11.04-00.38.19:347][595]LogModuleManager: Shutting down and abandoning module LogVisualizer (522)
[2018.11.04-00.38.19:347][595]LogModuleManager: Shutting down and abandoning module IntroTutorials (520)
[2018.11.04-00.38.19:347][595]LogModuleManager: Shutting down and abandoning module GameProjectGeneration (519)
[2018.11.04-00.38.19:348][595]LogModuleManager: Shutting down and abandoning module LuminPlatformEditor (516)
[2018.11.04-00.38.19:348][595]LogModuleManager: Shutting down and abandoning module IOSPlatformEditor (514)
[2018.11.04-00.38.19:348][595]LogModuleManager: Shutting down and abandoning module HTML5PlatformEditor (512)
[2018.11.04-00.38.19:348][595]LogModuleManager: Shutting down and abandoning module AndroidPlatformEditor (510)
[2018.11.04-00.38.19:348][595]LogModuleManager: Shutting down and abandoning module AndroidDeviceDetection (509)
[2018.11.04-00.38.19:916][595]LogModuleManager: Shutting down and abandoning module WindowsPlatformEditor (506)
[2018.11.04-00.38.19:916][595]LogModuleManager: Shutting down and abandoning module LuminRuntimeSettings (504)
[2018.11.04-00.38.19:917][595]LogModuleManager: Shutting down and abandoning module IOSRuntimeSettings (502)
[2018.11.04-00.38.19:917][595]LogModuleManager: Shutting down and abandoning module AndroidRuntimeSettings (500)
[2018.11.04-00.38.19:917][595]LogModuleManager: Shutting down and abandoning module InputBindingEditor (498)
[2018.11.04-00.38.19:917][595]LogModuleManager: Shutting down and abandoning module MergeActors (496)
[2018.11.04-00.38.19:917][595]LogModuleManager: Shutting down and abandoning module LocalizationDashboard (494)
[2018.11.04-00.38.19:917][595]LogModuleManager: Shutting down and abandoning module LocalizationService (493)
[2018.11.04-00.38.19:917][595]LogModuleManager: Shutting down and abandoning module HardwareTargeting (490)
[2018.11.04-00.38.19:917][595]LogModuleManager: Shutting down and abandoning module DeviceProfileEditor (488)
[2018.11.04-00.38.19:917][595]LogModuleManager: Shutting down and abandoning module UndoHistory (486)
[2018.11.04-00.38.19:918][595]LogModuleManager: Shutting down and abandoning module XmlParser (484)
[2018.11.04-00.38.19:918][595]LogModuleManager: Shutting down and abandoning module Blutility (482)
[2018.11.04-00.38.19:918][595]LogModuleManager: Shutting down and abandoning module ProjectSettingsViewer (480)
[2018.11.04-00.38.19:918][595]LogModuleManager: Shutting down and abandoning module ProjectTargetPlatformEditor (479)
[2018.11.04-00.38.19:918][595]LogModuleManager: Shutting down and abandoning module EditorSettingsViewer (476)
[2018.11.04-00.38.19:918][595]LogModuleManager: Shutting down and abandoning module SettingsEditor (474)
[2018.11.04-00.38.19:919][595]LogModuleManager: Shutting down and abandoning module ProjectLauncher (472)
[2018.11.04-00.38.19:919][595]LogModuleManager: Shutting down and abandoning module SessionFrontend (470)
[2018.11.04-00.38.19:919][595]LogModuleManager: Shutting down and abandoning module ProfilerClient (468)
[2018.11.04-00.38.19:919][595]LogModuleManager: Shutting down and abandoning module DeviceManager (466)
[2018.11.04-00.38.19:919][595]LogModuleManager: Shutting down and abandoning module TargetDeviceServices (465)
[2018.11.04-00.38.19:964][595]LogModuleManager: Shutting down and abandoning module AutomationController (462)
[2018.11.04-00.38.19:964][595]LogModuleManager: Shutting down and abandoning module AutomationWindow (460)
[2018.11.04-00.38.19:964][595]LogModuleManager: Shutting down and abandoning module Layers (458)
[2018.11.04-00.38.19:964][595]LogModuleManager: Shutting down and abandoning module ComponentVisualizers (456)
[2018.11.04-00.38.19:964][595]LogModuleManager: Shutting down and abandoning module DetailCustomizations (454)
[2018.11.04-00.38.19:964][595]LogModuleManager: Shutting down and abandoning module PackagesDialog (452)
[2018.11.04-00.38.19:964][595]LogModuleManager: Shutting down and abandoning module Persona (450)
[2018.11.04-00.38.19:965][595]LogModuleManager: Shutting down and abandoning module AdvancedPreviewScene (449)
[2018.11.04-00.38.19:965][595]LogModuleManager: Shutting down and abandoning module AnimGraph (447)
[2018.11.04-00.38.19:965][595]LogModuleManager: Shutting down and abandoning module Kismet (444)
[2018.11.04-00.38.19:966][595]LogModuleManager: Shutting down and abandoning module GraphEditor (442)
[2018.11.04-00.38.19:966][595]LogModuleManager: Shutting down and abandoning module ClassViewer (440)
[2018.11.04-00.38.19:966][595]LogModuleManager: Shutting down and abandoning module Toolbox (438)
[2018.11.04-00.38.19:966][595]LogModuleManager: Shutting down and abandoning module ModuleUI (436)
[2018.11.04-00.38.19:966][595]LogModuleManager: Shutting down and abandoning module MovieSceneTools (434)
[2018.11.04-00.38.19:966][595]LogModuleManager: Shutting down and abandoning module OutputLog (432)
[2018.11.04-00.38.19:966][595]LogModuleManager: Shutting down and abandoning module GammaUI (430)
[2018.11.04-00.38.19:966][595]LogModuleManager: Shutting down and abandoning module Documentation (428)
[2018.11.04-00.38.19:966][595]LogModuleManager: Shutting down and abandoning module MovieSceneTracks (426)
[2018.11.04-00.38.19:966][595]LogModuleManager: Shutting down and abandoning module MovieScene (424)
[2018.11.04-00.38.19:966][595]LogModuleManager: Shutting down and abandoning module StreamingPauseRendering (422)
[2018.11.04-00.38.19:966][595]LogModuleManager: Shutting down and abandoning module LauncherPlatform (420)
[2018.11.04-00.38.19:966][595]LogModuleManager: Shutting down and abandoning module AnalyticsET (418)
[2018.11.04-00.38.19:966][595]LogModuleManager: Shutting down and abandoning module PortalServices (416)
[2018.11.04-00.38.19:966][595]LogModuleManager: Shutting down and abandoning module PortalRpc (414)
[2018.11.04-00.38.19:966][595]LogModuleManager: Shutting down and abandoning module MessagingRpc (412)
[2018.11.04-00.38.19:967][595]LogModuleManager: Shutting down and abandoning module AIModule (410)
[2018.11.04-00.38.19:967][595]LogModuleManager: Shutting down and abandoning module GameplayDebugger (409)
[2018.11.04-00.38.19:967][595]LogModuleManager: Shutting down and abandoning module AITestSuite (407)
[2018.11.04-00.38.19:967][595]LogModuleManager: Shutting down and abandoning module NavigationSystem (405)
[2018.11.04-00.38.19:967][595]LogModuleManager: Shutting down and abandoning module DesktopPlatform (402)
[2018.11.04-00.38.19:967][595]LogModuleManager: Shutting down and abandoning module ProfilerService (400)
[2018.11.04-00.38.20:120][595]LogModuleManager: Shutting down and abandoning module TaskGraph (398)
[2018.11.04-00.38.20:120][595]LogModuleManager: Shutting down and abandoning module SteamVRController (396)
[2018.11.04-00.38.20:120][595]LogModuleManager: Shutting down and abandoning module ProceduralMeshComponentEditor (394)
[2018.11.04-00.38.20:120][595]LogModuleManager: Shutting down and abandoning module ProceduralMeshComponent (392)
[2018.11.04-00.38.20:120][595]LogModuleManager: Shutting down and abandoning module OculusInput (390)
[2018.11.04-00.38.20:120][595]LogModuleManager: Shutting down and abandoning module MobilePatchingUtils (388)
[2018.11.04-00.38.20:120][595]LogModuleManager: Shutting down and abandoning module EditableMesh (386)
[2018.11.04-00.38.20:120][595]LogModuleManager: Shutting down and abandoning module CustomMeshComponent (384)
[2018.11.04-00.38.20:120][595]LogModuleManager: Shutting down and abandoning module CableComponent (382)
[2018.11.04-00.38.20:120][595]LogModuleManager: Shutting down and abandoning module AudioCapture (380)
[2018.11.04-00.38.20:120][595]LogModuleManager: Shutting down and abandoning module ArchVisCharacter (378)
[2018.11.04-00.38.20:120][595]LogModuleManager: Shutting down and abandoning module AndroidPermission (376)
[2018.11.04-00.38.20:120][595]LogModuleManager: Shutting down and abandoning module NUTUnrealEngine4 (374)
[2018.11.04-00.38.20:120][595]LogModuleManager: Shutting down and abandoning module NetcodeUnitTest (372)
[2018.11.04-00.38.20:120][595]LogModuleManager: Shutting down and abandoning module MediaCompositingEditor (370)
[2018.11.04-00.38.20:120][595]LogModuleManager: Shutting down and abandoning module MediaCompositing (368)
[2018.11.04-00.38.20:120][595]LogModuleManager: Shutting down and abandoning module LinearTimecode (366)
[2018.11.04-00.38.20:120][595]LogModuleManager: Shutting down and abandoning module ImgMedia (364)
[2018.11.04-00.38.20:126][595]LogModuleManager: Shutting down and abandoning module HTML5Networking (362)
[2018.11.04-00.38.20:126][595]LogModuleManager: Shutting down and abandoning module GeometryCacheTracks (360)
[2018.11.04-00.38.20:127][595]LogModuleManager: Shutting down and abandoning module GeometryCacheSequencer (358)
[2018.11.04-00.38.20:127][595]LogModuleManager: Shutting down and abandoning module BackChannel (356)
[2018.11.04-00.38.20:127][595]LogModuleManager: Shutting down and abandoning module AppleVision (354)
[2018.11.04-00.38.20:127][595]LogModuleManager: Shutting down and abandoning module AppleImageUtils (352)
[2018.11.04-00.38.20:127][595]LogModuleManager: Shutting down and abandoning module AlembicImporter (350)
[2018.11.04-00.38.20:127][595]LogModuleManager: Shutting down and abandoning module AlembicLibrary (349)
[2018.11.04-00.38.20:127][595]LogModuleManager: Shutting down and abandoning module GeometryCache (348)
[2018.11.04-00.38.20:127][595]LogModuleManager: Shutting down and abandoning module GeometryCacheEd (347)
[2018.11.04-00.38.20:127][595]LogModuleManager: Shutting down and abandoning module DatasmithContentEditor (342)
[2018.11.04-00.38.20:127][595]LogModuleManager: Shutting down and abandoning module DatasmithContent (340)
[2018.11.04-00.38.20:128][595]LogModuleManager: Shutting down and abandoning module SpeedTreeImporter (338)
[2018.11.04-00.38.20:128][595]LogModuleManager: Shutting down and abandoning module PluginBrowser (336)
[2018.11.04-00.38.20:128][595]LogModuleManager: Shutting down and abandoning module MobileLauncherProfileWizard (334)
[2018.11.04-00.38.20:129][595]LogModuleManager: Shutting down and abandoning module PolygonModeling (332)
[2018.11.04-00.38.20:129][595]LogModuleManager: Shutting down and abandoning module MeshEditor (330)
[2018.11.04-00.38.20:129][595]LogModuleManager: Shutting down and abandoning module CryptoKeysOpenSSL (328)
[2018.11.04-00.38.20:129][595]LogModuleManager: Shutting down and abandoning module CryptoKeys (326)
[2018.11.04-00.38.20:129][595]LogModuleManager: Shutting down and abandoning module VisualStudioSourceCodeAccess (324)
[2018.11.04-00.38.20:129][595]LogModuleManager: Shutting down and abandoning module VisualStudioCodeSourceCodeAccess (322)
[2018.11.04-00.38.20:129][595]LogModuleManager: Shutting down and abandoning module UObjectPlugin (320)
[2018.11.04-00.38.20:129][595]LogModuleManager: Shutting down and abandoning module SubversionSourceControl (318)
[2018.11.04-00.38.20:129][595]LogModuleManager: Shutting down and abandoning module PerforceSourceControl (316)
[2018.11.04-00.38.20:129][595]LogModuleManager: Shutting down and abandoning module GitSourceControl (314)
[2018.11.04-00.38.20:129][595]LogModuleManager: Shutting down and abandoning module SourceControl (313)
[2018.11.04-00.38.20:129][595]LogModuleManager: Shutting down and abandoning module CLionSourceCodeAccess (310)
[2018.11.04-00.38.20:129][595]LogModuleManager: Shutting down and abandoning module LightPropagationVolumeEditor (308)
[2018.11.04-00.38.20:129][595]LogModuleManager: Shutting down and abandoning module PaperTiledImporter (306)
[2018.11.04-00.38.20:129][595]LogModuleManager: Shutting down and abandoning module PaperSpriteSheetImporter (304)
[2018.11.04-00.38.20:129][595]LogModuleManager: Shutting down and abandoning module Paper2DEditor (302)
[2018.11.04-00.38.20:130][595]LogModuleManager: Shutting down and abandoning module MeshPaint (301)
[2018.11.04-00.38.20:130][595]LogModuleManager: Shutting down and abandoning module RuntimePhysXCooking (298)
[2018.11.04-00.38.20:130][595]LogModuleManager: Shutting down and abandoning module PhysXVehiclesEditor (296)
[2018.11.04-00.38.20:130][595]LogModuleManager: Shutting down and abandoning module PhysXVehicles (294)
[2018.11.04-00.38.20:130][595]LogModuleManager: Shutting down and abandoning module OculusEditor (292)
[2018.11.04-00.38.20:130][595]LogModuleManager: Shutting down and abandoning module LocationServicesBPLibrary (290)
[2018.11.04-00.38.20:130][595]LogModuleManager: Shutting down and abandoning module ImmediatePhysicsEditor (288)
[2018.11.04-00.38.20:130][595]LogModuleManager: Shutting down and abandoning module ImmediatePhysics (286)
[2018.11.04-00.38.20:130][595]LogModuleManager: Shutting down and abandoning module ActorSequence (284)
[2018.11.04-00.38.20:130][595]LogModuleManager: Shutting down and abandoning module UdpMessaging (282)
[2018.11.04-00.38.20:231][595]LogModuleManager: Shutting down and abandoning module TcpMessaging (280)
[2018.11.04-00.38.20:331][595]LogModuleManager: Shutting down and abandoning module MagicLeapAudio (278)
[2018.11.04-00.38.20:331][595]LogModuleManager: Shutting down and abandoning module GameplayTagsEditor (276)
[2018.11.04-00.38.20:331][595]LogModuleManager: Shutting down and abandoning module FacialAnimationEditor (274)
[2018.11.04-00.38.20:331][595]LogModuleManager: Shutting down and abandoning module FacialAnimation (272)
[2018.11.04-00.38.20:331][595]LogModuleManager: Shutting down and abandoning module DataValidation (270)
[2018.11.04-00.38.20:331][595]LogModuleManager: Shutting down and abandoning module AssetManagerEditor (268)
[2018.11.04-00.38.20:332][595]LogModuleManager: Shutting down and abandoning module LevelEditor (267)
[2018.11.04-00.38.20:334][595]LogModuleManager: Shutting down and abandoning module PixelInspectorModule (266)
[2018.11.04-00.38.20:334][595]LogModuleManager: Shutting down and abandoning module CommonMenuExtensions (264)
[2018.11.04-00.38.20:335][595]LogModuleManager: Shutting down and abandoning module MainFrame (262)
[2018.11.04-00.38.20:335][595]LogModuleManager: Shutting down and abandoning module HotReload (261)
[2018.11.04-00.38.20:336][595]LogModuleManager: Shutting down and abandoning module ContentBrowser (257)
[2018.11.04-00.38.20:340][595]LogModuleManager: Shutting down and abandoning module TreeMap (255)
[2018.11.04-00.38.20:340][595]LogModuleManager: Shutting down and abandoning module LightPropagationVolumeRuntime (252)
[2018.11.04-00.38.20:340][595]LogModuleManager: Shutting down and abandoning module AISupportModule (250)
[2018.11.04-00.38.20:340][595]LogModuleManager: Shutting down and abandoning module Paper2D (248)
[2018.11.04-00.38.20:340][595]LogModuleManager: Shutting down and abandoning module WindowsMoviePlayer (246)
[2018.11.04-00.38.20:340][595]LogModuleManager: Shutting down and abandoning module WmfMedia (244)
[2018.11.04-00.38.20:345][595]LogModuleManager: Shutting down and abandoning module Media (243)
[2018.11.04-00.38.20:354][595]LogModuleManager: Shutting down and abandoning module PacketHandler (240)
[2018.11.04-00.38.20:354][595]LogModuleManager: Shutting down and abandoning module ClothingSystemEditor (238)
[2018.11.04-00.38.20:354][595]LogModuleManager: Shutting down and abandoning module ClothingSystemRuntime (236)
[2018.11.04-00.38.20:354][595]LogModuleManager: Shutting down and abandoning module MediaAssets (234)
[2018.11.04-00.38.20:354][595]LogModuleManager: Shutting down and abandoning module Overlay (232)
[2018.11.04-00.38.20:354][595]LogModuleManager: Shutting down and abandoning module OverlayEditor (231)
[2018.11.04-00.38.20:354][595]LogModuleManager: Shutting down and abandoning module VREditor (228)
[2018.11.04-00.38.20:354][595]LogModuleManager: Shutting down and abandoning module StringTableEditor (226)
[2018.11.04-00.38.20:354][595]LogModuleManager: Shutting down and abandoning module GameplayTasksEditor (224)
[2018.11.04-00.38.20:355][595]LogModuleManager: Shutting down and abandoning module BehaviorTreeEditor (222)
[2018.11.04-00.38.20:355][595]LogModuleManager: Shutting down and abandoning module FunctionalTesting (220)
[2018.11.04-00.38.20:355][595]LogModuleManager: Shutting down and abandoning module CollisionAnalyzer (218)
[2018.11.04-00.38.20:355][595]LogModuleManager: Shutting down and abandoning module WorkspaceMenuStructure (217)
[2018.11.04-00.38.20:355][595]LogModuleManager: Shutting down and abandoning module UMG (214)
[2018.11.04-00.38.20:355][595]LogModuleManager: Shutting down and abandoning module UMGEditor (213)
[2018.11.04-00.38.20:355][595]LogModuleManager: Shutting down and abandoning module Sequencer (212)
[2018.11.04-00.38.20:356][595]LogModuleManager: Shutting down and abandoning module MessageLog (209)
[2018.11.04-00.38.20:356][595]LogModuleManager: Shutting down and abandoning module SlateReflector (204)
[2018.11.04-00.38.20:356][595]LogModuleManager: Shutting down and abandoning module Slate (202)
[2018.11.04-00.38.20:356][595]LogModuleManager: Shutting down and abandoning module EditorStyle (200)
[2018.11.04-00.38.20:362][595]LogModuleManager: Shutting down and abandoning module MRMesh (198)
[2018.11.04-00.38.20:362][595]LogModuleManager: Shutting down and abandoning module SourceCodeAccess (196)
[2018.11.04-00.38.20:362][595]LogModuleManager: Shutting down and abandoning module HeadMountedDisplay (194)
[2018.11.04-00.38.20:362][595]LogModuleManager: Shutting down and abandoning module XAudio2 (192)
[2018.11.04-00.38.20:363][595]LogModuleManager: Shutting down and abandoning module Networking (190)
[2018.11.04-00.38.20:363][595]LogModuleManager: Shutting down and abandoning module Core (188)
[2018.11.04-00.38.20:363][595]LogModuleManager: Shutting down and abandoning module LevelSequence (186)
[2018.11.04-00.38.20:363][595]LogModuleManager: Shutting down and abandoning module KismetCompiler (184)
[2018.11.04-00.38.20:363][595]LogModuleManager: Shutting down and abandoning module MeshUtilities (182)
[2018.11.04-00.38.20:363][595]LogModuleManager: Shutting down and abandoning module MeshMergeUtilities (181)
[2018.11.04-00.38.20:363][595]LogModuleManager: Shutting down and abandoning module MeshReductionInterface (180)
[2018.11.04-00.38.20:363][595]LogModuleManager: Shutting down and abandoning module SimplygonSwarm (179)
[2018.11.04-00.38.20:363][595]LogModuleManager: Shutting down and abandoning module ProxyLODMeshReduction (177)
[2018.11.04-00.38.20:363][595]LogModuleManager: Shutting down and abandoning module SimplygonMeshReduction (175)
[2018.11.04-00.38.20:363][595]LogModuleManager: Shutting down and abandoning module QuadricMeshReduction (173)
[2018.11.04-00.38.20:363][595]LogModuleManager: Shutting down and abandoning module MaterialBaking (169)
[2018.11.04-00.38.20:364][595]LogModuleManager: Shutting down and abandoning module DirectoryWatcher (165)
[2018.11.04-00.38.20:364][595]LogModuleManager: Shutting down and abandoning module DerivedDataCache (162)
[2018.11.04-00.38.20:419][595]LogDerivedDataCache: Shutdown
[2018.11.04-00.38.20:419][595]LogModuleManager: Shutting down and abandoning module XGEController (160)
[2018.11.04-00.38.20:419][595]LogXGEController: Cleaning working directory: C:/Users/mg-lenovo/AppData/Local/Temp/UnrealXGEWorkingDir/
[2018.11.04-00.38.20:420][595]LogModuleManager: Shutting down and abandoning module TargetPlatform (158)
[2018.11.04-00.38.20:420][595]LogModuleManager: Shutting down and abandoning module VulkanShaderFormat (157)
[2018.11.04-00.38.20:420][595]LogModuleManager: Shutting down and abandoning module ShaderFormatVectorVM (155)
[2018.11.04-00.38.20:420][595]LogModuleManager: Shutting down and abandoning module ShaderFormatOpenGL (153)
[2018.11.04-00.38.20:420][595]LogModuleManager: Shutting down and abandoning module ShaderFormatD3D (151)
[2018.11.04-00.38.20:420][595]LogModuleManager: Shutting down and abandoning module MetalShaderFormat (149)
[2018.11.04-00.38.20:420][595]LogModuleManager: Shutting down and abandoning module TextureFormatUncompressed (147)
[2018.11.04-00.38.20:420][595]LogModuleManager: Shutting down and abandoning module TextureFormatPVR (145)
[2018.11.04-00.38.20:420][595]LogModuleManager: Shutting down and abandoning module TextureFormatDXT (143)
[2018.11.04-00.38.20:420][595]LogModuleManager: Shutting down and abandoning module TextureFormatIntelISPCTexComp (141)
[2018.11.04-00.38.20:421][595]LogModuleManager: Shutting down and abandoning module TextureFormatASTC (139)
[2018.11.04-00.38.20:421][595]LogModuleManager: Shutting down and abandoning module ImageWrapper (138)
[2018.11.04-00.38.20:421][595]LogModuleManager: Shutting down and abandoning module TextureFormatAndroid (135)
[2018.11.04-00.38.20:421][595]LogModuleManager: Shutting down and abandoning module AudioFormatOpus (133)
[2018.11.04-00.38.20:421][595]LogModuleManager: Shutting down and abandoning module AudioFormatOgg (131)
[2018.11.04-00.38.20:421][595]LogModuleManager: Shutting down and abandoning module AudioFormatADPCM (129)
[2018.11.04-00.38.20:421][595]LogModuleManager: Shutting down and abandoning module LuminTargetPlatform (127)
[2018.11.04-00.38.20:421][595]LogModuleManager: Shutting down and abandoning module LinuxTargetPlatform (125)
[2018.11.04-00.38.20:421][595]LogModuleManager: Shutting down and abandoning module LinuxServerTargetPlatform (123)
[2018.11.04-00.38.20:421][595]LogModuleManager: Shutting down and abandoning module LinuxNoEditorTargetPlatform (121)
[2018.11.04-00.38.20:421][595]LogModuleManager: Shutting down and abandoning module LinuxClientTargetPlatform (119)
[2018.11.04-00.38.20:421][595]LogModuleManager: Shutting down and abandoning module TVOSTargetPlatform (117)
[2018.11.04-00.38.20:423][595]LogModuleManager: Shutting down and abandoning module Messaging (115)
[2018.11.04-00.38.20:423][595]LogModuleManager: Shutting down and abandoning module IOSTargetPlatform (113)
[2018.11.04-00.38.20:424][595]LogModuleManager: Shutting down and abandoning module HTML5TargetPlatform (111)
[2018.11.04-00.38.20:424][595]LogModuleManager: Shutting down and abandoning module AndroidTargetPlatform (109)
[2018.11.04-00.38.20:437][595]LogModuleManager: Shutting down and abandoning module WindowsTargetPlatform (107)
[2018.11.04-00.38.20:437][595]LogModuleManager: Shutting down and abandoning module WindowsServerTargetPlatform (105)
[2018.11.04-00.38.20:437][595]LogModuleManager: Shutting down and abandoning module WindowsNoEditorTargetPlatform (103)
[2018.11.04-00.38.20:437][595]LogModuleManager: Shutting down and abandoning module WindowsClientTargetPlatform (101)
[2018.11.04-00.38.20:437][595]LogModuleManager: Shutting down and abandoning module MacTargetPlatform (99)
[2018.11.04-00.38.20:437][595]LogModuleManager: Shutting down and abandoning module MacServerTargetPlatform (97)
[2018.11.04-00.38.20:437][595]LogModuleManager: Shutting down and abandoning module MacNoEditorTargetPlatform (95)
[2018.11.04-00.38.20:437][595]LogModuleManager: Shutting down and abandoning module MacClientTargetPlatform (93)
[2018.11.04-00.38.20:437][595]LogModuleManager: Shutting down and abandoning module AllDesktopTargetPlatform (91)
[2018.11.04-00.38.20:437][595]LogModuleManager: Shutting down and abandoning module InputCore (88)
[2018.11.04-00.38.20:437][595]LogModuleManager: Shutting down and abandoning module Settings (86)
[2018.11.04-00.38.20:437][595]LogModuleManager: Shutting down and abandoning module PhysXCooking (84)
[2018.11.04-00.38.20:437][595]LogModuleManager: Shutting down and abandoning module SteamVR (82)
[2018.11.04-00.38.20:437][595]LogModuleManager: Shutting down and abandoning module OculusHMD (80)
[2018.11.04-00.38.20:437][595]LogModuleManager: Shutting down and abandoning module ExampleDeviceProfileSelector (78)
[2018.11.04-00.38.20:437][595]LogModuleManager: Shutting down and abandoning module LauncherChunkInstaller (76)
[2018.11.04-00.38.20:437][595]LogModuleManager: Shutting down and abandoning module OnlineBlueprintSupport (74)
[2018.11.04-00.38.20:438][595]LogModuleManager: Shutting down and abandoning module OnlineSubsystem (70)
[2018.11.04-00.38.20:439][595]LogModuleManager: Shutting down and abandoning module XMPP (65)
[2018.11.04-00.38.20:439][595]LogModuleManager: Shutting down and abandoning module WebSockets (64)
[2018.11.04-00.38.20:446][595]LogModuleManager: Shutting down and abandoning module HTTP (61)
[2018.11.04-00.38.20:446][595]LogHttp: Display: Http module shutting down, but needs to wait on 1 outstanding Http requests:
[2018.11.04-00.38.20:446][595]LogHttp: Display: 	verb=[POST] url=[https://datarouter.ol.epicgames.com/datarouter/api/v1/public/data?SessionID=%7BCC2B26C0-4827-1A27-2F1F-5FAC251EF074%7D&AppID=UEEditor.Rocket.Release&AppVersion=4.20.3-4369336%2B%2B%2BUE4%2BRelease-4.20&UserID=ed59b89a4ffbc480e0ffa6a12f01c482%7Ccc3f9436d5ef46eab972a81d170eca09%7C5e1261bc-e315-43b7-9a6f-becd74040f3c&AppEnvironment=datacollector-binary&UploadType=eteventstream] status=Processing
[2018.11.04-00.38.20:476][595]LogModuleManager: Shutting down and abandoning module SSL (60)
[2018.11.04-00.38.20:479][595]LogModuleManager: Shutting down and abandoning module MagicLeapEmulator (56)
[2018.11.04-00.38.20:479][595]LogModuleManager: Shutting down and abandoning module MagicLeapPrivileges (54)
[2018.11.04-00.38.20:479][595]LogModuleManager: Shutting down and abandoning module MagicLeapIdentity (52)
[2018.11.04-00.38.20:479][595]LogModuleManager: Shutting down and abandoning module MagicLeapHelperVulkan (50)
[2018.11.04-00.38.20:479][595]LogModuleManager: Shutting down and abandoning module MagicLeapHelperOpenGL (48)
[2018.11.04-00.38.20:479][595]LogModuleManager: Shutting down and abandoning module MagicLeapSecureStorage (46)
[2018.11.04-00.38.20:479][595]LogModuleManager: Shutting down and abandoning module MagicLeapGestures (44)
[2018.11.04-00.38.20:479][595]LogModuleManager: Shutting down and abandoning module MagicLeapEyeTracker (42)
[2018.11.04-00.38.20:479][595]LogModuleManager: Shutting down and abandoning module MagicLeapController (40)
[2018.11.04-00.38.20:479][595]LogSlate: Slate User Destroyed.  User Index 0, Is Virtual User: 0
[2018.11.04-00.38.20:479][595]LogModuleManager: Shutting down and abandoning module MagicLeap (38)
[2018.11.04-00.38.20:479][595]LogModuleManager: Shutting down and abandoning module AnimationModifiers (36)
[2018.11.04-00.38.20:479][595]LogModuleManager: Shutting down and abandoning module PropertyEditor (35)
[2018.11.04-00.38.20:479][595]LogModuleManager: Shutting down and abandoning module AudioEditor (32)
[2018.11.04-00.38.20:479][595]LogModuleManager: Shutting down and abandoning module TextureCompressor (30)
[2018.11.04-00.38.20:479][595]LogModuleManager: Shutting down and abandoning module ShaderCore (28)
[2018.11.04-00.38.20:479][595]LogModuleManager: Shutting down and abandoning module Landscape (26)
[2018.11.04-00.38.20:480][595]LogModuleManager: Shutting down and abandoning module SlateRHIRenderer (24)
[2018.11.04-00.38.20:480][595]LogModuleManager: Shutting down and abandoning module OpenGLDrv (22)
[2018.11.04-00.38.20:480][595]LogModuleManager: Shutting down and abandoning module D3D11RHI (20)
[2018.11.04-00.38.20:480][595]LogModuleManager: Shutting down and abandoning module AnimGraphRuntime (18)
[2018.11.04-00.38.20:480][595]LogModuleManager: Shutting down and abandoning module Renderer (16)
[2018.11.04-00.38.20:480][595]LogModuleManager: Shutting down and abandoning module Engine (14)
[2018.11.04-00.38.20:480][595]LogModuleManager: Shutting down and abandoning module CoreUObject (12)
[2018.11.04-00.38.20:480][595]LogModuleManager: Shutting down and abandoning module NetworkFile (10)
[2018.11.04-00.38.20:480][595]LogModuleManager: Shutting down and abandoning module CookedIterativeFile (8)
[2018.11.04-00.38.20:480][595]LogModuleManager: Shutting down and abandoning module StreamingFile (6)
[2018.11.04-00.38.20:480][595]LogModuleManager: Shutting down and abandoning module SandboxFile (4)
[2018.11.04-00.38.20:480][595]LogModuleManager: Shutting down and abandoning module PakFile (2)
[2018.11.04-00.38.20:487][595]LogExit: Exiting.
[2018.11.04-00.38.20:521][595]Log file closed, 11/04/18 03:38:20
