Log file open, 11/04/18 11:55:47
LogWindows: Failed to load 'aqProf.dll' (GetLastError=126)
LogWindows: File 'aqProf.dll' does not exist
LogWindows: Failed to load 'VSPerf140.dll' (GetLastError=126)
LogWindows: File 'VSPerf140.dll' does not exist
LogWindows: Failed to load 'VtuneApi.dll' (GetLastError=126)
LogWindows: File 'VtuneApi.dll' does not exist
LogWindows: Failed to load 'VtuneApi32e.dll' (GetLastError=126)
LogWindows: File 'VtuneApi32e.dll' does not exist
LogInit: Display: Running engine for game: GJ_TeamCarry
LogPlatformFile: Not using cached read wrapper
LogTaskGraph: Started task graph with 5 named threads and 23 total threads with 3 sets of task threads.
LogStats: Stats thread started at 0.296377
LogD3D11RHI: Loaded GFSDK_Aftermath_Lib.x64.dll
LogICUInternationalization: Display: ICU TimeZone Detection - Raw Offset: +2:00, Platform Override: ''
LogPluginManager: Mounting plugin Paper2D
LogPluginManager: Mounting plugin AISupport
LogPluginManager: Mounting plugin LightPropagationVolume
LogPluginManager: Mounting plugin CLionSourceCodeAccess
LogPluginManager: Mounting plugin CodeLiteSourceCodeAccess
LogPluginManager: Mounting plugin GitSourceControl
LogPluginManager: Mounting plugin KDevelopSourceCodeAccess
LogPluginManager: Mounting plugin NullSourceCodeAccess
LogPluginManager: Mounting plugin PerforceSourceControl
LogPluginManager: Mounting plugin SubversionSourceControl
LogPluginManager: Mounting plugin UObjectPlugin
LogPluginManager: Mounting plugin VisualStudioCodeSourceCodeAccess
LogPluginManager: Mounting plugin VisualStudioSourceCodeAccess
LogPluginManager: Mounting plugin XCodeSourceCodeAccess
LogPluginManager: Mounting plugin AssetManagerEditor
LogPluginManager: Mounting plugin CryptoKeys
LogPluginManager: Mounting plugin DataValidation
LogPluginManager: Mounting plugin FacialAnimation
LogPluginManager: Mounting plugin GameplayTagsEditor
LogPluginManager: Mounting plugin MacGraphicsSwitching
LogPluginManager: Mounting plugin MeshEditor
LogPluginManager: Mounting plugin MobileLauncherProfileWizard
LogPluginManager: Mounting plugin PluginBrowser
LogPluginManager: Mounting plugin SpeedTreeImporter
LogPluginManager: Mounting plugin DatasmithContent
LogPluginManager: Mounting plugin AlembicImporter
LogPluginManager: Mounting plugin AppleImageUtils
LogPluginManager: Mounting plugin AppleVision
LogPluginManager: Mounting plugin BackChannel
LogPluginManager: Mounting plugin CharacterAI
LogPluginManager: Mounting plugin GeometryCache
LogPluginManager: Mounting plugin HTML5Networking
LogPluginManager: Mounting plugin ProxyLODPlugin
LogPluginManager: Mounting plugin MagicLeap
LogPluginManager: Mounting plugin MagicLeapEmulator
LogPluginManager: Mounting plugin MagicLeapMedia
LogPluginManager: Mounting plugin AndroidMedia
LogPluginManager: Mounting plugin AvfMedia
LogPluginManager: Mounting plugin ImgMedia
LogPluginManager: Mounting plugin LinearTimecode
LogPluginManager: Mounting plugin MediaCompositing
LogPluginManager: Mounting plugin MediaPlayerEditor
LogPluginManager: Mounting plugin WmfMedia
LogPluginManager: Mounting plugin TcpMessaging
LogPluginManager: Mounting plugin UdpMessaging
LogPluginManager: Mounting plugin ActorSequence
LogPluginManager: Mounting plugin LevelSequenceEditor
LogPluginManager: Mounting plugin MatineeToLevelSequence
LogPluginManager: Mounting plugin NetcodeUnitTest
LogPluginManager: Mounting plugin NUTUnrealEngine4
LogPluginManager: Mounting plugin OnlineSubsystemGooglePlay
LogPluginManager: Mounting plugin OnlineSubsystemIOS
LogPluginManager: Mounting plugin OnlineSubsystem
LogPluginManager: Mounting plugin OnlineSubsystemNull
LogPluginManager: Mounting plugin OnlineSubsystemUtils
LogPluginManager: Mounting plugin LauncherChunkInstaller
LogPluginManager: Mounting plugin AndroidDeviceProfileSelector
LogPluginManager: Mounting plugin AndroidMoviePlayer
LogPluginManager: Mounting plugin AndroidPermission
LogPluginManager: Mounting plugin AppleMoviePlayer
LogPluginManager: Mounting plugin ArchVisCharacter
LogPluginManager: Mounting plugin AudioCapture
LogPluginManager: Mounting plugin CableComponent
LogPluginManager: Mounting plugin CustomMeshComponent
LogPluginManager: Mounting plugin EditableMesh
LogPluginManager: Mounting plugin ExampleDeviceProfileSelector
LogPluginManager: Mounting plugin GoogleCloudMessaging
LogPluginManager: Mounting plugin ImmediatePhysics
LogPluginManager: Mounting plugin IOSDeviceProfileSelector
LogPluginManager: Mounting plugin LinuxDeviceProfileSelector
LogPluginManager: Mounting plugin LocationServicesBPLibrary
LogPluginManager: Mounting plugin MobilePatchingUtils
LogPluginManager: Mounting plugin OculusVR
LogPluginManager: Plugin shader directory ../../../Engine/Plugins/Runtime/Oculus/OculusVR/Shaders found
LogPluginManager: Mapping shader source directory ../../../Engine/Plugins/Runtime/Oculus/OculusVR/Shaders to virtual directory /Plugin/OculusVR
LogPluginManager: Mounting plugin PhysXVehicles
LogPluginManager: Mounting plugin ProceduralMeshComponent
LogPluginManager: Mounting plugin RuntimePhysXCooking
LogPluginManager: Mounting plugin SteamVR
LogPluginManager: Mounting plugin WindowsMoviePlayer
LogStreaming: Display: Took  0.250s to configure plugins.
LogInit: Using libcurl 7.55.1-DEV
LogInit:  - built for x86_64-pc-win32
LogInit:  - supports SSL with OpenSSL/1.0.2h
LogInit:  - supports HTTP deflate (compression) using libz 1.2.8
LogInit:  - other features:
LogInit:      CURL_VERSION_SSL
LogInit:      CURL_VERSION_LIBZ
LogInit:      CURL_VERSION_IPV6
LogInit:      CURL_VERSION_ASYNCHDNS
LogInit:      CURL_VERSION_LARGEFILE
LogInit:      CURL_VERSION_IDN
LogInit:  CurlRequestOptions (configurable via config and command line):
LogInit:  - bVerifyPeer = false  - Libcurl will NOT verify peer certificate
LogInit:  - bUseHttpProxy = false  - Libcurl will NOT use HTTP proxy
LogInit:  - bDontReuseConnections = false  - Libcurl will reuse connections
LogInit:  - CertBundlePath = nullptr  - Libcurl will use whatever was configured at build time.
LogInit:  - MaxHostConnections = 16  - Libcurl will limit the number of connections to a host
LogInit:  - LocalHostAddr = Default
LogInit:  - BufferSize = 65536
LogInit: WinSock: version 1.1 (2.2), MaxSocks=32767, MaxUdp=65467
LogInit: Build: ++UE4+Release-4.20-CL-4369336
LogInit: Engine Version: 4.20.3-4369336+++UE4+Release-4.20
LogInit: Compatible Engine Version: 4.20.0-4212847+++UE4+Release-4.20
LogInit: Net CL: 4212847
LogInit: OS: Windows 10 (), CPU: Intel(R) Core(TM) i7-7700HQ CPU @ 2.80GHz, GPU: NVIDIA GeForce GTX 1070
LogInit: Compiled (64-bit): Sep 17 2018 12:26:19
LogInit: Compiled with Visual C++: 19.13.26129.00
LogInit: Build Configuration: Development
LogInit: Branch Name: ++UE4+Release-4.20
LogInit: Command Line:  
LogInit: Base Directory: C:/Program Files/Epic Games/UE_4.20/Engine/Binaries/Win64/
LogInit: Installed Engine Build: 1
LogDevObjectVersion: Number of dev versions registered: 20
LogDevObjectVersion:   Dev-Blueprints (B0D832E4-1F89-4F0D-ACCF-7EB736FD4AA2): 10
LogDevObjectVersion:   Dev-Build (E1C64328-A22C-4D53-A36C-8E866417BD8C): 0
LogDevObjectVersion:   Dev-Core (375EC13C-06E4-48FB-B500-84F0262A717E): 2
LogDevObjectVersion:   Dev-Editor (E4B068ED-F494-42E9-A231-DA0B2E46BB41): 24
LogDevObjectVersion:   Dev-Framework (CFFC743F-43B0-4480-9391-14DF171D2073): 34
LogDevObjectVersion:   Dev-Mobile (B02B49B5-BB20-44E9-A304-32B752E40360): 2
LogDevObjectVersion:   Dev-Networking (A4E4105C-59A1-49B5-A7C5-40C4547EDFEE): 0
LogDevObjectVersion:   Dev-Online (39C831C9-5AE6-47DC-9A44-9C173E1C8E7C): 0
LogDevObjectVersion:   Dev-Physics (78F01B33-EBEA-4F98-B9B4-84EACCB95AA2): 0
LogDevObjectVersion:   Dev-Platform (6631380F-2D4D-43E0-8009-CF276956A95A): 0
LogDevObjectVersion:   Dev-Rendering (12F88B9F-8875-4AFC-A67C-D90C383ABD29): 26
LogDevObjectVersion:   Dev-Sequencer (7B5AE74C-D270-4C10-A958-57980B212A5A): 9
LogDevObjectVersion:   Dev-VR (D7296918-1DD6-4BDD-9DE2-64A83CC13884): 2
LogDevObjectVersion:   Dev-LoadTimes (C2A15278-BFE7-4AFE-6C17-90FF531DF755): 1
LogDevObjectVersion:   Private-Geometry (6EACA3D4-40EC-4CC1-B786-8BED09428FC5): 3
LogDevObjectVersion:   Dev-AnimPhys (29E575DD-E0A3-4627-9D10-D276232CDCEA): 17
LogDevObjectVersion:   Dev-ReflectionCapture (6B266CEC-1EC7-4B8F-A30B-E4D90942FC07): 1
LogDevObjectVersion:   Dev-Automation (0DF73D61-A23F-47EA-B727-89E90C41499A): 1
LogDevObjectVersion:   FortniteMain (601D1886-AC64-4F84-AA16-D3DE0DEAC7D6): 12
LogDevObjectVersion:   Dev-Enterprise (9DFFBCD6-494F-0158-E221-12823C92A888): 1
LogStreaming: Display: Took  0.010s to delete old logs.
LogInit: Presizing for max 8388607 objects, including 0 objects not considered by GC, pre-allocating 0 bytes for permanent pool.
LogInit: Object subsystem initialized
[2018.11.04-08.55.47:853][  0]LogInit: Selected Device Profile: [Windows]
[2018.11.04-08.55.47:853][  0]LogInit: Applying CVar settings loaded from the selected device profile: [Windows]
[2018.11.04-08.55.47:878][  0]LogHAL: Display: Platform has ~ 16 GB [17136209920 / 17179869184 / 16], which maps to Larger [LargestMinGB=32, LargerMinGB=12, DefaultMinGB=8, SmallerMinGB=6, SmallestMinGB=0)
[2018.11.04-08.55.47:878][  0]LogInit: Setting Device Profile CVar: [[r.Vulkan.UseRealUBs:1]]
[2018.11.04-08.55.47:878][  0]LogInit: Going up to parent DeviceProfile []
[2018.11.04-08.55.47:880][  0]LogInit: Computer: DESKTOP-KQUM2EF
[2018.11.04-08.55.47:880][  0]LogInit: User: Mahir
[2018.11.04-08.55.47:880][  0]LogInit: CPU Page size=4096, Cores=4
[2018.11.04-08.55.47:880][  0]LogInit: High frequency timer resolution =2.742184 MHz
[2018.11.04-08.55.47:880][  0]LogMemory: Memory total: Physical=16.0GB (16GB approx)
[2018.11.04-08.55.47:880][  0]LogMemory: Platform Memory Stats for Windows
[2018.11.04-08.55.47:880][  0]LogMemory: Process Physical Memory: 102.80 MB used, 102.80 MB peak
[2018.11.04-08.55.47:880][  0]LogMemory: Process Virtual Memory: 102.16 MB used, 102.16 MB peak
[2018.11.04-08.55.47:880][  0]LogMemory: Physical Memory: 7348.83 MB used,  8993.54 MB free, 16342.36 MB total
[2018.11.04-08.55.47:880][  0]LogMemory: Virtual Memory: 4656.00 MB used,  8993.54 MB free, 134217728.00 MB total
[2018.11.04-08.55.47:924][  0]LogInit: Using OS detected language (tr-TR).
[2018.11.04-08.55.47:924][  0]LogInit: Using OS detected locale (tr-TR).
[2018.11.04-08.55.47:925][  0]LogTextLocalizationManager: No localization for 'tr-TR' exists, so 'en' will be used for the language.
[2018.11.04-08.55.48:393][  0]LogStreaming: Display: Took  0.469s to InitEngineTextLocalization.
[2018.11.04-08.55.48:394][  0]LogInit: Setting process to per monitor DPI aware
[2018.11.04-08.55.48:440][  0]LogSlate: New Slate User Created.  User Index 0, Is Virtual User: 0
[2018.11.04-08.55.48:440][  0]LogSlate: Slate User Registered.  User Index 0, Is Virtual User: 0
[2018.11.04-08.55.48:732][  0]LogHMD: Failed to initialize OpenVR with code 110
[2018.11.04-08.55.48:732][  0]LogD3D11RHI: D3D11 adapters:
[2018.11.04-08.55.49:022][  0]LogD3D11RHI:    0. 'NVIDIA GeForce GTX 1070' (Feature Level 11_0)
[2018.11.04-08.55.49:022][  0]LogD3D11RHI:       8081/0/8171 MB DedicatedVideo/DedicatedSystem/SharedSystem, Outputs:2, VendorId:0x10de
[2018.11.04-08.55.49:025][  0]LogD3D11RHI:    1. 'Microsoft Basic Render Driver' (Feature Level 11_0)
[2018.11.04-08.55.49:025][  0]LogD3D11RHI:       0/0/8171 MB DedicatedVideo/DedicatedSystem/SharedSystem, Outputs:0, VendorId:0x1414
[2018.11.04-08.55.49:025][  0]LogD3D11RHI: Chosen D3D11 Adapter: 0
[2018.11.04-08.55.49:031][  0]LogD3D11RHI: Creating new Direct3DDevice
[2018.11.04-08.55.49:031][  0]LogD3D11RHI:     GPU DeviceId: 0x1be1 (for the marketing name, search the web for "GPU Device Id")
[2018.11.04-08.55.49:031][  0]LogWindows: EnumDisplayDevices:
[2018.11.04-08.55.49:031][  0]LogWindows:    0. 'NVIDIA GeForce GTX 1070' (P:1 D:1)
[2018.11.04-08.55.49:032][  0]LogWindows:    1. 'NVIDIA GeForce GTX 1070' (P:0 D:1)
[2018.11.04-08.55.49:032][  0]LogWindows:    2. 'NVIDIA GeForce GTX 1070' (P:0 D:0)
[2018.11.04-08.55.49:032][  0]LogWindows:    3. 'NVIDIA GeForce GTX 1070' (P:0 D:0)
[2018.11.04-08.55.49:032][  0]LogWindows: DebugString: FoundDriverCount:4 
[2018.11.04-08.55.49:032][  0]LogD3D11RHI:     Adapter Name: NVIDIA GeForce GTX 1070
[2018.11.04-08.55.49:032][  0]LogD3D11RHI:   Driver Version: 398.82 (internal:24.21.13.9882, unified:398.82)
[2018.11.04-08.55.49:032][  0]LogD3D11RHI:      Driver Date: 7-30-2018
[2018.11.04-08.55.49:032][  0]LogRHI: Texture pool is 5656 MB (70% of 8081 MB)
[2018.11.04-08.55.49:134][  0]LogD3D11RHI: Async texture creation enabled
[2018.11.04-08.55.49:180][  0]LogD3D11RHI: GPU Timing Frequency: 1000.000000 (Debug: 2 2)
[2018.11.04-08.55.49:279][  0]LogShaderCompilers: Guid format shader working directory is -24 characters bigger than the processId version (../../../../../../Users/Mahir/Documents/GitHub/TeamCarry/GJ_TeamCarry/Intermediate/Shaders/WorkingDirectory/14356/).
[2018.11.04-08.55.49:279][  0]LogShaderCompilers: Cleaned the shader compiler working directory 'C:/Users/Mahir/AppData/Local/Temp/UnrealShaderWorkingDir/9A7BED75453D3433AF1DE697D4C32EFE/'.
[2018.11.04-08.55.49:606][  0]LogTemp: Display: Loaded TP AllDesktopTargetPlatform
[2018.11.04-08.55.49:621][  0]LogTemp: Display: Loaded TP MacClientTargetPlatform
[2018.11.04-08.55.49:638][  0]LogTemp: Display: Loaded TP MacNoEditorTargetPlatform
[2018.11.04-08.55.49:651][  0]LogTemp: Display: Loaded TP MacServerTargetPlatform
[2018.11.04-08.55.49:666][  0]LogTemp: Display: Loaded TP MacTargetPlatform
[2018.11.04-08.55.49:681][  0]LogTemp: Display: Loaded TP WindowsClientTargetPlatform
[2018.11.04-08.55.49:695][  0]LogTemp: Display: Loaded TP WindowsNoEditorTargetPlatform
[2018.11.04-08.55.49:710][  0]LogTemp: Display: Loaded TP WindowsServerTargetPlatform
[2018.11.04-08.55.49:718][  0]LogTemp: Display: Loaded TP WindowsTargetPlatform
[2018.11.04-08.55.49:798][  0]LogTemp: Display: Loaded TP AndroidTargetPlatform
[2018.11.04-08.55.49:798][  0]LogTemp: Display: Loaded TP AndroidTargetPlatform
[2018.11.04-08.55.49:798][  0]LogTemp: Display: Loaded TP AndroidTargetPlatform
[2018.11.04-08.55.49:798][  0]LogTemp: Display: Loaded TP AndroidTargetPlatform
[2018.11.04-08.55.49:798][  0]LogTemp: Display: Loaded TP AndroidTargetPlatform
[2018.11.04-08.55.49:798][  0]LogTemp: Display: Loaded TP AndroidTargetPlatform
[2018.11.04-08.55.49:798][  0]LogTemp: Display: Loaded TP AndroidTargetPlatform
[2018.11.04-08.55.49:798][  0]LogTemp: Display: Loaded TP AndroidTargetPlatform
[2018.11.04-08.55.49:798][  0]LogTemp: Display: Loaded TP AndroidTargetPlatform
[2018.11.04-08.55.49:798][  0]LogTemp: Display: Loaded TP AndroidTargetPlatform
[2018.11.04-08.55.49:798][  0]LogTemp: Display: Loaded TP AndroidTargetPlatform
[2018.11.04-08.55.49:798][  0]LogTemp: Display: Loaded TP AndroidTargetPlatform
[2018.11.04-08.55.49:798][  0]LogTemp: Display: Loaded TP AndroidTargetPlatform
[2018.11.04-08.55.49:798][  0]LogTemp: Display: Loaded TP AndroidTargetPlatform
[2018.11.04-08.55.49:798][  0]LogTemp: Display: Loaded TP AndroidTargetPlatform
[2018.11.04-08.55.49:798][  0]LogTemp: Display: Loaded TP AndroidTargetPlatform
[2018.11.04-08.55.49:798][  0]LogTemp: Display: Loaded TP AndroidTargetPlatform
[2018.11.04-08.55.49:798][  0]LogTemp: Display: Loaded TP AndroidTargetPlatform
[2018.11.04-08.55.49:800][  0]LogTemp: Display: Loaded TP HTML5TargetPlatform
[2018.11.04-08.55.49:864][  0]LogTemp: Display: Loaded TP IOSTargetPlatform
[2018.11.04-08.55.49:864][  0]LogTemp: Display: Loaded TP IOSTargetPlatform
[2018.11.04-08.55.49:894][  0]LogTemp: Display: Loaded TP TVOSTargetPlatform
[2018.11.04-08.55.49:894][  0]LogTemp: Display: Loaded TP TVOSTargetPlatform
[2018.11.04-08.55.49:910][  0]LogTemp: Display: Loaded TP LinuxClientTargetPlatform
[2018.11.04-08.55.49:925][  0]LogTemp: Display: Loaded TP LinuxNoEditorTargetPlatform
[2018.11.04-08.55.49:940][  0]LogTemp: Display: Loaded TP LinuxServerTargetPlatform
[2018.11.04-08.55.49:956][  0]LogTemp: Display: Loaded TP LinuxTargetPlatform
[2018.11.04-08.55.49:966][  0]LogTemp: Display: Loaded TP LuminTargetPlatform
[2018.11.04-08.55.49:966][  0]LogTargetPlatformManager: Display: Building Assets For Windows
[2018.11.04-08.55.50:054][  0]LogXGEController: Cannot use XGE Controller as Incredibuild is not installed on this machine.
[2018.11.04-08.55.50:054][  0]LogShaderCompilers: Cannot use XGE Shader Compiler as Incredibuild is not installed on this machine.
[2018.11.04-08.55.50:054][  0]LogShaderCompilers: Display: Using Local Shader Compiler.
[2018.11.04-08.55.50:941][  0]LogDerivedDataCache: Display: Max Cache Size: 512 MB
[2018.11.04-08.55.51:000][  0]LogDerivedDataCache: Loaded boot cache 0.06s 71MB C:/Users/Mahir/AppData/Local/UnrealEngine/4.20/DerivedDataCache/Boot.ddc.
[2018.11.04-08.55.51:000][  0]LogDerivedDataCache: Display: Loaded Boot cache: C:/Users/Mahir/AppData/Local/UnrealEngine/4.20/DerivedDataCache/Boot.ddc
[2018.11.04-08.55.51:000][  0]LogDerivedDataCache: FDerivedDataBackendGraph:  Pak pak cache file ../../../../../../Users/Mahir/Documents/GitHub/TeamCarry/GJ_TeamCarry/DerivedDataCache/DDC.ddp not found, will not use a pak cache.
[2018.11.04-08.55.51:000][  0]LogDerivedDataCache: Unable to find inner node Pak for hierarchical cache Hierarchy.
[2018.11.04-08.55.51:000][  0]LogDerivedDataCache: FDerivedDataBackendGraph:  CompressedPak pak cache file ../../../../../../Users/Mahir/Documents/GitHub/TeamCarry/GJ_TeamCarry/DerivedDataCache/Compressed.ddp not found, will not use a pak cache.
[2018.11.04-08.55.51:001][  0]LogDerivedDataCache: Unable to find inner node CompressedPak for hierarchical cache Hierarchy.
[2018.11.04-08.55.51:013][  0]LogDerivedDataCache: Display: Pak cache opened for reading ../../../Engine/DerivedDataCache/Compressed.ddp.
[2018.11.04-08.55.51:027][  0]LogDerivedDataCache: Using Local data cache path C:/Users/Mahir/AppData/Local/UnrealEngine/Common/DerivedDataCache: Writable
[2018.11.04-08.55.51:027][  0]LogDerivedDataCache: Shared data cache path not found in *engine.ini, will not use an Shared cache.
[2018.11.04-08.55.51:027][  0]LogDerivedDataCache: Unable to find inner node Shared for hierarchical cache Hierarchy.
[2018.11.04-08.55.51:044][  0]LogMaterial: Verifying Global Shaders for PCD3D_SM5
[2018.11.04-08.55.51:046][  0]LogSlate: Using FreeType 2.6.0
[2018.11.04-08.55.51:046][  0]LogSlate: SlateFontServices - WITH_FREETYPE: 1, WITH_HARFBUZZ: 1
[2018.11.04-08.55.51:129][  0]LogAssetRegistry: FAssetRegistry took 0.0264 seconds to start up
[2018.11.04-08.55.51:467][  0]LogInit: Selected Device Profile: [Windows]
[2018.11.04-08.55.51:622][  0]LogSimplygon: Simplygon DLL not present - disabling.
[2018.11.04-08.55.51:627][  0]LogMeshReduction: Using SimplygonSwarm for distributed automatic mesh merging
[2018.11.04-08.55.51:627][  0]LogMeshReduction: Using ProxyLODMeshReduction for automatic mesh merging
[2018.11.04-08.55.51:627][  0]LogMeshReduction: Using QuadricMeshReduction for automatic static mesh reduction
[2018.11.04-08.55.51:627][  0]LogMeshReduction: No automatic skeletal mesh reduction module available
[2018.11.04-08.55.51:652][  0]LogNetVersion: GJ_TeamCarry 1.0.0, NetCL: 4212847, EngineNetVer: 5, GameNetVer: 0 (Checksum: 3632271904)
[2018.11.04-08.55.52:195][  0]LogPackageLocalizationCache: Processed 11 localized package path(s) for 1 prioritized culture(s) in 0.081850 seconds
[2018.11.04-08.55.52:202][  0]LogUObjectArray: 38425 objects as part of root set at end of initial load.
[2018.11.04-08.55.52:202][  0]LogUObjectAllocator: 6690864 out of 0 bytes used by permanent object pool.
[2018.11.04-08.55.52:202][  0]LogUObjectArray: CloseDisregardForGC: 0/0 objects in disregard for GC pool
[2018.11.04-08.55.53:270][  0]LogTcpMessaging: Initializing TcpMessaging bridge
[2018.11.04-08.55.53:283][  0]LogUdpMessaging: Initializing bridge on interface 0.0.0.0:0 to multicast group 230.0.0.1:6666.
[2018.11.04-08.55.53:455][  0]SourceControl: Source control is disabled
[2018.11.04-08.55.53:455][  0]SourceControl: Source control is disabled
[2018.11.04-08.55.53:457][  0]SourceControl: Source control is disabled
[2018.11.04-08.55.53:459][  0]SourceControl: Source control is disabled
[2018.11.04-08.55.53:665][  0]LogAndroidPermission: UAndroidPermissionCallbackProxy::GetInstance
[2018.11.04-08.55.53:762][  0]LogOcInput: OculusInput pre-init called
[2018.11.04-08.55.53:832][  0]LogEngine: Initializing Engine...
[2018.11.04-08.55.53:833][  0]LogHMD: Failed to initialize OpenVR with code 110
[2018.11.04-08.55.53:835][  0]LogStats: UGameplayTagsManager::ConstructGameplayTagTree: ImportINI prefixes -  0.000 s
[2018.11.04-08.55.53:835][  0]LogStats: UGameplayTagsManager::ConstructGameplayTagTree: Construct from data asset -  0.000 s
[2018.11.04-08.55.53:835][  0]LogStats: UGameplayTagsManager::ConstructGameplayTagTree: ImportINI -  0.000 s
[2018.11.04-08.55.53:835][  0]LogStats: UGameplayTagsManager::ConstructGameplayTagTree: GameplayTagTreeChangedEvent.Broadcast -  0.000 s
[2018.11.04-08.55.54:064][  0]LogInit: Initializing FReadOnlyCVARCache
[2018.11.04-08.55.54:085][  0]LogAIModule: Creating AISystem for world Untitled
[2018.11.04-08.55.54:106][  0]LogInit: XAudio2 using 'Kulaklıklar (3- SteelSeries Siberia 150)' : 2 channels at 48 kHz using 16 bits per sample (channel mask 0x3)
[2018.11.04-08.55.54:159][  0]LogInit: FAudioDevice initialized.
[2018.11.04-08.55.54:160][  0]LogNetVersion: Set ProjectVersion to 1.0.0.0. Version Checksum will be recalculated on next use.
[2018.11.04-08.55.54:529][  0]LogDerivedDataCache: Saved boot cache 0.37s 71MB C:/Users/Mahir/AppData/Local/UnrealEngine/4.20/DerivedDataCache/Boot.ddc.
[2018.11.04-08.55.54:533][  0]LogInit: Texture streaming: Enabled
[2018.11.04-08.55.54:555][  0]LogEngineSessionManager: EngineSessionManager initialized
[2018.11.04-08.55.54:575][  0]LogInit: Transaction tracking system initialized
[2018.11.04-08.55.54:606][  0]BlueprintLog: New page: Editor Load
[2018.11.04-08.55.54:719][  0]LocalizationService: Localization service is disabled
[2018.11.04-08.55.55:051][  0]LogCook: Display: Max memory allowance for cook 16384mb min free memory 0mb
[2018.11.04-08.55.55:051][  0]LogCook: Display: Mobile HDR setting 1
[2018.11.04-08.55.55:051][  0]LogGameplayTags: Display: UGameplayTagsManager::DoneAddingNativeTags. DelegateIsBound: 0
[2018.11.04-08.55.55:051][  0]LogStats: UGameplayTagsManager::ConstructGameplayTagTree: ImportINI prefixes -  0.000 s
[2018.11.04-08.55.55:051][  0]LogStats: UGameplayTagsManager::ConstructGameplayTagTree: Construct from data asset -  0.000 s
[2018.11.04-08.55.55:052][  0]LogStats: UGameplayTagsManager::ConstructGameplayTagTree: ImportINI -  0.000 s
[2018.11.04-08.55.55:052][  0]LogStats: UGameplayTagsManager::ConstructGameplayTagTree: GameplayTagTreeChangedEvent.Broadcast -  0.000 s
[2018.11.04-08.55.55:220][  0]LogFileCache: Scanning file cache for directory 'C:/Users/Mahir/Documents/GitHub/TeamCarry/GJ_TeamCarry/Content/' took 0.03s
[2018.11.04-08.55.55:220][  0]SourceControl: Source control is disabled
[2018.11.04-08.55.55:221][  0]Cmd: MAP LOAD FILE="../../../../../../Users/Mahir/Documents/GitHub/TeamCarry/GJ_TeamCarry/Content/FirstPersonBP/Maps/FirstPersonExampleMap.umap" TEMPLATE=0 SHOWPROGRESS=1 FEATURELEVEL=3
[2018.11.04-08.55.55:221][  0]LightingResults: New page: Lighting Build
[2018.11.04-08.55.55:225][  0]MapCheck: New page: Map Check
[2018.11.04-08.55.55:225][  0]LightingResults: New page: Lighting Build
[2018.11.04-08.55.56:102][  0]LogAIModule: Creating AISystem for world FirstPersonExampleMap
[2018.11.04-08.55.56:112][  0]LogEditorServer: Finished looking for orphan Actors (0.000 secs)
[2018.11.04-08.55.56:140][  0]Cmd: MAP CHECKDEP NOCLEARLOG
[2018.11.04-08.55.56:294][  0]MapCheck: Map check complete: 0 Error(s), 0 Warning(s), took 154,662ms to complete.
[2018.11.04-08.55.56:294][  0]LogFileHelpers: Loading map 'FirstPersonExampleMap' took 1.074
[2018.11.04-08.55.56:403][  0]LogCollectionManager: Loaded 0 collections in 0.002778 seconds
[2018.11.04-08.55.56:454][  0]LogFileCache: Scanning file cache for directory 'C:/Users/Mahir/Documents/GitHub/TeamCarry/GJ_TeamCarry/Saved/Collections/' took 0.01s
[2018.11.04-08.55.56:454][  0]LogFileCache: Scanning file cache for directory 'C:/Users/Mahir/Documents/GitHub/TeamCarry/GJ_TeamCarry/Content/Developers/Mahir/Collections/' took 0.01s
[2018.11.04-08.55.56:454][  0]LogFileCache: Scanning file cache for directory 'C:/Users/Mahir/Documents/GitHub/TeamCarry/GJ_TeamCarry/Content/Collections/' took 0.01s
[2018.11.04-08.55.56:454][  0]LogCollectionManager: Rebuilt the GUID cache for 0 collections in 0.000000 seconds
[2018.11.04-08.55.56:462][  0]LogContentBrowser: Native class hierarchy populated in 0.0082 seconds. Added 2572 classes and 603 folders.
[2018.11.04-08.55.56:470][  0]LogContentBrowser: Native class hierarchy updated for 'WidgetCarousel' in 0.0003 seconds. Added 0 classes and 0 folders.
[2018.11.04-08.55.56:534][  0]LogContentBrowser: Native class hierarchy updated for 'AddContentDialog' in 0.0003 seconds. Added 0 classes and 0 folders.
[2018.11.04-08.55.56:552][  0]LogSlate: Updating window title bar state: overlay mode, drag disabled, window buttons hidden, title bar hidden
[2018.11.04-08.55.56:562][  0]LogSlate: Updating window title bar state: overlay mode, drag disabled, window buttons hidden, title bar hidden
[2018.11.04-08.55.56:568][  0]LogSlate: Updating window title bar state: overlay mode, drag disabled, window buttons hidden, title bar hidden
[2018.11.04-08.55.56:575][  0]LogSlate: Updating window title bar state: overlay mode, drag disabled, window buttons hidden, title bar hidden
[2018.11.04-08.55.56:581][  0]LogContentBrowser: Native class hierarchy updated for 'SceneOutliner' in 0.0003 seconds. Added 1 classes and 2 folders.
[2018.11.04-08.55.56:663][  0]LogSlate: Took 0.000273 seconds to synchronously load lazily loaded font '../../../Engine/Content/Slate/Fonts/Roboto-Regular.ttf' (155K)
[2018.11.04-08.55.56:666][  0]LogSlate: Took 0.000236 seconds to synchronously load lazily loaded font '../../../Engine/Content/Slate/Fonts/Roboto-Bold.ttf' (160K)
[2018.11.04-08.55.56:668][  0]LogSlate: Took 0.000275 seconds to synchronously load lazily loaded font '../../../Engine/Content/Editor/Slate/Fonts/FontAwesome.ttf' (139K)
[2018.11.04-08.55.56:755][  0]LogRenderer: Reallocating scene render targets to support 948x924 Format 10 NumSamples 1 (Frame:1).
[2018.11.04-08.55.56:878][  0]LogContentBrowser: Native class hierarchy updated for 'HierarchicalLODOutliner' in 0.0005 seconds. Added 0 classes and 0 folders.
[2018.11.04-08.55.56:878][  0]LogLoad: (Engine Initialization) Total time: 11.56 seconds
[2018.11.04-08.55.56:878][  0]LogLoad: (Engine Initialization) Total Blueprint compile time: 0.00 seconds
[2018.11.04-08.55.56:924][  0]LogContentStreaming: Texture pool size now 1000 MB
[2018.11.04-08.55.56:970][  1]LogAssetRegistry: Asset discovery search completed in 5.8634 seconds
[2018.11.04-08.55.56:971][  1]LogCollectionManager: Rebuilt the object cache for 0 collections in 0.000000 seconds (found 0 objects)
[2018.11.04-08.55.56:971][  1]LogCollectionManager: Fixed up redirectors for 0 collections in 0.000070 seconds (updated 0 objects)
[2018.11.04-08.56.08:103][209]LogSlate: FSceneViewport::OnFocusLost() reason 0
[2018.11.04-08.56.10:733][366]LogSlate: Took 0.000550 seconds to synchronously load lazily loaded font '../../../Engine/Content/Slate/Fonts/Roboto-Light.ttf' (167K)
[2018.11.04-08.56.11:262][366]LogAIModule: Creating AISystem for world Start_level
[2018.11.04-08.56.11:359][366]LogAssetEditorManager: Opening Asset editor for World /Game/Lepricaun/Start_level.Start_level
[2018.11.04-08.56.11:385][366]Cmd: MAP LOAD FILE="../../../../../../Users/Mahir/Documents/GitHub/TeamCarry/GJ_TeamCarry/Content/Lepricaun/Start_level.umap" TEMPLATE=0 SHOWPROGRESS=1 FEATURELEVEL=3
[2018.11.04-08.56.11:386][366]LightingResults: New page: Lighting Build
[2018.11.04-08.56.11:386][366]LoadErrors: New page: Loading map: Start_level.umap
[2018.11.04-08.56.11:387][366]MapCheck: New page: Map Check
[2018.11.04-08.56.11:387][366]LightingResults: New page: Lighting Build
[2018.11.04-08.56.11:701][366]LogEditorServer: Finished looking for orphan Actors (0.000 secs)
[2018.11.04-08.56.11:783][366]Cmd: MAP CHECKDEP NOCLEARLOG
[2018.11.04-08.56.11:994][366]MapCheck: Map check complete: 0 Error(s), 0 Warning(s), took 210,467ms to complete.
[2018.11.04-08.56.11:995][366]LogFileHelpers: Loading map 'Start_level' took 0.610
[2018.11.04-08.56.15:430][509]LogTemp: Repeating last play command: Selected Viewport
[2018.11.04-08.56.15:459][509]LogBlueprintUserMessages: Early PlayInEditor Detection: Level '/Game/Lepricaun/Start_level.Start_level:PersistentLevel' has LevelScriptBlueprint '/Game/Lepricaun/Start_level.Start_level:PersistentLevel.Start_level' with GeneratedClass '/Game/Lepricaun/Start_level.Start_level_C' with ClassGeneratedBy '/Game/Lepricaun/Start_level.Start_level:PersistentLevel.Start_level'
[2018.11.04-08.56.15:459][509]LogPlayLevel: PlayLevel: No blueprints needed recompiling
[2018.11.04-08.56.15:471][509]PIE: New page: PIE session: Start_level (4 Kas 2018 13:56:15)
[2018.11.04-08.56.15:471][509]LogPlayLevel: Creating play world package: /Game/Lepricaun/UEDPIE_0_Start_level
[2018.11.04-08.56.15:519][509]LogPlayLevel: PIE: StaticDuplicateObject took: (0.047469s)
[2018.11.04-08.56.15:520][509]LogAIModule: Creating AISystem for world Start_level
[2018.11.04-08.56.15:521][509]LogPlayLevel: PIE: World Init took: (0.001003s)
[2018.11.04-08.56.15:521][509]LogPlayLevel: PIE: Created PIE world by copying editor world from /Game/Lepricaun/Start_level.Start_level to /Game/Lepricaun/UEDPIE_0_Start_level.Start_level (0.048677s)
[2018.11.04-08.56.15:562][509]LogInit: XAudio2 using 'Kulaklıklar (3- SteelSeries Siberia 150)' : 2 channels at 48 kHz using 16 bits per sample (channel mask 0x3)
[2018.11.04-08.56.15:599][509]LogInit: FAudioDevice initialized.
[2018.11.04-08.56.15:717][509]LogLoad: Game class is 'FirstPersonGameMode_C'
[2018.11.04-08.56.15:741][509]LogWorld: Bringing World /Game/Lepricaun/UEDPIE_0_Start_level.Start_level up for play (max tick rate 60) at 2018.11.04-11.56.15
[2018.11.04-08.56.15:744][509]LogWorld: Bringing up level for play took: 0.025541
[2018.11.04-08.56.15:762][509]LogContentBrowser: Native class hierarchy updated for 'MovieSceneCapture' in 0.0003 seconds. Added 10 classes and 0 folders.
[2018.11.04-08.56.15:765][509]PIE: Play in editor start time for /Game/Lepricaun/UEDPIE_0_Start_level 0,733
[2018.11.04-08.56.15:765][509]LogBlueprintUserMessages: Late PlayInEditor Detection: Level '/Game/Lepricaun/Start_level.Start_level:PersistentLevel' has LevelScriptBlueprint '/Game/Lepricaun/Start_level.Start_level:PersistentLevel.Start_level' with GeneratedClass '/Game/Lepricaun/Start_level.Start_level_C' with ClassGeneratedBy '/Game/Lepricaun/Start_level.Start_level:PersistentLevel.Start_level'
[2018.11.04-08.56.15:846][510]LogCharacterMovement: Warning: GetSimulationTimeStep() - Max iterations 8 hit while remaining time 0.067603 > MaxSimulationTimeStep (0.050) for 'FirstPersonCharacter_C_0', movement 'Walking'
[2018.11.04-08.56.28:281][ 84]LogBlueprintUserMessages: Early EndPlayMap Detection: Level '/Game/Lepricaun/Start_level.Start_level:PersistentLevel' has LevelScriptBlueprint '/Game/Lepricaun/Start_level.Start_level:PersistentLevel.Start_level' with GeneratedClass '/Game/Lepricaun/Start_level.Start_level_C' with ClassGeneratedBy '/Game/Lepricaun/Start_level.Start_level:PersistentLevel.Start_level'
[2018.11.04-08.56.28:282][ 84]LogSlate: Updating window title bar state: overlay mode, drag disabled, window buttons hidden, title bar hidden
[2018.11.04-08.56.28:337][ 84]LogPlayLevel: Display: Shutting down PIE online subsystems
[2018.11.04-08.56.28:337][ 84]LogBlueprintUserMessages: Late EndPlayMap Detection: Level '/Game/Lepricaun/Start_level.Start_level:PersistentLevel' has LevelScriptBlueprint '/Game/Lepricaun/Start_level.Start_level:PersistentLevel.Start_level' with GeneratedClass '/Game/Lepricaun/Start_level.Start_level_C' with ClassGeneratedBy '/Game/Lepricaun/Start_level.Start_level:PersistentLevel.Start_level'
[2018.11.04-08.56.28:362][ 84]LogSlate: Updating window title bar state: overlay mode, drag disabled, window buttons hidden, title bar hidden
[2018.11.04-08.56.28:402][ 85]LogPlayLevel: Display: Destroying online subsystem :Context_1
[2018.11.04-08.56.30:197][174]LogEditorViewport: Clicking on Actor (LMB): Siper_Consturct_C (Siper_Consturct4)
[2018.11.04-08.56.32:191][282]LogSlate: Took 0.000317 seconds to synchronously load lazily loaded font '../../../Engine/Content/Slate/Fonts/Roboto-Italic.ttf' (157K)
[2018.11.04-08.56.32:425][296]LogSlate: FSceneViewport::OnFocusLost() reason 0
[2018.11.04-08.56.37:920][574]LogEditorViewport: Clicking on Actor (LMB): Landscape (Landscape)
[2018.11.04-08.56.38:606][611]Cmd: SELECT NONE
[2018.11.04-08.56.40:691][717]LogEditorViewport: Clicking on Actor (LMB): Tree_Location_Finder_C (Tree_Location_Finder2)
[2018.11.04-08.56.42:110][789]LogSlate: FSceneViewport::OnFocusLost() reason 0
[2018.11.04-08.56.44:245][895]Cmd: SELECT NONE
[2018.11.04-08.56.48:092][ 37]LogEditorViewport: Clicking on Actor (LMB): BP_fire_C (BP_fire6)
[2018.11.04-08.56.49:624][ 85]Cmd: SELECT NONE
[2018.11.04-08.56.50:141][108]LogEditorViewport: Clicking on Actor (LMB): BP_fire_C (BP_fire6)
[2018.11.04-08.56.51:056][144]LogSlate: FSceneViewport::OnFocusLost() reason 2
[2018.11.04-08.56.52:156][192]LogSlate: FSceneViewport::OnFocusLost() reason 2
[2018.11.04-08.56.52:159][192]LogAssetEditorManager: Opening Asset editor for Blueprint /Game/All_Elements/Props/BP_fire.BP_fire
[2018.11.04-08.56.52:665][192]LogContentBrowser: Native class hierarchy updated for 'BlueprintGraph' in 0.0006 seconds. Added 116 classes and 0 folders.
[2018.11.04-08.56.53:474][192]LogSlate: Took 0.000371 seconds to synchronously load lazily loaded font '../../../Engine/Content/Slate/Fonts/Roboto-BoldCondensed.ttf' (158K)
[2018.11.04-08.56.58:146][349]LogSlate: Warning: WidgetMapToItem length (5) does not match ItemsWithGeneratedWidgets length (6). This is often because the same item is in the list more than once in SSCSTreeType [SSCSEditor.cpp(3450)]. Diagnostics follow.
[2018.11.04-08.56.58:146][349]LogSlate: Warning: 
[2018.11.04-08.56.58:146][349]LogSlate: Warning: ItemToWidgetMap :
[2018.11.04-08.56.58:146][349]LogSlate: Warning: 0x136cda80 -> 0x93850818 @ SSCS_RowWidget_ActorRoot [SSCSEditor.cpp(3793)]
[2018.11.04-08.56.58:146][349]LogSlate: Warning: 0x138d72e0 -> 0x93885618 @ SSCS_RowWidget_Separator [SSCSEditor.cpp(3797)]
[2018.11.04-08.56.58:146][349]LogSlate: Warning: 0x136cda00 -> 0x93884f18 @ SSCS_RowWidget [SSCSEditor.cpp(3800)]
[2018.11.04-08.56.58:146][349]LogSlate: Warning: 0x136cd980 -> 0x938f9d18 @ SSCS_RowWidget [SSCSEditor.cpp(3800)]
[2018.11.04-08.56.58:146][349]LogSlate: Warning: 0x136cd900 -> 0xce8b1d18 @ SSCS_RowWidget [SSCSEditor.cpp(3800)]
[2018.11.04-08.56.58:146][349]LogSlate: Warning: 
[2018.11.04-08.56.58:146][349]LogSlate: Warning: WidgetMapToItem:
[2018.11.04-08.56.58:146][349]LogSlate: Warning: 0x93850810 -> 0x136cda80
[2018.11.04-08.56.58:146][349]LogSlate: Warning: 0x93885610 -> 0x138d72e0
[2018.11.04-08.56.58:146][349]LogSlate: Warning: 0x93884f10 -> 0x136cda00
[2018.11.04-08.56.58:146][349]LogSlate: Warning: 0x938f9d10 -> 0x136cd980
[2018.11.04-08.56.58:146][349]LogSlate: Warning: 0xce8b1d10 -> 0x136cd900
[2018.11.04-08.56.58:146][349]LogSlate: Warning: 
[2018.11.04-08.56.58:146][349]LogSlate: Warning: ItemsWithGeneratedWidgets:
[2018.11.04-08.56.58:146][349]LogSlate: Warning: [0] 0x136cda80
[2018.11.04-08.56.58:146][349]LogSlate: Warning: [1] 0x138d72e0
[2018.11.04-08.56.58:146][349]LogSlate: Warning: [2] 0x136cda00
[2018.11.04-08.56.58:146][349]LogSlate: Warning: [3] 0x136cd980
[2018.11.04-08.56.58:147][349]LogSlate: Warning: [4] 0x136cd900
[2018.11.04-08.56.58:147][349]LogSlate: Warning: [5] 0x136cd900
[2018.11.04-08.56.58:147][349]LogSCSEditor: ---------------------
[2018.11.04-08.56.58:147][349]LogSCSEditor:  STreeView NODE DUMP
[2018.11.04-08.56.58:147][349]LogSCSEditor: ---------------------
[2018.11.04-08.56.58:150][349]LogSCSEditor:  [BLUEPRINT] BP_fire (self)
[2018.11.04-08.56.58:150][349]LogSCSEditor:  |
[2018.11.04-08.56.58:150][349]LogSCSEditor:  [SEPARATOR]
[2018.11.04-08.56.58:150][349]LogSCSEditor:  |
[2018.11.04-08.56.58:150][349]LogSCSEditor:  DefaultSceneRoot
[2018.11.04-08.56.58:150][349]LogSCSEditor:  |
[2018.11.04-08.56.58:150][349]LogSCSEditor:  +- varil_Cylinder
[2018.11.04-08.56.58:150][349]LogSCSEditor:     |
[2018.11.04-08.56.58:150][349]LogSCSEditor:  |  +- ChildActor
[2018.11.04-08.56.58:150][349]LogSCSEditor:  |  
[2018.11.04-08.56.58:150][349]LogSCSEditor:  +- ChildActor
[2018.11.04-08.56.58:150][349]LogSCSEditor: --------(end)--------
[2018.11.04-08.56.58:150][349]LogWindows: Windows GetLastError: İşlem başarıyla tamamlandı. (0)
[2018.11.04-08.57.07:935][349]LogWindows: Error: === Critical error: ===
[2018.11.04-08.57.07:935][349]LogWindows: Error: 
[2018.11.04-08.57.07:935][349]LogWindows: Error: Assertion failed: false [File:D:\Build\++UE4\Sync\Engine\Source\Runtime\Slate\Public\Widgets/Views/SListView.h] [Line: 617] 
[2018.11.04-08.57.07:936][349]LogWindows: Error: SSCSTreeType [SSCSEditor.cpp(3450)] detected a critical error. See diagnostic dump above. Provide a custom 'OnItemToString_Debug' for more detailed diagnostics.
[2018.11.04-08.57.07:936][349]LogWindows: Error: 
[2018.11.04-08.57.07:936][349]LogWindows: Error: 
[2018.11.04-08.57.07:936][349]LogWindows: Error: [Callstack] 0x00007ff9316fa388 KERNELBASE.dll!UnknownFunction []
[2018.11.04-08.57.07:936][349]LogWindows: Error: [Callstack] 0x00007ff912e36850 UE4Editor-ApplicationCore.dll!UnknownFunction []
[2018.11.04-08.57.07:936][349]LogWindows: Error: [Callstack] 0x00007ff8e9bb62fc UE4Editor-Core.dll!UnknownFunction []
[2018.11.04-08.57.07:936][349]LogWindows: Error: [Callstack] 0x00007ff8e9b451db UE4Editor-Core.dll!UnknownFunction []
[2018.11.04-08.57.07:936][349]LogWindows: Error: [Callstack] 0x00007ff8e61d81d0 UE4Editor-Kismet.dll!UnknownFunction []
[2018.11.04-08.57.07:936][349]LogWindows: Error: [Callstack] 0x00007ff8e61c1dec UE4Editor-Kismet.dll!UnknownFunction []
[2018.11.04-08.57.07:936][349]LogWindows: Error: [Callstack] 0x00007ff8e970fa4a UE4Editor-Slate.dll!UnknownFunction []
[2018.11.04-08.57.07:936][349]LogWindows: Error: [Callstack] 0x00007ff8e61d0c81 UE4Editor-Kismet.dll!UnknownFunction []
[2018.11.04-08.57.07:936][349]LogWindows: Error: [Callstack] 0x00007ff909c2de9d UE4Editor-SlateCore.dll!UnknownFunction []
[2018.11.04-08.57.07:936][349]LogWindows: Error: [Callstack] 0x00007ff909c2c289 UE4Editor-SlateCore.dll!UnknownFunction []
[2018.11.04-08.57.07:936][349]LogWindows: Error: [Callstack] 0x00007ff8e96cefcd UE4Editor-Slate.dll!UnknownFunction []
[2018.11.04-08.57.07:936][349]LogWindows: Error: [Callstack] 0x00007ff909c2e063 UE4Editor-SlateCore.dll!UnknownFunction []
[2018.11.04-08.57.07:936][349]LogWindows: Error: [Callstack] 0x00007ff909c2ec31 UE4Editor-SlateCore.dll!UnknownFunction []
[2018.11.04-08.57.07:936][349]LogWindows: Error: [Callstack] 0x00007ff909c2ca04 UE4Editor-SlateCore.dll!UnknownFunction []
[2018.11.04-08.57.07:936][349]LogWindows: Error: [Callstack] 0x00007ff909c2e063 UE4Editor-SlateCore.dll!UnknownFunction []
[2018.11.04-08.57.07:936][349]LogWindows: Error: [Callstack] 0x00007ff909c2ec31 UE4Editor-SlateCore.dll!UnknownFunction []
[2018.11.04-08.57.07:936][349]LogWindows: Error: [Callstack] 0x00007ff909c2ca04 UE4Editor-SlateCore.dll!UnknownFunction []
[2018.11.04-08.57.07:936][349]LogWindows: Error: [Callstack] 0x00007ff909c2e063 UE4Editor-SlateCore.dll!UnknownFunction []
[2018.11.04-08.57.07:936][349]LogWindows: Error: [Callstack] 0x00007ff909c2c289 UE4Editor-SlateCore.dll!UnknownFunction []
[2018.11.04-08.57.07:936][349]LogWindows: Error: [Callstack] 0x00007ff909c2e063 UE4Editor-SlateCore.dll!UnknownFunction []
[2018.11.04-08.57.07:936][349]LogWindows: Error: [Callstack] 0x00007ff909c2c289 UE4Editor-SlateCore.dll!UnknownFunction []
[2018.11.04-08.57.07:936][349]LogWindows: Error: [Callstack] 0x00007ff8e96cefcd UE4Editor-Slate.dll!UnknownFunction []
[2018.11.04-08.57.07:936][349]LogWindows: Error: [Callstack] 0x00007ff909c2e063 UE4Editor-SlateCore.dll!UnknownFunction []
[2018.11.04-08.57.07:936][349]LogWindows: Error: [Callstack] 0x00007ff909c2c8a6 UE4Editor-SlateCore.dll!UnknownFunction []
[2018.11.04-08.57.07:936][349]LogWindows: Error: [Callstack] 0x00007ff909c2e063 UE4Editor-SlateCore.dll!UnknownFunction []
[2018.11.04-08.57.07:936][349]LogWindows: Error: [Callstack] 0x00007ff909c2ec31 UE4Editor-SlateCore.dll!UnknownFunction []
[2018.11.04-08.57.07:936][349]LogWindows: Error: [Callstack] 0x00007ff909c2ca04 UE4Editor-SlateCore.dll!UnknownFunction []
[2018.11.04-08.57.07:936][349]LogWindows: Error: [Callstack] 0x00007ff909c2e063 UE4Editor-SlateCore.dll!UnknownFunction []
[2018.11.04-08.57.07:936][349]LogWindows: Error: [Callstack] 0x00007ff909c2c289 UE4Editor-SlateCore.dll!UnknownFunction []
[2018.11.04-08.57.07:936][349]LogWindows: Error: [Callstack] 0x00007ff909c2e063 UE4Editor-SlateCore.dll!UnknownFunction []
[2018.11.04-08.57.07:936][349]LogWindows: Error: [Callstack] 0x00007ff909c2ec31 UE4Editor-SlateCore.dll!UnknownFunction []
[2018.11.04-08.57.07:936][349]LogWindows: Error: [Callstack] 0x00007ff8e96d438e UE4Editor-Slate.dll!UnknownFunction []
[2018.11.04-08.57.07:936][349]LogWindows: Error: [Callstack] 0x00007ff909c2e063 UE4Editor-SlateCore.dll!UnknownFunction []
[2018.11.04-08.57.07:936][349]LogWindows: Error: [Callstack] 0x00007ff909c2c289 UE4Editor-SlateCore.dll!UnknownFunction []
[2018.11.04-08.57.07:936][349]LogWindows: Error: [Callstack] 0x00007ff909c2e063 UE4Editor-SlateCore.dll!UnknownFunction []
[2018.11.04-08.57.07:936][349]LogWindows: Error: [Callstack] 0x00007ff909c2ec31 UE4Editor-SlateCore.dll!UnknownFunction []
[2018.11.04-08.57.07:936][349]LogWindows: Error: [Callstack] 0x00007ff8e96d438e UE4Editor-Slate.dll!UnknownFunction []
[2018.11.04-08.57.07:936][349]LogWindows: Error: [Callstack] 0x00007ff909c2e063 UE4Editor-SlateCore.dll!UnknownFunction []
[2018.11.04-08.57.07:936][349]LogWindows: Error: [Callstack] 0x00007ff909c2c8a6 UE4Editor-SlateCore.dll!UnknownFunction []
[2018.11.04-08.57.07:936][349]LogWindows: Error: [Callstack] 0x00007ff909c2e063 UE4Editor-SlateCore.dll!UnknownFunction []
[2018.11.04-08.57.07:936][349]LogWindows: Error: [Callstack] 0x00007ff909c2c289 UE4Editor-SlateCore.dll!UnknownFunction []
[2018.11.04-08.57.07:936][349]LogWindows: Error: [Callstack] 0x00007ff909c2e063 UE4Editor-SlateCore.dll!UnknownFunction []
[2018.11.04-08.57.07:936][349]LogWindows: Error: [Callstack] 0x00007ff909c2ec31 UE4Editor-SlateCore.dll!UnknownFunction []
[2018.11.04-08.57.07:936][349]LogWindows: Error: [Callstack] 0x00007ff909c2ca04 UE4Editor-SlateCore.dll!UnknownFunction []
[2018.11.04-08.57.07:936][349]LogWindows: Error: [Callstack] 0x00007ff909c2e063 UE4Editor-SlateCore.dll!UnknownFunction []
[2018.11.04-08.57.07:936][349]LogWindows: Error: [Callstack] 0x00007ff909c2c289 UE4Editor-SlateCore.dll!UnknownFunction []
[2018.11.04-08.57.07:936][349]LogWindows: Error: [Callstack] 0x00007ff909c2e063 UE4Editor-SlateCore.dll!UnknownFunction []
[2018.11.04-08.57.07:936][349]LogWindows: Error: [Callstack] 0x00007ff909c2c289 UE4Editor-SlateCore.dll!UnknownFunction []
[2018.11.04-08.57.07:936][349]LogWindows: Error: [Callstack] 0x00007ff8e96cefcd UE4Editor-Slate.dll!UnknownFunction []
[2018.11.04-08.57.07:936][349]LogWindows: Error: [Callstack] 0x00007ff909c2e063 UE4Editor-SlateCore.dll!UnknownFunction []
[2018.11.04-08.57.07:936][349]LogWindows: Error: [Callstack] 0x00007ff909c2c8a6 UE4Editor-SlateCore.dll!UnknownFunction []
[2018.11.04-08.57.07:936][349]LogWindows: Error: [Callstack] 0x00007ff909c2e063 UE4Editor-SlateCore.dll!UnknownFunction []
[2018.11.04-08.57.07:936][349]LogWindows: Error: [Callstack] 0x00007ff909c2ec31 UE4Editor-SlateCore.dll!UnknownFunction []
[2018.11.04-08.57.07:936][349]LogWindows: Error: [Callstack] 0x00007ff909c2ca04 UE4Editor-SlateCore.dll!UnknownFunction []
[2018.11.04-08.57.07:936][349]LogWindows: Error: [Callstack] 0x00007ff909c2e063 UE4Editor-SlateCore.dll!UnknownFunction []
[2018.11.04-08.57.07:936][349]LogWindows: Error: [Callstack] 0x00007ff909c2c289 UE4Editor-SlateCore.dll!UnknownFunction []
[2018.11.04-08.57.07:936][349]LogWindows: Error: [Callstack] 0x00007ff909c2e063 UE4Editor-SlateCore.dll!UnknownFunction []
[2018.11.04-08.57.07:936][349]LogWindows: Error: [Callstack] 0x00007ff909c2ec31 UE4Editor-SlateCore.dll!UnknownFunction []
[2018.11.04-08.57.07:936][349]LogWindows: Error: [Callstack] 0x00007ff8e96d438e UE4Editor-Slate.dll!UnknownFunction []
[2018.11.04-08.57.07:936][349]LogWindows: Error: [Callstack] 0x00007ff909c2e063 UE4Editor-SlateCore.dll!UnknownFunction []
[2018.11.04-08.57.07:936][349]LogWindows: Error: [Callstack] 0x00007ff909c2c8a6 UE4Editor-SlateCore.dll!UnknownFunction []
[2018.11.04-08.57.07:936][349]LogWindows: Error: [Callstack] 0x00007ff909c2e063 UE4Editor-SlateCore.dll!UnknownFunction []
[2018.11.04-08.57.07:936][349]LogWindows: Error: [Callstack] 0x00007ff909c2c289 UE4Editor-SlateCore.dll!UnknownFunction []
[2018.11.04-08.57.07:936][349]LogWindows: Error: [Callstack] 0x00007ff909c2e063 UE4Editor-SlateCore.dll!UnknownFunction []
[2018.11.04-08.57.07:936][349]LogWindows: Error: [Callstack] 0x00007ff909c2ec31 UE4Editor-SlateCore.dll!UnknownFunction []
[2018.11.04-08.57.07:936][349]LogWindows: Error: [Callstack] 0x00007ff909c2ca04 UE4Editor-SlateCore.dll!UnknownFunction []
[2018.11.04-08.57.07:936][349]LogWindows: Error: [Callstack] 0x00007ff909c2e063 UE4Editor-SlateCore.dll!UnknownFunction []
[2018.11.04-08.57.07:937][349]LogWindows: Error: [Callstack] 0x00007ff909c2ec31 UE4Editor-SlateCore.dll!UnknownFunction []
[2018.11.04-08.57.07:937][349]LogWindows: Error: [Callstack] 0x00007ff909c2ca04 UE4Editor-SlateCore.dll!UnknownFunction []
[2018.11.04-08.57.07:937][349]LogWindows: Error: [Callstack] 0x00007ff909c2e063 UE4Editor-SlateCore.dll!UnknownFunction []
[2018.11.04-08.57.07:937][349]LogWindows: Error: [Callstack] 0x00007ff909c2c8a6 UE4Editor-SlateCore.dll!UnknownFunction []
[2018.11.04-08.57.07:937][349]LogWindows: Error: [Callstack] 0x00007ff909c2e063 UE4Editor-SlateCore.dll!UnknownFunction []
[2018.11.04-08.57.07:937][349]LogWindows: Error: [Callstack] 0x00007ff909c2c289 UE4Editor-SlateCore.dll!UnknownFunction []
[2018.11.04-08.57.07:937][349]LogWindows: Error: [Callstack] 0x00007ff909c2caaa UE4Editor-SlateCore.dll!UnknownFunction []
[2018.11.04-08.57.07:937][349]LogWindows: Error: [Callstack] 0x00007ff909c2e063 UE4Editor-SlateCore.dll!UnknownFunction []
[2018.11.04-08.57.07:937][349]LogWindows: Error: [Callstack] 0x00007ff8e946d5bc UE4Editor-Slate.dll!UnknownFunction []
[2018.11.04-08.57.07:937][349]LogWindows: Error: [Callstack] 0x00007ff8e946e709 UE4Editor-Slate.dll!UnknownFunction []
[2018.11.04-08.57.07:937][349]LogWindows: Error: [Callstack] 0x00007ff8e94a3783 UE4Editor-Slate.dll!UnknownFunction []
[2018.11.04-08.57.07:937][349]LogWindows: Error: [Callstack] 0x00007ff8e946e7cf UE4Editor-Slate.dll!UnknownFunction []
[2018.11.04-08.57.07:937][349]LogWindows: Error: [Callstack] 0x00007ff8e94cf010 UE4Editor-Slate.dll!UnknownFunction []
[2018.11.04-08.57.07:937][349]LogWindows: Error: [Callstack] 0x00007ff8e94cdd17 UE4Editor-Slate.dll!UnknownFunction []
[2018.11.04-08.57.07:937][349]LogWindows: Error: [Callstack] 0x00007ff729c16aa7 UE4Editor.exe!UnknownFunction []
[2018.11.04-08.57.07:937][349]LogWindows: Error: [Callstack] 0x00007ff729c25b3c UE4Editor.exe!UnknownFunction []
[2018.11.04-08.57.07:937][349]LogWindows: Error: [Callstack] 0x00007ff729c25bba UE4Editor.exe!UnknownFunction []
[2018.11.04-08.57.07:937][349]LogWindows: Error: [Callstack] 0x00007ff729c33dac UE4Editor.exe!UnknownFunction []
[2018.11.04-08.57.07:937][349]LogWindows: Error: [Callstack] 0x00007ff729c35aaa UE4Editor.exe!UnknownFunction []
[2018.11.04-08.57.07:937][349]LogWindows: Error: [Callstack] 0x00007ff932cb3034 KERNEL32.DLL!UnknownFunction []
[2018.11.04-08.57.07:937][349]LogWindows: Error: [Callstack] 0x00007ff934601461 ntdll.dll!UnknownFunction []
[2018.11.04-08.57.07:937][349]LogWindows: Error: 
[2018.11.04-08.57.07:963][349]LogExit: Executing StaticShutdownAfterError
[2018.11.04-08.57.07:972][349]LogWindows: FPlatformMisc::RequestExit(1)
[2018.11.04-08.57.07:981][349]Log file closed, 11/04/18 11:57:07
